[0.101s] DEBUG:colcon:Command line arguments: ['/usr/bin/colcon', 'list', '-p', '--base-paths', '/home/rishi/turtlebot3_ws']
[0.101s] DEBUG:colcon:Parsed command line arguments: Namespace(log_base=None, log_level=None, verb_name='list', build_base='build', ignore_user_meta=False, metas=['./colcon.meta'], base_paths=['/home/rishi/turtlebot3_ws'], packages_ignore=None, packages_ignore_regex=None, paths=None, packages_up_to=None, packages_up_to_regex=None, packages_above=None, packages_above_and_dependencies=None, packages_above_depth=None, packages_select_by_dep=None, packages_skip_by_dep=None, packages_skip_up_to=None, packages_select_build_failed=False, packages_skip_build_finished=False, packages_select_test_failures=False, packages_skip_test_passed=False, packages_select=None, packages_skip=None, packages_select_regex=None, packages_skip_regex=None, packages_start=None, packages_end=None, allow_overriding=[], topological_order=False, names_only=False, paths_only=True, topological_graph=False, topological_graph_dot=False, topological_graph_density=False, topological_graph_legend=False, topological_graph_dot_cluster=False, topological_graph_dot_include_skipped=False, mixin_files=None, mixin=None, verb_parser=<colcon_mixin.mixin.mixin_argument.MixinArgumentDecorator object at 0x79e41a05a080>, verb_extension=<colcon_package_information.verb.list.ListVerb object at 0x79e41a1de7d0>, main=<bound method ListVerb.main of <colcon_package_information.verb.list.ListVerb object at 0x79e41a1de7d0>>, mixin_verb=('list',))
[0.344s] Level 1:colcon.colcon_core.package_discovery:discover_packages(colcon_meta) check parameters
[0.344s] Level 1:colcon.colcon_core.package_discovery:discover_packages(recursive) check parameters
[0.344s] Level 1:colcon.colcon_core.package_discovery:discover_packages(ignore) check parameters
[0.344s] Level 1:colcon.colcon_core.package_discovery:discover_packages(path) check parameters
[0.344s] Level 1:colcon.colcon_core.package_discovery:discover_packages(recursive) discover
[0.345s] INFO:colcon.colcon_core.package_discovery:Crawling recursively for packages in '/home/rishi/turtlebot3_ws'
[0.345s] Level 1:colcon.colcon_core.package_identification:_identify(/home/rishi/turtlebot3_ws) by extensions ['ignore', 'ignore_ament_install']
[0.345s] Level 1:colcon.colcon_core.package_identification:_identify(/home/rishi/turtlebot3_ws) by extension 'ignore'
[0.345s] Level 1:colcon.colcon_core.package_identification:_identify(/home/rishi/turtlebot3_ws) by extension 'ignore_ament_install'
[0.345s] Level 1:colcon.colcon_core.package_identification:_identify(/home/rishi/turtlebot3_ws) by extensions ['colcon_pkg']
[0.345s] Level 1:colcon.colcon_core.package_identification:_identify(/home/rishi/turtlebot3_ws) by extension 'colcon_pkg'
[0.345s] Level 1:colcon.colcon_core.package_identification:_identify(/home/rishi/turtlebot3_ws) by extensions ['colcon_meta']
[0.345s] Level 1:colcon.colcon_core.package_identification:_identify(/home/rishi/turtlebot3_ws) by extension 'colcon_meta'
[0.345s] Level 1:colcon.colcon_core.package_identification:_identify(/home/rishi/turtlebot3_ws) by extensions ['ros']
[0.345s] Level 1:colcon.colcon_core.package_identification:_identify(/home/rishi/turtlebot3_ws) by extension 'ros'
[0.359s] Level 1:colcon.colcon_core.package_identification:_identify(/home/rishi/turtlebot3_ws) by extensions ['cmake', 'python']
[0.359s] Level 1:colcon.colcon_core.package_identification:_identify(/home/rishi/turtlebot3_ws) by extension 'cmake'
[0.359s] Level 1:colcon.colcon_core.package_identification:_identify(/home/rishi/turtlebot3_ws) by extension 'python'
[0.359s] Level 1:colcon.colcon_core.package_identification:_identify(/home/rishi/turtlebot3_ws) by extensions ['python_setup_py']
[0.359s] Level 1:colcon.colcon_core.package_identification:_identify(/home/rishi/turtlebot3_ws) by extension 'python_setup_py'
[0.360s] Level 1:colcon.colcon_core.package_identification:_identify(/home/rishi/turtlebot3_ws/build) by extensions ['ignore', 'ignore_ament_install']
[0.360s] Level 1:colcon.colcon_core.package_identification:_identify(/home/rishi/turtlebot3_ws/build) by extension 'ignore'
[0.360s] Level 1:colcon.colcon_core.package_identification:_identify(/home/rishi/turtlebot3_ws/build) ignored
[0.360s] Level 1:colcon.colcon_core.package_identification:_identify(/home/rishi/turtlebot3_ws/install) by extensions ['ignore', 'ignore_ament_install']
[0.360s] Level 1:colcon.colcon_core.package_identification:_identify(/home/rishi/turtlebot3_ws/install) by extension 'ignore'
[0.360s] Level 1:colcon.colcon_core.package_identification:_identify(/home/rishi/turtlebot3_ws/install) ignored
[0.360s] Level 1:colcon.colcon_core.package_identification:_identify(/home/rishi/turtlebot3_ws/log) by extensions ['ignore', 'ignore_ament_install']
[0.360s] Level 1:colcon.colcon_core.package_identification:_identify(/home/rishi/turtlebot3_ws/log) by extension 'ignore'
[0.360s] Level 1:colcon.colcon_core.package_identification:_identify(/home/rishi/turtlebot3_ws/log) ignored
[0.361s] Level 1:colcon.colcon_core.package_identification:_identify(/home/rishi/turtlebot3_ws/src) by extensions ['ignore', 'ignore_ament_install']
[0.361s] Level 1:colcon.colcon_core.package_identification:_identify(/home/rishi/turtlebot3_ws/src) by extension 'ignore'
[0.361s] Level 1:colcon.colcon_core.package_identification:_identify(/home/rishi/turtlebot3_ws/src) by extension 'ignore_ament_install'
[0.361s] Level 1:colcon.colcon_core.package_identification:_identify(/home/rishi/turtlebot3_ws/src) by extensions ['colcon_pkg']
[0.361s] Level 1:colcon.colcon_core.package_identification:_identify(/home/rishi/turtlebot3_ws/src) by extension 'colcon_pkg'
[0.361s] Level 1:colcon.colcon_core.package_identification:_identify(/home/rishi/turtlebot3_ws/src) by extensions ['colcon_meta']
[0.361s] Level 1:colcon.colcon_core.package_identification:_identify(/home/rishi/turtlebot3_ws/src) by extension 'colcon_meta'
[0.361s] Level 1:colcon.colcon_core.package_identification:_identify(/home/rishi/turtlebot3_ws/src) by extensions ['ros']
[0.361s] Level 1:colcon.colcon_core.package_identification:_identify(/home/rishi/turtlebot3_ws/src) by extension 'ros'
[0.361s] Level 1:colcon.colcon_core.package_identification:_identify(/home/rishi/turtlebot3_ws/src) by extensions ['cmake', 'python']
[0.361s] Level 1:colcon.colcon_core.package_identification:_identify(/home/rishi/turtlebot3_ws/src) by extension 'cmake'
[0.361s] Level 1:colcon.colcon_core.package_identification:_identify(/home/rishi/turtlebot3_ws/src) by extension 'python'
[0.361s] Level 1:colcon.colcon_core.package_identification:_identify(/home/rishi/turtlebot3_ws/src) by extensions ['python_setup_py']
[0.361s] Level 1:colcon.colcon_core.package_identification:_identify(/home/rishi/turtlebot3_ws/src) by extension 'python_setup_py'
[0.361s] Level 1:colcon.colcon_core.package_identification:_identify(/home/rishi/turtlebot3_ws/src/DynamixelSDK) by extensions ['ignore', 'ignore_ament_install']
[0.362s] Level 1:colcon.colcon_core.package_identification:_identify(/home/rishi/turtlebot3_ws/src/DynamixelSDK) by extension 'ignore'
[0.362s] Level 1:colcon.colcon_core.package_identification:_identify(/home/rishi/turtlebot3_ws/src/DynamixelSDK) by extension 'ignore_ament_install'
[0.362s] Level 1:colcon.colcon_core.package_identification:_identify(/home/rishi/turtlebot3_ws/src/DynamixelSDK) by extensions ['colcon_pkg']
[0.362s] Level 1:colcon.colcon_core.package_identification:_identify(/home/rishi/turtlebot3_ws/src/DynamixelSDK) by extension 'colcon_pkg'
[0.362s] Level 1:colcon.colcon_core.package_identification:_identify(/home/rishi/turtlebot3_ws/src/DynamixelSDK) by extensions ['colcon_meta']
[0.362s] Level 1:colcon.colcon_core.package_identification:_identify(/home/rishi/turtlebot3_ws/src/DynamixelSDK) by extension 'colcon_meta'
[0.362s] Level 1:colcon.colcon_core.package_identification:_identify(/home/rishi/turtlebot3_ws/src/DynamixelSDK) by extensions ['ros']
[0.362s] Level 1:colcon.colcon_core.package_identification:_identify(/home/rishi/turtlebot3_ws/src/DynamixelSDK) by extension 'ros'
[0.362s] Level 1:colcon.colcon_core.package_identification:_identify(/home/rishi/turtlebot3_ws/src/DynamixelSDK) by extensions ['cmake', 'python']
[0.362s] Level 1:colcon.colcon_core.package_identification:_identify(/home/rishi/turtlebot3_ws/src/DynamixelSDK) by extension 'cmake'
[0.362s] Level 1:colcon.colcon_core.package_identification:_identify(/home/rishi/turtlebot3_ws/src/DynamixelSDK) by extension 'python'
[0.362s] Level 1:colcon.colcon_core.package_identification:_identify(/home/rishi/turtlebot3_ws/src/DynamixelSDK) by extensions ['python_setup_py']
[0.362s] Level 1:colcon.colcon_core.package_identification:_identify(/home/rishi/turtlebot3_ws/src/DynamixelSDK) by extension 'python_setup_py'
[0.362s] Level 1:colcon.colcon_core.package_identification:_identify(/home/rishi/turtlebot3_ws/src/DynamixelSDK/dynamixel_sdk) by extensions ['ignore', 'ignore_ament_install']
[0.362s] Level 1:colcon.colcon_core.package_identification:_identify(/home/rishi/turtlebot3_ws/src/DynamixelSDK/dynamixel_sdk) by extension 'ignore'
[0.362s] Level 1:colcon.colcon_core.package_identification:_identify(/home/rishi/turtlebot3_ws/src/DynamixelSDK/dynamixel_sdk) by extension 'ignore_ament_install'
[0.363s] Level 1:colcon.colcon_core.package_identification:_identify(/home/rishi/turtlebot3_ws/src/DynamixelSDK/dynamixel_sdk) by extensions ['colcon_pkg']
[0.363s] Level 1:colcon.colcon_core.package_identification:_identify(/home/rishi/turtlebot3_ws/src/DynamixelSDK/dynamixel_sdk) by extension 'colcon_pkg'
[0.363s] Level 1:colcon.colcon_core.package_identification:_identify(/home/rishi/turtlebot3_ws/src/DynamixelSDK/dynamixel_sdk) by extensions ['colcon_meta']
[0.363s] Level 1:colcon.colcon_core.package_identification:_identify(/home/rishi/turtlebot3_ws/src/DynamixelSDK/dynamixel_sdk) by extension 'colcon_meta'
[0.363s] Level 1:colcon.colcon_core.package_identification:_identify(/home/rishi/turtlebot3_ws/src/DynamixelSDK/dynamixel_sdk) by extensions ['ros']
[0.363s] Level 1:colcon.colcon_core.package_identification:_identify(/home/rishi/turtlebot3_ws/src/DynamixelSDK/dynamixel_sdk) by extension 'ros'
[0.366s] DEBUG:colcon.colcon_core.package_identification:Package '/home/rishi/turtlebot3_ws/src/DynamixelSDK/dynamixel_sdk' with type 'ros.ament_cmake' and name 'dynamixel_sdk'
[0.366s] Level 1:colcon.colcon_core.package_identification:_identify(/home/rishi/turtlebot3_ws/src/DynamixelSDK/dynamixel_sdk_custom_interfaces) by extensions ['ignore', 'ignore_ament_install']
[0.367s] Level 1:colcon.colcon_core.package_identification:_identify(/home/rishi/turtlebot3_ws/src/DynamixelSDK/dynamixel_sdk_custom_interfaces) by extension 'ignore'
[0.367s] Level 1:colcon.colcon_core.package_identification:_identify(/home/rishi/turtlebot3_ws/src/DynamixelSDK/dynamixel_sdk_custom_interfaces) by extension 'ignore_ament_install'
[0.367s] Level 1:colcon.colcon_core.package_identification:_identify(/home/rishi/turtlebot3_ws/src/DynamixelSDK/dynamixel_sdk_custom_interfaces) by extensions ['colcon_pkg']
[0.367s] Level 1:colcon.colcon_core.package_identification:_identify(/home/rishi/turtlebot3_ws/src/DynamixelSDK/dynamixel_sdk_custom_interfaces) by extension 'colcon_pkg'
[0.367s] Level 1:colcon.colcon_core.package_identification:_identify(/home/rishi/turtlebot3_ws/src/DynamixelSDK/dynamixel_sdk_custom_interfaces) by extensions ['colcon_meta']
[0.367s] Level 1:colcon.colcon_core.package_identification:_identify(/home/rishi/turtlebot3_ws/src/DynamixelSDK/dynamixel_sdk_custom_interfaces) by extension 'colcon_meta'
[0.367s] Level 1:colcon.colcon_core.package_identification:_identify(/home/rishi/turtlebot3_ws/src/DynamixelSDK/dynamixel_sdk_custom_interfaces) by extensions ['ros']
[0.367s] Level 1:colcon.colcon_core.package_identification:_identify(/home/rishi/turtlebot3_ws/src/DynamixelSDK/dynamixel_sdk_custom_interfaces) by extension 'ros'
[0.368s] DEBUG:colcon.colcon_core.package_identification:Package '/home/rishi/turtlebot3_ws/src/DynamixelSDK/dynamixel_sdk_custom_interfaces' with type 'ros.ament_cmake' and name 'dynamixel_sdk_custom_interfaces'
[0.368s] Level 1:colcon.colcon_core.package_identification:_identify(/home/rishi/turtlebot3_ws/src/DynamixelSDK/dynamixel_sdk_examples) by extensions ['ignore', 'ignore_ament_install']
[0.368s] Level 1:colcon.colcon_core.package_identification:_identify(/home/rishi/turtlebot3_ws/src/DynamixelSDK/dynamixel_sdk_examples) by extension 'ignore'
[0.368s] Level 1:colcon.colcon_core.package_identification:_identify(/home/rishi/turtlebot3_ws/src/DynamixelSDK/dynamixel_sdk_examples) by extension 'ignore_ament_install'
[0.369s] Level 1:colcon.colcon_core.package_identification:_identify(/home/rishi/turtlebot3_ws/src/DynamixelSDK/dynamixel_sdk_examples) by extensions ['colcon_pkg']
[0.369s] Level 1:colcon.colcon_core.package_identification:_identify(/home/rishi/turtlebot3_ws/src/DynamixelSDK/dynamixel_sdk_examples) by extension 'colcon_pkg'
[0.369s] Level 1:colcon.colcon_core.package_identification:_identify(/home/rishi/turtlebot3_ws/src/DynamixelSDK/dynamixel_sdk_examples) by extensions ['colcon_meta']
[0.369s] Level 1:colcon.colcon_core.package_identification:_identify(/home/rishi/turtlebot3_ws/src/DynamixelSDK/dynamixel_sdk_examples) by extension 'colcon_meta'
[0.369s] Level 1:colcon.colcon_core.package_identification:_identify(/home/rishi/turtlebot3_ws/src/DynamixelSDK/dynamixel_sdk_examples) by extensions ['ros']
[0.369s] Level 1:colcon.colcon_core.package_identification:_identify(/home/rishi/turtlebot3_ws/src/DynamixelSDK/dynamixel_sdk_examples) by extension 'ros'
[0.370s] DEBUG:colcon.colcon_core.package_identification:Package '/home/rishi/turtlebot3_ws/src/DynamixelSDK/dynamixel_sdk_examples' with type 'ros.ament_cmake' and name 'dynamixel_sdk_examples'
[0.370s] Level 1:colcon.colcon_core.package_identification:_identify(/home/rishi/turtlebot3_ws/src/aruco_marker_detection) by extensions ['ignore', 'ignore_ament_install']
[0.370s] Level 1:colcon.colcon_core.package_identification:_identify(/home/rishi/turtlebot3_ws/src/aruco_marker_detection) by extension 'ignore'
[0.370s] Level 1:colcon.colcon_core.package_identification:_identify(/home/rishi/turtlebot3_ws/src/aruco_marker_detection) by extension 'ignore_ament_install'
[0.370s] Level 1:colcon.colcon_core.package_identification:_identify(/home/rishi/turtlebot3_ws/src/aruco_marker_detection) by extensions ['colcon_pkg']
[0.370s] Level 1:colcon.colcon_core.package_identification:_identify(/home/rishi/turtlebot3_ws/src/aruco_marker_detection) by extension 'colcon_pkg'
[0.370s] Level 1:colcon.colcon_core.package_identification:_identify(/home/rishi/turtlebot3_ws/src/aruco_marker_detection) by extensions ['colcon_meta']
[0.370s] Level 1:colcon.colcon_core.package_identification:_identify(/home/rishi/turtlebot3_ws/src/aruco_marker_detection) by extension 'colcon_meta'
[0.371s] Level 1:colcon.colcon_core.package_identification:_identify(/home/rishi/turtlebot3_ws/src/aruco_marker_detection) by extensions ['ros']
[0.371s] Level 1:colcon.colcon_core.package_identification:_identify(/home/rishi/turtlebot3_ws/src/aruco_marker_detection) by extension 'ros'
[0.371s] DEBUG:colcon.colcon_core.package_identification:Package '/home/rishi/turtlebot3_ws/src/aruco_marker_detection' with type 'ros.ament_python' and name 'aruco_marker_detection'
[0.371s] Level 1:colcon.colcon_core.package_identification:_identify(/home/rishi/turtlebot3_ws/src/turtlebot3) by extensions ['ignore', 'ignore_ament_install']
[0.371s] Level 1:colcon.colcon_core.package_identification:_identify(/home/rishi/turtlebot3_ws/src/turtlebot3) by extension 'ignore'
[0.372s] Level 1:colcon.colcon_core.package_identification:_identify(/home/rishi/turtlebot3_ws/src/turtlebot3) by extension 'ignore_ament_install'
[0.372s] Level 1:colcon.colcon_core.package_identification:_identify(/home/rishi/turtlebot3_ws/src/turtlebot3) by extensions ['colcon_pkg']
[0.372s] Level 1:colcon.colcon_core.package_identification:_identify(/home/rishi/turtlebot3_ws/src/turtlebot3) by extension 'colcon_pkg'
[0.372s] Level 1:colcon.colcon_core.package_identification:_identify(/home/rishi/turtlebot3_ws/src/turtlebot3) by extensions ['colcon_meta']
[0.372s] Level 1:colcon.colcon_core.package_identification:_identify(/home/rishi/turtlebot3_ws/src/turtlebot3) by extension 'colcon_meta'
[0.372s] Level 1:colcon.colcon_core.package_identification:_identify(/home/rishi/turtlebot3_ws/src/turtlebot3) by extensions ['ros']
[0.372s] Level 1:colcon.colcon_core.package_identification:_identify(/home/rishi/turtlebot3_ws/src/turtlebot3) by extension 'ros'
[0.372s] Level 1:colcon.colcon_core.package_identification:_identify(/home/rishi/turtlebot3_ws/src/turtlebot3) by extensions ['cmake', 'python']
[0.372s] Level 1:colcon.colcon_core.package_identification:_identify(/home/rishi/turtlebot3_ws/src/turtlebot3) by extension 'cmake'
[0.372s] Level 1:colcon.colcon_core.package_identification:_identify(/home/rishi/turtlebot3_ws/src/turtlebot3) by extension 'python'
[0.372s] Level 1:colcon.colcon_core.package_identification:_identify(/home/rishi/turtlebot3_ws/src/turtlebot3) by extensions ['python_setup_py']
[0.372s] Level 1:colcon.colcon_core.package_identification:_identify(/home/rishi/turtlebot3_ws/src/turtlebot3) by extension 'python_setup_py'
[0.372s] Level 1:colcon.colcon_core.package_identification:_identify(/home/rishi/turtlebot3_ws/src/turtlebot3/turtlebot3) by extensions ['ignore', 'ignore_ament_install']
[0.372s] Level 1:colcon.colcon_core.package_identification:_identify(/home/rishi/turtlebot3_ws/src/turtlebot3/turtlebot3) by extension 'ignore'
[0.372s] Level 1:colcon.colcon_core.package_identification:_identify(/home/rishi/turtlebot3_ws/src/turtlebot3/turtlebot3) by extension 'ignore_ament_install'
[0.372s] Level 1:colcon.colcon_core.package_identification:_identify(/home/rishi/turtlebot3_ws/src/turtlebot3/turtlebot3) by extensions ['colcon_pkg']
[0.372s] Level 1:colcon.colcon_core.package_identification:_identify(/home/rishi/turtlebot3_ws/src/turtlebot3/turtlebot3) by extension 'colcon_pkg'
[0.372s] Level 1:colcon.colcon_core.package_identification:_identify(/home/rishi/turtlebot3_ws/src/turtlebot3/turtlebot3) by extensions ['colcon_meta']
[0.372s] Level 1:colcon.colcon_core.package_identification:_identify(/home/rishi/turtlebot3_ws/src/turtlebot3/turtlebot3) by extension 'colcon_meta'
[0.372s] Level 1:colcon.colcon_core.package_identification:_identify(/home/rishi/turtlebot3_ws/src/turtlebot3/turtlebot3) by extensions ['ros']
[0.373s] Level 1:colcon.colcon_core.package_identification:_identify(/home/rishi/turtlebot3_ws/src/turtlebot3/turtlebot3) by extension 'ros'
[0.373s] DEBUG:colcon.colcon_core.package_identification:Package '/home/rishi/turtlebot3_ws/src/turtlebot3/turtlebot3' with type 'ros.ament_cmake' and name 'turtlebot3'
[0.374s] Level 1:colcon.colcon_core.package_identification:_identify(/home/rishi/turtlebot3_ws/src/turtlebot3/turtlebot3_bringup) by extensions ['ignore', 'ignore_ament_install']
[0.374s] Level 1:colcon.colcon_core.package_identification:_identify(/home/rishi/turtlebot3_ws/src/turtlebot3/turtlebot3_bringup) by extension 'ignore'
[0.374s] Level 1:colcon.colcon_core.package_identification:_identify(/home/rishi/turtlebot3_ws/src/turtlebot3/turtlebot3_bringup) by extension 'ignore_ament_install'
[0.374s] Level 1:colcon.colcon_core.package_identification:_identify(/home/rishi/turtlebot3_ws/src/turtlebot3/turtlebot3_bringup) by extensions ['colcon_pkg']
[0.374s] Level 1:colcon.colcon_core.package_identification:_identify(/home/rishi/turtlebot3_ws/src/turtlebot3/turtlebot3_bringup) by extension 'colcon_pkg'
[0.374s] Level 1:colcon.colcon_core.package_identification:_identify(/home/rishi/turtlebot3_ws/src/turtlebot3/turtlebot3_bringup) by extensions ['colcon_meta']
[0.374s] Level 1:colcon.colcon_core.package_identification:_identify(/home/rishi/turtlebot3_ws/src/turtlebot3/turtlebot3_bringup) by extension 'colcon_meta'
[0.374s] Level 1:colcon.colcon_core.package_identification:_identify(/home/rishi/turtlebot3_ws/src/turtlebot3/turtlebot3_bringup) by extensions ['ros']
[0.374s] Level 1:colcon.colcon_core.package_identification:_identify(/home/rishi/turtlebot3_ws/src/turtlebot3/turtlebot3_bringup) by extension 'ros'
[0.377s] DEBUG:colcon.colcon_core.package_identification:Package '/home/rishi/turtlebot3_ws/src/turtlebot3/turtlebot3_bringup' with type 'ros.ament_cmake' and name 'turtlebot3_bringup'
[0.377s] Level 1:colcon.colcon_core.package_identification:_identify(/home/rishi/turtlebot3_ws/src/turtlebot3/turtlebot3_cartographer) by extensions ['ignore', 'ignore_ament_install']
[0.377s] Level 1:colcon.colcon_core.package_identification:_identify(/home/rishi/turtlebot3_ws/src/turtlebot3/turtlebot3_cartographer) by extension 'ignore'
[0.377s] Level 1:colcon.colcon_core.package_identification:_identify(/home/rishi/turtlebot3_ws/src/turtlebot3/turtlebot3_cartographer) by extension 'ignore_ament_install'
[0.377s] Level 1:colcon.colcon_core.package_identification:_identify(/home/rishi/turtlebot3_ws/src/turtlebot3/turtlebot3_cartographer) by extensions ['colcon_pkg']
[0.377s] Level 1:colcon.colcon_core.package_identification:_identify(/home/rishi/turtlebot3_ws/src/turtlebot3/turtlebot3_cartographer) by extension 'colcon_pkg'
[0.377s] Level 1:colcon.colcon_core.package_identification:_identify(/home/rishi/turtlebot3_ws/src/turtlebot3/turtlebot3_cartographer) by extensions ['colcon_meta']
[0.377s] Level 1:colcon.colcon_core.package_identification:_identify(/home/rishi/turtlebot3_ws/src/turtlebot3/turtlebot3_cartographer) by extension 'colcon_meta'
[0.377s] Level 1:colcon.colcon_core.package_identification:_identify(/home/rishi/turtlebot3_ws/src/turtlebot3/turtlebot3_cartographer) by extensions ['ros']
[0.377s] Level 1:colcon.colcon_core.package_identification:_identify(/home/rishi/turtlebot3_ws/src/turtlebot3/turtlebot3_cartographer) by extension 'ros'
[0.378s] DEBUG:colcon.colcon_core.package_identification:Package '/home/rishi/turtlebot3_ws/src/turtlebot3/turtlebot3_cartographer' with type 'ros.ament_cmake' and name 'turtlebot3_cartographer'
[0.378s] Level 1:colcon.colcon_core.package_identification:_identify(/home/rishi/turtlebot3_ws/src/turtlebot3/turtlebot3_description) by extensions ['ignore', 'ignore_ament_install']
[0.378s] Level 1:colcon.colcon_core.package_identification:_identify(/home/rishi/turtlebot3_ws/src/turtlebot3/turtlebot3_description) by extension 'ignore'
[0.378s] Level 1:colcon.colcon_core.package_identification:_identify(/home/rishi/turtlebot3_ws/src/turtlebot3/turtlebot3_description) by extension 'ignore_ament_install'
[0.378s] Level 1:colcon.colcon_core.package_identification:_identify(/home/rishi/turtlebot3_ws/src/turtlebot3/turtlebot3_description) by extensions ['colcon_pkg']
[0.378s] Level 1:colcon.colcon_core.package_identification:_identify(/home/rishi/turtlebot3_ws/src/turtlebot3/turtlebot3_description) by extension 'colcon_pkg'
[0.379s] Level 1:colcon.colcon_core.package_identification:_identify(/home/rishi/turtlebot3_ws/src/turtlebot3/turtlebot3_description) by extensions ['colcon_meta']
[0.379s] Level 1:colcon.colcon_core.package_identification:_identify(/home/rishi/turtlebot3_ws/src/turtlebot3/turtlebot3_description) by extension 'colcon_meta'
[0.379s] Level 1:colcon.colcon_core.package_identification:_identify(/home/rishi/turtlebot3_ws/src/turtlebot3/turtlebot3_description) by extensions ['ros']
[0.379s] Level 1:colcon.colcon_core.package_identification:_identify(/home/rishi/turtlebot3_ws/src/turtlebot3/turtlebot3_description) by extension 'ros'
[0.379s] DEBUG:colcon.colcon_core.package_identification:Package '/home/rishi/turtlebot3_ws/src/turtlebot3/turtlebot3_description' with type 'ros.ament_cmake' and name 'turtlebot3_description'
[0.379s] Level 1:colcon.colcon_core.package_identification:_identify(/home/rishi/turtlebot3_ws/src/turtlebot3/turtlebot3_example) by extensions ['ignore', 'ignore_ament_install']
[0.379s] Level 1:colcon.colcon_core.package_identification:_identify(/home/rishi/turtlebot3_ws/src/turtlebot3/turtlebot3_example) by extension 'ignore'
[0.379s] Level 1:colcon.colcon_core.package_identification:_identify(/home/rishi/turtlebot3_ws/src/turtlebot3/turtlebot3_example) by extension 'ignore_ament_install'
[0.379s] Level 1:colcon.colcon_core.package_identification:_identify(/home/rishi/turtlebot3_ws/src/turtlebot3/turtlebot3_example) by extensions ['colcon_pkg']
[0.379s] Level 1:colcon.colcon_core.package_identification:_identify(/home/rishi/turtlebot3_ws/src/turtlebot3/turtlebot3_example) by extension 'colcon_pkg'
[0.379s] Level 1:colcon.colcon_core.package_identification:_identify(/home/rishi/turtlebot3_ws/src/turtlebot3/turtlebot3_example) by extensions ['colcon_meta']
[0.380s] Level 1:colcon.colcon_core.package_identification:_identify(/home/rishi/turtlebot3_ws/src/turtlebot3/turtlebot3_example) by extension 'colcon_meta'
[0.380s] Level 1:colcon.colcon_core.package_identification:_identify(/home/rishi/turtlebot3_ws/src/turtlebot3/turtlebot3_example) by extensions ['ros']
[0.380s] Level 1:colcon.colcon_core.package_identification:_identify(/home/rishi/turtlebot3_ws/src/turtlebot3/turtlebot3_example) by extension 'ros'
[0.380s] DEBUG:colcon.colcon_core.package_identification:Package '/home/rishi/turtlebot3_ws/src/turtlebot3/turtlebot3_example' with type 'ros.ament_python' and name 'turtlebot3_example'
[0.380s] Level 1:colcon.colcon_core.package_identification:_identify(/home/rishi/turtlebot3_ws/src/turtlebot3/turtlebot3_navigation2) by extensions ['ignore', 'ignore_ament_install']
[0.380s] Level 1:colcon.colcon_core.package_identification:_identify(/home/rishi/turtlebot3_ws/src/turtlebot3/turtlebot3_navigation2) by extension 'ignore'
[0.381s] Level 1:colcon.colcon_core.package_identification:_identify(/home/rishi/turtlebot3_ws/src/turtlebot3/turtlebot3_navigation2) by extension 'ignore_ament_install'
[0.381s] Level 1:colcon.colcon_core.package_identification:_identify(/home/rishi/turtlebot3_ws/src/turtlebot3/turtlebot3_navigation2) by extensions ['colcon_pkg']
[0.381s] Level 1:colcon.colcon_core.package_identification:_identify(/home/rishi/turtlebot3_ws/src/turtlebot3/turtlebot3_navigation2) by extension 'colcon_pkg'
[0.381s] Level 1:colcon.colcon_core.package_identification:_identify(/home/rishi/turtlebot3_ws/src/turtlebot3/turtlebot3_navigation2) by extensions ['colcon_meta']
[0.381s] Level 1:colcon.colcon_core.package_identification:_identify(/home/rishi/turtlebot3_ws/src/turtlebot3/turtlebot3_navigation2) by extension 'colcon_meta'
[0.381s] Level 1:colcon.colcon_core.package_identification:_identify(/home/rishi/turtlebot3_ws/src/turtlebot3/turtlebot3_navigation2) by extensions ['ros']
[0.381s] Level 1:colcon.colcon_core.package_identification:_identify(/home/rishi/turtlebot3_ws/src/turtlebot3/turtlebot3_navigation2) by extension 'ros'
[0.381s] DEBUG:colcon.colcon_core.package_identification:Package '/home/rishi/turtlebot3_ws/src/turtlebot3/turtlebot3_navigation2' with type 'ros.ament_cmake' and name 'turtlebot3_navigation2'
[0.382s] Level 1:colcon.colcon_core.package_identification:_identify(/home/rishi/turtlebot3_ws/src/turtlebot3/turtlebot3_node) by extensions ['ignore', 'ignore_ament_install']
[0.382s] Level 1:colcon.colcon_core.package_identification:_identify(/home/rishi/turtlebot3_ws/src/turtlebot3/turtlebot3_node) by extension 'ignore'
[0.382s] Level 1:colcon.colcon_core.package_identification:_identify(/home/rishi/turtlebot3_ws/src/turtlebot3/turtlebot3_node) by extension 'ignore_ament_install'
[0.382s] Level 1:colcon.colcon_core.package_identification:_identify(/home/rishi/turtlebot3_ws/src/turtlebot3/turtlebot3_node) by extensions ['colcon_pkg']
[0.382s] Level 1:colcon.colcon_core.package_identification:_identify(/home/rishi/turtlebot3_ws/src/turtlebot3/turtlebot3_node) by extension 'colcon_pkg'
[0.382s] Level 1:colcon.colcon_core.package_identification:_identify(/home/rishi/turtlebot3_ws/src/turtlebot3/turtlebot3_node) by extensions ['colcon_meta']
[0.382s] Level 1:colcon.colcon_core.package_identification:_identify(/home/rishi/turtlebot3_ws/src/turtlebot3/turtlebot3_node) by extension 'colcon_meta'
[0.382s] Level 1:colcon.colcon_core.package_identification:_identify(/home/rishi/turtlebot3_ws/src/turtlebot3/turtlebot3_node) by extensions ['ros']
[0.382s] Level 1:colcon.colcon_core.package_identification:_identify(/home/rishi/turtlebot3_ws/src/turtlebot3/turtlebot3_node) by extension 'ros'
[0.383s] DEBUG:colcon.colcon_core.package_identification:Package '/home/rishi/turtlebot3_ws/src/turtlebot3/turtlebot3_node' with type 'ros.ament_cmake' and name 'turtlebot3_node'
[0.384s] Level 1:colcon.colcon_core.package_identification:_identify(/home/rishi/turtlebot3_ws/src/turtlebot3/turtlebot3_teleop) by extensions ['ignore', 'ignore_ament_install']
[0.384s] Level 1:colcon.colcon_core.package_identification:_identify(/home/rishi/turtlebot3_ws/src/turtlebot3/turtlebot3_teleop) by extension 'ignore'
[0.384s] Level 1:colcon.colcon_core.package_identification:_identify(/home/rishi/turtlebot3_ws/src/turtlebot3/turtlebot3_teleop) by extension 'ignore_ament_install'
[0.384s] Level 1:colcon.colcon_core.package_identification:_identify(/home/rishi/turtlebot3_ws/src/turtlebot3/turtlebot3_teleop) by extensions ['colcon_pkg']
[0.384s] Level 1:colcon.colcon_core.package_identification:_identify(/home/rishi/turtlebot3_ws/src/turtlebot3/turtlebot3_teleop) by extension 'colcon_pkg'
[0.384s] Level 1:colcon.colcon_core.package_identification:_identify(/home/rishi/turtlebot3_ws/src/turtlebot3/turtlebot3_teleop) by extensions ['colcon_meta']
[0.384s] Level 1:colcon.colcon_core.package_identification:_identify(/home/rishi/turtlebot3_ws/src/turtlebot3/turtlebot3_teleop) by extension 'colcon_meta'
[0.384s] Level 1:colcon.colcon_core.package_identification:_identify(/home/rishi/turtlebot3_ws/src/turtlebot3/turtlebot3_teleop) by extensions ['ros']
[0.384s] Level 1:colcon.colcon_core.package_identification:_identify(/home/rishi/turtlebot3_ws/src/turtlebot3/turtlebot3_teleop) by extension 'ros'
[0.385s] DEBUG:colcon.colcon_core.package_identification:Package '/home/rishi/turtlebot3_ws/src/turtlebot3/turtlebot3_teleop' with type 'ros.ament_python' and name 'turtlebot3_teleop'
[0.385s] Level 1:colcon.colcon_core.package_identification:_identify(/home/rishi/turtlebot3_ws/src/turtlebot3_gazebo) by extensions ['ignore', 'ignore_ament_install']
[0.385s] Level 1:colcon.colcon_core.package_identification:_identify(/home/rishi/turtlebot3_ws/src/turtlebot3_gazebo) by extension 'ignore'
[0.385s] Level 1:colcon.colcon_core.package_identification:_identify(/home/rishi/turtlebot3_ws/src/turtlebot3_gazebo) by extension 'ignore_ament_install'
[0.385s] Level 1:colcon.colcon_core.package_identification:_identify(/home/rishi/turtlebot3_ws/src/turtlebot3_gazebo) by extensions ['colcon_pkg']
[0.385s] Level 1:colcon.colcon_core.package_identification:_identify(/home/rishi/turtlebot3_ws/src/turtlebot3_gazebo) by extension 'colcon_pkg'
[0.385s] Level 1:colcon.colcon_core.package_identification:_identify(/home/rishi/turtlebot3_ws/src/turtlebot3_gazebo) by extensions ['colcon_meta']
[0.385s] Level 1:colcon.colcon_core.package_identification:_identify(/home/rishi/turtlebot3_ws/src/turtlebot3_gazebo) by extension 'colcon_meta'
[0.385s] Level 1:colcon.colcon_core.package_identification:_identify(/home/rishi/turtlebot3_ws/src/turtlebot3_gazebo) by extensions ['ros']
[0.385s] Level 1:colcon.colcon_core.package_identification:_identify(/home/rishi/turtlebot3_ws/src/turtlebot3_gazebo) by extension 'ros'
[0.386s] Level 1:colcon.colcon_core.package_identification:_identify(/home/rishi/turtlebot3_ws/src/turtlebot3_gazebo) by extensions ['cmake', 'python']
[0.386s] Level 1:colcon.colcon_core.package_identification:_identify(/home/rishi/turtlebot3_ws/src/turtlebot3_gazebo) by extension 'cmake'
[0.386s] Level 1:colcon.colcon_core.package_identification:_identify(/home/rishi/turtlebot3_ws/src/turtlebot3_gazebo) by extension 'python'
[0.386s] Level 1:colcon.colcon_core.package_identification:_identify(/home/rishi/turtlebot3_ws/src/turtlebot3_gazebo) by extensions ['python_setup_py']
[0.386s] Level 1:colcon.colcon_core.package_identification:_identify(/home/rishi/turtlebot3_ws/src/turtlebot3_gazebo) by extension 'python_setup_py'
[0.386s] Level 1:colcon.colcon_core.package_identification:_identify(/home/rishi/turtlebot3_ws/src/turtlebot3_gazebo/models) by extensions ['ignore', 'ignore_ament_install']
[0.386s] Level 1:colcon.colcon_core.package_identification:_identify(/home/rishi/turtlebot3_ws/src/turtlebot3_gazebo/models) by extension 'ignore'
[0.386s] Level 1:colcon.colcon_core.package_identification:_identify(/home/rishi/turtlebot3_ws/src/turtlebot3_gazebo/models) by extension 'ignore_ament_install'
[0.386s] Level 1:colcon.colcon_core.package_identification:_identify(/home/rishi/turtlebot3_ws/src/turtlebot3_gazebo/models) by extensions ['colcon_pkg']
[0.386s] Level 1:colcon.colcon_core.package_identification:_identify(/home/rishi/turtlebot3_ws/src/turtlebot3_gazebo/models) by extension 'colcon_pkg'
[0.386s] Level 1:colcon.colcon_core.package_identification:_identify(/home/rishi/turtlebot3_ws/src/turtlebot3_gazebo/models) by extensions ['colcon_meta']
[0.386s] Level 1:colcon.colcon_core.package_identification:_identify(/home/rishi/turtlebot3_ws/src/turtlebot3_gazebo/models) by extension 'colcon_meta'
[0.386s] Level 1:colcon.colcon_core.package_identification:_identify(/home/rishi/turtlebot3_ws/src/turtlebot3_gazebo/models) by extensions ['ros']
[0.386s] Level 1:colcon.colcon_core.package_identification:_identify(/home/rishi/turtlebot3_ws/src/turtlebot3_gazebo/models) by extension 'ros'
[0.386s] Level 1:colcon.colcon_core.package_identification:_identify(/home/rishi/turtlebot3_ws/src/turtlebot3_gazebo/models) by extensions ['cmake', 'python']
[0.386s] Level 1:colcon.colcon_core.package_identification:_identify(/home/rishi/turtlebot3_ws/src/turtlebot3_gazebo/models) by extension 'cmake'
[0.386s] Level 1:colcon.colcon_core.package_identification:_identify(/home/rishi/turtlebot3_ws/src/turtlebot3_gazebo/models) by extension 'python'
[0.386s] Level 1:colcon.colcon_core.package_identification:_identify(/home/rishi/turtlebot3_ws/src/turtlebot3_gazebo/models) by extensions ['python_setup_py']
[0.386s] Level 1:colcon.colcon_core.package_identification:_identify(/home/rishi/turtlebot3_ws/src/turtlebot3_gazebo/models) by extension 'python_setup_py'
[0.387s] Level 1:colcon.colcon_core.package_identification:_identify(/home/rishi/turtlebot3_ws/src/turtlebot3_gazebo/models/aruco_marker) by extensions ['ignore', 'ignore_ament_install']
[0.387s] Level 1:colcon.colcon_core.package_identification:_identify(/home/rishi/turtlebot3_ws/src/turtlebot3_gazebo/models/aruco_marker) by extension 'ignore'
[0.387s] Level 1:colcon.colcon_core.package_identification:_identify(/home/rishi/turtlebot3_ws/src/turtlebot3_gazebo/models/aruco_marker) by extension 'ignore_ament_install'
[0.387s] Level 1:colcon.colcon_core.package_identification:_identify(/home/rishi/turtlebot3_ws/src/turtlebot3_gazebo/models/aruco_marker) by extensions ['colcon_pkg']
[0.387s] Level 1:colcon.colcon_core.package_identification:_identify(/home/rishi/turtlebot3_ws/src/turtlebot3_gazebo/models/aruco_marker) by extension 'colcon_pkg'
[0.387s] Level 1:colcon.colcon_core.package_identification:_identify(/home/rishi/turtlebot3_ws/src/turtlebot3_gazebo/models/aruco_marker) by extensions ['colcon_meta']
[0.387s] Level 1:colcon.colcon_core.package_identification:_identify(/home/rishi/turtlebot3_ws/src/turtlebot3_gazebo/models/aruco_marker) by extension 'colcon_meta'
[0.387s] Level 1:colcon.colcon_core.package_identification:_identify(/home/rishi/turtlebot3_ws/src/turtlebot3_gazebo/models/aruco_marker) by extensions ['ros']
[0.387s] Level 1:colcon.colcon_core.package_identification:_identify(/home/rishi/turtlebot3_ws/src/turtlebot3_gazebo/models/aruco_marker) by extension 'ros'
[0.387s] Level 1:colcon.colcon_core.package_identification:_identify(/home/rishi/turtlebot3_ws/src/turtlebot3_gazebo/models/aruco_marker) by extensions ['cmake', 'python']
[0.387s] Level 1:colcon.colcon_core.package_identification:_identify(/home/rishi/turtlebot3_ws/src/turtlebot3_gazebo/models/aruco_marker) by extension 'cmake'
[0.387s] Level 1:colcon.colcon_core.package_identification:_identify(/home/rishi/turtlebot3_ws/src/turtlebot3_gazebo/models/aruco_marker) by extension 'python'
[0.387s] Level 1:colcon.colcon_core.package_identification:_identify(/home/rishi/turtlebot3_ws/src/turtlebot3_gazebo/models/aruco_marker) by extensions ['python_setup_py']
[0.387s] Level 1:colcon.colcon_core.package_identification:_identify(/home/rishi/turtlebot3_ws/src/turtlebot3_gazebo/models/aruco_marker) by extension 'python_setup_py'
[0.387s] Level 1:colcon.colcon_core.package_identification:_identify(/home/rishi/turtlebot3_ws/src/turtlebot3_gazebo/models/aruco_marker/materials) by extensions ['ignore', 'ignore_ament_install']
[0.387s] Level 1:colcon.colcon_core.package_identification:_identify(/home/rishi/turtlebot3_ws/src/turtlebot3_gazebo/models/aruco_marker/materials) by extension 'ignore'
[0.387s] Level 1:colcon.colcon_core.package_identification:_identify(/home/rishi/turtlebot3_ws/src/turtlebot3_gazebo/models/aruco_marker/materials) by extension 'ignore_ament_install'
[0.387s] Level 1:colcon.colcon_core.package_identification:_identify(/home/rishi/turtlebot3_ws/src/turtlebot3_gazebo/models/aruco_marker/materials) by extensions ['colcon_pkg']
[0.388s] Level 1:colcon.colcon_core.package_identification:_identify(/home/rishi/turtlebot3_ws/src/turtlebot3_gazebo/models/aruco_marker/materials) by extension 'colcon_pkg'
[0.388s] Level 1:colcon.colcon_core.package_identification:_identify(/home/rishi/turtlebot3_ws/src/turtlebot3_gazebo/models/aruco_marker/materials) by extensions ['colcon_meta']
[0.388s] Level 1:colcon.colcon_core.package_identification:_identify(/home/rishi/turtlebot3_ws/src/turtlebot3_gazebo/models/aruco_marker/materials) by extension 'colcon_meta'
[0.388s] Level 1:colcon.colcon_core.package_identification:_identify(/home/rishi/turtlebot3_ws/src/turtlebot3_gazebo/models/aruco_marker/materials) by extensions ['ros']
[0.388s] Level 1:colcon.colcon_core.package_identification:_identify(/home/rishi/turtlebot3_ws/src/turtlebot3_gazebo/models/aruco_marker/materials) by extension 'ros'
[0.388s] Level 1:colcon.colcon_core.package_identification:_identify(/home/rishi/turtlebot3_ws/src/turtlebot3_gazebo/models/aruco_marker/materials) by extensions ['cmake', 'python']
[0.388s] Level 1:colcon.colcon_core.package_identification:_identify(/home/rishi/turtlebot3_ws/src/turtlebot3_gazebo/models/aruco_marker/materials) by extension 'cmake'
[0.388s] Level 1:colcon.colcon_core.package_identification:_identify(/home/rishi/turtlebot3_ws/src/turtlebot3_gazebo/models/aruco_marker/materials) by extension 'python'
[0.388s] Level 1:colcon.colcon_core.package_identification:_identify(/home/rishi/turtlebot3_ws/src/turtlebot3_gazebo/models/aruco_marker/materials) by extensions ['python_setup_py']
[0.388s] Level 1:colcon.colcon_core.package_identification:_identify(/home/rishi/turtlebot3_ws/src/turtlebot3_gazebo/models/aruco_marker/materials) by extension 'python_setup_py'
[0.388s] Level 1:colcon.colcon_core.package_identification:_identify(/home/rishi/turtlebot3_ws/src/turtlebot3_gazebo/models/aruco_marker/materials/scripts) by extensions ['ignore', 'ignore_ament_install']
[0.388s] Level 1:colcon.colcon_core.package_identification:_identify(/home/rishi/turtlebot3_ws/src/turtlebot3_gazebo/models/aruco_marker/materials/scripts) by extension 'ignore'
[0.388s] Level 1:colcon.colcon_core.package_identification:_identify(/home/rishi/turtlebot3_ws/src/turtlebot3_gazebo/models/aruco_marker/materials/scripts) by extension 'ignore_ament_install'
[0.388s] Level 1:colcon.colcon_core.package_identification:_identify(/home/rishi/turtlebot3_ws/src/turtlebot3_gazebo/models/aruco_marker/materials/scripts) by extensions ['colcon_pkg']
[0.388s] Level 1:colcon.colcon_core.package_identification:_identify(/home/rishi/turtlebot3_ws/src/turtlebot3_gazebo/models/aruco_marker/materials/scripts) by extension 'colcon_pkg'
[0.388s] Level 1:colcon.colcon_core.package_identification:_identify(/home/rishi/turtlebot3_ws/src/turtlebot3_gazebo/models/aruco_marker/materials/scripts) by extensions ['colcon_meta']
[0.388s] Level 1:colcon.colcon_core.package_identification:_identify(/home/rishi/turtlebot3_ws/src/turtlebot3_gazebo/models/aruco_marker/materials/scripts) by extension 'colcon_meta'
[0.388s] Level 1:colcon.colcon_core.package_identification:_identify(/home/rishi/turtlebot3_ws/src/turtlebot3_gazebo/models/aruco_marker/materials/scripts) by extensions ['ros']
[0.388s] Level 1:colcon.colcon_core.package_identification:_identify(/home/rishi/turtlebot3_ws/src/turtlebot3_gazebo/models/aruco_marker/materials/scripts) by extension 'ros'
[0.388s] Level 1:colcon.colcon_core.package_identification:_identify(/home/rishi/turtlebot3_ws/src/turtlebot3_gazebo/models/aruco_marker/materials/scripts) by extensions ['cmake', 'python']
[0.388s] Level 1:colcon.colcon_core.package_identification:_identify(/home/rishi/turtlebot3_ws/src/turtlebot3_gazebo/models/aruco_marker/materials/scripts) by extension 'cmake'
[0.389s] Level 1:colcon.colcon_core.package_identification:_identify(/home/rishi/turtlebot3_ws/src/turtlebot3_gazebo/models/aruco_marker/materials/scripts) by extension 'python'
[0.389s] Level 1:colcon.colcon_core.package_identification:_identify(/home/rishi/turtlebot3_ws/src/turtlebot3_gazebo/models/aruco_marker/materials/scripts) by extensions ['python_setup_py']
[0.389s] Level 1:colcon.colcon_core.package_identification:_identify(/home/rishi/turtlebot3_ws/src/turtlebot3_gazebo/models/aruco_marker/materials/scripts) by extension 'python_setup_py'
[0.389s] Level 1:colcon.colcon_core.package_identification:_identify(/home/rishi/turtlebot3_ws/src/turtlebot3_gazebo/models/aruco_marker/materials/textures) by extensions ['ignore', 'ignore_ament_install']
[0.389s] Level 1:colcon.colcon_core.package_identification:_identify(/home/rishi/turtlebot3_ws/src/turtlebot3_gazebo/models/aruco_marker/materials/textures) by extension 'ignore'
[0.389s] Level 1:colcon.colcon_core.package_identification:_identify(/home/rishi/turtlebot3_ws/src/turtlebot3_gazebo/models/aruco_marker/materials/textures) by extension 'ignore_ament_install'
[0.389s] Level 1:colcon.colcon_core.package_identification:_identify(/home/rishi/turtlebot3_ws/src/turtlebot3_gazebo/models/aruco_marker/materials/textures) by extensions ['colcon_pkg']
[0.389s] Level 1:colcon.colcon_core.package_identification:_identify(/home/rishi/turtlebot3_ws/src/turtlebot3_gazebo/models/aruco_marker/materials/textures) by extension 'colcon_pkg'
[0.389s] Level 1:colcon.colcon_core.package_identification:_identify(/home/rishi/turtlebot3_ws/src/turtlebot3_gazebo/models/aruco_marker/materials/textures) by extensions ['colcon_meta']
[0.389s] Level 1:colcon.colcon_core.package_identification:_identify(/home/rishi/turtlebot3_ws/src/turtlebot3_gazebo/models/aruco_marker/materials/textures) by extension 'colcon_meta'
[0.389s] Level 1:colcon.colcon_core.package_identification:_identify(/home/rishi/turtlebot3_ws/src/turtlebot3_gazebo/models/aruco_marker/materials/textures) by extensions ['ros']
[0.389s] Level 1:colcon.colcon_core.package_identification:_identify(/home/rishi/turtlebot3_ws/src/turtlebot3_gazebo/models/aruco_marker/materials/textures) by extension 'ros'
[0.389s] Level 1:colcon.colcon_core.package_identification:_identify(/home/rishi/turtlebot3_ws/src/turtlebot3_gazebo/models/aruco_marker/materials/textures) by extensions ['cmake', 'python']
[0.389s] Level 1:colcon.colcon_core.package_identification:_identify(/home/rishi/turtlebot3_ws/src/turtlebot3_gazebo/models/aruco_marker/materials/textures) by extension 'cmake'
[0.389s] Level 1:colcon.colcon_core.package_identification:_identify(/home/rishi/turtlebot3_ws/src/turtlebot3_gazebo/models/aruco_marker/materials/textures) by extension 'python'
[0.389s] Level 1:colcon.colcon_core.package_identification:_identify(/home/rishi/turtlebot3_ws/src/turtlebot3_gazebo/models/aruco_marker/materials/textures) by extensions ['python_setup_py']
[0.389s] Level 1:colcon.colcon_core.package_identification:_identify(/home/rishi/turtlebot3_ws/src/turtlebot3_gazebo/models/aruco_marker/materials/textures) by extension 'python_setup_py'
[0.390s] Level 1:colcon.colcon_core.package_identification:_identify(/home/rishi/turtlebot3_ws/src/turtlebot3_msgs) by extensions ['ignore', 'ignore_ament_install']
[0.390s] Level 1:colcon.colcon_core.package_identification:_identify(/home/rishi/turtlebot3_ws/src/turtlebot3_msgs) by extension 'ignore'
[0.390s] Level 1:colcon.colcon_core.package_identification:_identify(/home/rishi/turtlebot3_ws/src/turtlebot3_msgs) by extension 'ignore_ament_install'
[0.390s] Level 1:colcon.colcon_core.package_identification:_identify(/home/rishi/turtlebot3_ws/src/turtlebot3_msgs) by extensions ['colcon_pkg']
[0.390s] Level 1:colcon.colcon_core.package_identification:_identify(/home/rishi/turtlebot3_ws/src/turtlebot3_msgs) by extension 'colcon_pkg'
[0.390s] Level 1:colcon.colcon_core.package_identification:_identify(/home/rishi/turtlebot3_ws/src/turtlebot3_msgs) by extensions ['colcon_meta']
[0.390s] Level 1:colcon.colcon_core.package_identification:_identify(/home/rishi/turtlebot3_ws/src/turtlebot3_msgs) by extension 'colcon_meta'
[0.390s] Level 1:colcon.colcon_core.package_identification:_identify(/home/rishi/turtlebot3_ws/src/turtlebot3_msgs) by extensions ['ros']
[0.390s] Level 1:colcon.colcon_core.package_identification:_identify(/home/rishi/turtlebot3_ws/src/turtlebot3_msgs) by extension 'ros'
[0.391s] DEBUG:colcon.colcon_core.package_identification:Package '/home/rishi/turtlebot3_ws/src/turtlebot3_msgs' with type 'ros.ament_cmake' and name 'turtlebot3_msgs'
[0.391s] Level 1:colcon.colcon_core.package_identification:_identify(/home/rishi/turtlebot3_ws/src/turtlebot3_simulations) by extensions ['ignore', 'ignore_ament_install']
[0.392s] Level 1:colcon.colcon_core.package_identification:_identify(/home/rishi/turtlebot3_ws/src/turtlebot3_simulations) by extension 'ignore'
[0.392s] Level 1:colcon.colcon_core.package_identification:_identify(/home/rishi/turtlebot3_ws/src/turtlebot3_simulations) by extension 'ignore_ament_install'
[0.392s] Level 1:colcon.colcon_core.package_identification:_identify(/home/rishi/turtlebot3_ws/src/turtlebot3_simulations) by extensions ['colcon_pkg']
[0.392s] Level 1:colcon.colcon_core.package_identification:_identify(/home/rishi/turtlebot3_ws/src/turtlebot3_simulations) by extension 'colcon_pkg'
[0.392s] Level 1:colcon.colcon_core.package_identification:_identify(/home/rishi/turtlebot3_ws/src/turtlebot3_simulations) by extensions ['colcon_meta']
[0.392s] Level 1:colcon.colcon_core.package_identification:_identify(/home/rishi/turtlebot3_ws/src/turtlebot3_simulations) by extension 'colcon_meta'
[0.392s] Level 1:colcon.colcon_core.package_identification:_identify(/home/rishi/turtlebot3_ws/src/turtlebot3_simulations) by extensions ['ros']
[0.392s] Level 1:colcon.colcon_core.package_identification:_identify(/home/rishi/turtlebot3_ws/src/turtlebot3_simulations) by extension 'ros'
[0.392s] Level 1:colcon.colcon_core.package_identification:_identify(/home/rishi/turtlebot3_ws/src/turtlebot3_simulations) by extensions ['cmake', 'python']
[0.392s] Level 1:colcon.colcon_core.package_identification:_identify(/home/rishi/turtlebot3_ws/src/turtlebot3_simulations) by extension 'cmake'
[0.392s] Level 1:colcon.colcon_core.package_identification:_identify(/home/rishi/turtlebot3_ws/src/turtlebot3_simulations) by extension 'python'
[0.392s] Level 1:colcon.colcon_core.package_identification:_identify(/home/rishi/turtlebot3_ws/src/turtlebot3_simulations) by extensions ['python_setup_py']
[0.392s] Level 1:colcon.colcon_core.package_identification:_identify(/home/rishi/turtlebot3_ws/src/turtlebot3_simulations) by extension 'python_setup_py'
[0.392s] Level 1:colcon.colcon_core.package_identification:_identify(/home/rishi/turtlebot3_ws/src/turtlebot3_simulations/turtlebot3_fake_node) by extensions ['ignore', 'ignore_ament_install']
[0.392s] Level 1:colcon.colcon_core.package_identification:_identify(/home/rishi/turtlebot3_ws/src/turtlebot3_simulations/turtlebot3_fake_node) by extension 'ignore'
[0.392s] Level 1:colcon.colcon_core.package_identification:_identify(/home/rishi/turtlebot3_ws/src/turtlebot3_simulations/turtlebot3_fake_node) by extension 'ignore_ament_install'
[0.393s] Level 1:colcon.colcon_core.package_identification:_identify(/home/rishi/turtlebot3_ws/src/turtlebot3_simulations/turtlebot3_fake_node) by extensions ['colcon_pkg']
[0.393s] Level 1:colcon.colcon_core.package_identification:_identify(/home/rishi/turtlebot3_ws/src/turtlebot3_simulations/turtlebot3_fake_node) by extension 'colcon_pkg'
[0.393s] Level 1:colcon.colcon_core.package_identification:_identify(/home/rishi/turtlebot3_ws/src/turtlebot3_simulations/turtlebot3_fake_node) by extensions ['colcon_meta']
[0.393s] Level 1:colcon.colcon_core.package_identification:_identify(/home/rishi/turtlebot3_ws/src/turtlebot3_simulations/turtlebot3_fake_node) by extension 'colcon_meta'
[0.393s] Level 1:colcon.colcon_core.package_identification:_identify(/home/rishi/turtlebot3_ws/src/turtlebot3_simulations/turtlebot3_fake_node) by extensions ['ros']
[0.393s] Level 1:colcon.colcon_core.package_identification:_identify(/home/rishi/turtlebot3_ws/src/turtlebot3_simulations/turtlebot3_fake_node) by extension 'ros'
[0.394s] DEBUG:colcon.colcon_core.package_identification:Package '/home/rishi/turtlebot3_ws/src/turtlebot3_simulations/turtlebot3_fake_node' with type 'ros.ament_cmake' and name 'turtlebot3_fake_node'
[0.395s] Level 1:colcon.colcon_core.package_identification:_identify(/home/rishi/turtlebot3_ws/src/turtlebot3_simulations/turtlebot3_gazebo) by extensions ['ignore', 'ignore_ament_install']
[0.395s] Level 1:colcon.colcon_core.package_identification:_identify(/home/rishi/turtlebot3_ws/src/turtlebot3_simulations/turtlebot3_gazebo) by extension 'ignore'
[0.395s] Level 1:colcon.colcon_core.package_identification:_identify(/home/rishi/turtlebot3_ws/src/turtlebot3_simulations/turtlebot3_gazebo) by extension 'ignore_ament_install'
[0.395s] Level 1:colcon.colcon_core.package_identification:_identify(/home/rishi/turtlebot3_ws/src/turtlebot3_simulations/turtlebot3_gazebo) by extensions ['colcon_pkg']
[0.395s] Level 1:colcon.colcon_core.package_identification:_identify(/home/rishi/turtlebot3_ws/src/turtlebot3_simulations/turtlebot3_gazebo) by extension 'colcon_pkg'
[0.395s] Level 1:colcon.colcon_core.package_identification:_identify(/home/rishi/turtlebot3_ws/src/turtlebot3_simulations/turtlebot3_gazebo) by extensions ['colcon_meta']
[0.395s] Level 1:colcon.colcon_core.package_identification:_identify(/home/rishi/turtlebot3_ws/src/turtlebot3_simulations/turtlebot3_gazebo) by extension 'colcon_meta'
[0.395s] Level 1:colcon.colcon_core.package_identification:_identify(/home/rishi/turtlebot3_ws/src/turtlebot3_simulations/turtlebot3_gazebo) by extensions ['ros']
[0.395s] Level 1:colcon.colcon_core.package_identification:_identify(/home/rishi/turtlebot3_ws/src/turtlebot3_simulations/turtlebot3_gazebo) by extension 'ros'
[0.396s] DEBUG:colcon.colcon_core.package_identification:Package '/home/rishi/turtlebot3_ws/src/turtlebot3_simulations/turtlebot3_gazebo' with type 'ros.ament_cmake' and name 'turtlebot3_gazebo'
[0.397s] Level 1:colcon.colcon_core.package_identification:_identify(/home/rishi/turtlebot3_ws/src/turtlebot3_simulations/turtlebot3_simulations) by extensions ['ignore', 'ignore_ament_install']
[0.397s] Level 1:colcon.colcon_core.package_identification:_identify(/home/rishi/turtlebot3_ws/src/turtlebot3_simulations/turtlebot3_simulations) by extension 'ignore'
[0.397s] Level 1:colcon.colcon_core.package_identification:_identify(/home/rishi/turtlebot3_ws/src/turtlebot3_simulations/turtlebot3_simulations) by extension 'ignore_ament_install'
[0.397s] Level 1:colcon.colcon_core.package_identification:_identify(/home/rishi/turtlebot3_ws/src/turtlebot3_simulations/turtlebot3_simulations) by extensions ['colcon_pkg']
[0.397s] Level 1:colcon.colcon_core.package_identification:_identify(/home/rishi/turtlebot3_ws/src/turtlebot3_simulations/turtlebot3_simulations) by extension 'colcon_pkg'
[0.397s] Level 1:colcon.colcon_core.package_identification:_identify(/home/rishi/turtlebot3_ws/src/turtlebot3_simulations/turtlebot3_simulations) by extensions ['colcon_meta']
[0.397s] Level 1:colcon.colcon_core.package_identification:_identify(/home/rishi/turtlebot3_ws/src/turtlebot3_simulations/turtlebot3_simulations) by extension 'colcon_meta'
[0.397s] Level 1:colcon.colcon_core.package_identification:_identify(/home/rishi/turtlebot3_ws/src/turtlebot3_simulations/turtlebot3_simulations) by extensions ['ros']
[0.397s] Level 1:colcon.colcon_core.package_identification:_identify(/home/rishi/turtlebot3_ws/src/turtlebot3_simulations/turtlebot3_simulations) by extension 'ros'
[0.398s] DEBUG:colcon.colcon_core.package_identification:Package '/home/rishi/turtlebot3_ws/src/turtlebot3_simulations/turtlebot3_simulations' with type 'ros.ament_cmake' and name 'turtlebot3_simulations'
[0.398s] Level 1:colcon.colcon_core.package_discovery:discover_packages(recursive) using defaults
