[0.048s] Invoking command in '/home/rishi/turtlebot3_ws/build/turtlebot3_gazebo': CMAKE_PREFIX_PATH=${CMAKE_PREFIX_PATH}:/home/rishi/turtlebot3_ws/install/turtlebot3_teleop:/home/rishi/turtlebot3_ws/install/turtlebot3_example:/home/rishi/eyrc/install/ur5_control:/home/rishi/eyrc/install/tasks:/home/rishi/eyrc/install/task_4c:/home/rishi/eyrc/install/pymoveitnn:/home/rishi/eyrc/install/docking_srv:/opt/ros/humble /usr/bin/cmake /home/rishi/turtlebot3_ws/src/turtlebot3_simulations/turtlebot3_gazebo -DCMAKE_INSTALL_PREFIX=/home/rishi/turtlebot3_ws/install/turtlebot3_gazebo
[0.061s] -- Found ament_cmake: 1.3.11 (/opt/ros/humble/share/ament_cmake/cmake)
[0.251s] -- Override CMake install command with custom implementation using symlinks instead of copying resources
[0.267s] [33mCMake Warning (dev) at /usr/share/cmake-3.25/Modules/FindPackageHandleStandardArgs.cmake:438 (message):
[0.267s]   The package name passed to `find_package_handle_standard_args` (PkgConfig)
[0.267s]   does not match the name of the calling package (gazebo).  This can lead to
[0.268s]   problems in calling code that expects `find_package` result variables
[0.268s]   (e.g., `_FOUND`) to follow a certain pattern.
[0.268s] Call Stack (most recent call first):
[0.268s]   /usr/share/cmake-3.25/Modules/FindPkgConfig.cmake:99 (find_package_handle_standard_args)
[0.268s]   /usr/lib/x86_64-linux-gnu/cmake/gazebo/gazebo-config.cmake:72 (include)
[0.268s]   CMakeLists.txt:23 (find_package)
[0.268s] This warning is for project developers.  Use -Wno-dev to suppress it.
[0.268s] [0m
[0.318s] -- Found DART: /usr/include (Required is at least version "6.6") found components: dart 
[0.364s] -- Found Protobuf: /usr/lib/x86_64-linux-gnu/libprotobuf.so (found version "3.12.4") 
[0.366s] -- Looking for ignition-math6 -- found version 6.15.1
[0.374s] -- Searching for dependencies of ignition-math6
[0.377s] -- Looking for OGRE...
[0.384s] -- Found Ogre Ghadamon (1.9.0)
[0.384s] -- Found OGRE: optimized;/usr/lib/x86_64-linux-gnu/libOgreMain.so;debug;/usr/lib/x86_64-linux-gnu/libOgreMain.so
[0.398s] -- Looking for OGRE_Paging...
[0.398s] -- Found OGRE_Paging: optimized;/usr/lib/x86_64-linux-gnu/libOgrePaging.so;debug;/usr/lib/x86_64-linux-gnu/libOgrePaging.so
[0.398s] -- Looking for OGRE_Terrain...
[0.398s] -- Found OGRE_Terrain: optimized;/usr/lib/x86_64-linux-gnu/libOgreTerrain.so;debug;/usr/lib/x86_64-linux-gnu/libOgreTerrain.so
[0.398s] -- Looking for OGRE_Property...
[0.398s] -- Found OGRE_Property: optimized;/usr/lib/x86_64-linux-gnu/libOgreProperty.so;debug;/usr/lib/x86_64-linux-gnu/libOgreProperty.so
[0.398s] -- Looking for OGRE_RTShaderSystem...
[0.399s] -- Found OGRE_RTShaderSystem: optimized;/usr/lib/x86_64-linux-gnu/libOgreRTShaderSystem.so;debug;/usr/lib/x86_64-linux-gnu/libOgreRTShaderSystem.so
[0.399s] -- Looking for OGRE_Volume...
[0.399s] -- Found OGRE_Volume: optimized;/usr/lib/x86_64-linux-gnu/libOgreVolume.so;debug;/usr/lib/x86_64-linux-gnu/libOgreVolume.so
[0.399s] -- Looking for OGRE_Overlay...
[0.399s] -- Found OGRE_Overlay: optimized;/usr/lib/x86_64-linux-gnu/libOgreOverlay.so;debug;/usr/lib/x86_64-linux-gnu/libOgreOverlay.so
[0.668s] -- Looking for ignition-math6 -- found version 6.15.1
[0.672s] -- Looking for ignition-transport8 -- found version 8.2.1
[0.672s] -- Searching for dependencies of ignition-transport8
[0.703s] -- Found Protobuf: /usr/lib/x86_64-linux-gnu/libprotobuf.so (found suitable version "3.12.4", minimum required is "3") 
[0.730s] -- Config-file not installed for ZeroMQ -- checking for pkg-config
[0.737s] -- Checking for module 'libzmq >= 4'
[0.762s] --   Found libzmq , version 4.3.4
[0.822s] -- Checking for module 'uuid'
[0.849s] --   Found uuid, version 2.37.2
[0.899s] -- Looking for ignition-msgs5 -- found version 5.8.1
[0.899s] -- Searching for dependencies of ignition-msgs5
[0.936s] -- Looking for ignition-math6 -- found version 6.15.1
[0.947s] -- Checking for module 'tinyxml2'
[0.972s] --   Found tinyxml2, version 9.0.0
[1.022s] -- Looking for ignition-msgs5 -- found version 5.8.1
[1.023s] -- Looking for ignition-common3 -- found version 3.14.0
[1.024s] -- Searching for dependencies of ignition-common3
[1.024s] -- Looking for dlfcn.h - found
[1.024s] -- Looking for libdl - found
[1.045s] -- Searching for <ignition-common3> component [graphics]
[1.046s] -- Looking for ignition-common3-graphics -- found version 3.14.0
[1.047s] -- Searching for dependencies of ignition-common3-graphics
[1.047s] -- Looking for ignition-math6 -- found version 6.15.1
[1.050s] -- Looking for ignition-fuel_tools4 -- found version 4.4.0
[1.051s] -- Searching for dependencies of ignition-fuel_tools4
[1.123s] -- Checking for module 'jsoncpp'
[1.150s] --   Found jsoncpp, version 1.9.5
[1.207s] -- Checking for module 'libzip'
[1.227s] --   Found libzip, version 1.7.3
[1.267s] -- Looking for ignition-common3 -- found version 3.14.0
[1.268s] -- Looking for ignition-math6 -- found version 6.15.1
[1.268s] -- Looking for ignition-msgs5 -- found version 5.8.1
[1.273s] -- Found gazebo_ros_pkgs: 3.7.0 (/opt/ros/humble/share/gazebo_ros_pkgs/cmake)
[1.274s] -- Found geometry_msgs: 4.2.4 (/opt/ros/humble/share/geometry_msgs/cmake)
[1.297s] -- Found rosidl_generator_c: 3.1.6 (/opt/ros/humble/share/rosidl_generator_c/cmake)
[1.301s] -- Found rosidl_adapter: 3.1.6 (/opt/ros/humble/share/rosidl_adapter/cmake)
[1.310s] -- Found rosidl_generator_cpp: 3.1.6 (/opt/ros/humble/share/rosidl_generator_cpp/cmake)
[1.323s] -- Using all available rosidl_typesupport_c: rosidl_typesupport_fastrtps_c;rosidl_typesupport_introspection_c
[1.342s] -- Using all available rosidl_typesupport_cpp: rosidl_typesupport_fastrtps_cpp;rosidl_typesupport_introspection_cpp
[1.413s] -- Found nav_msgs: 4.2.4 (/opt/ros/humble/share/nav_msgs/cmake)
[1.441s] -- Found rclcpp: 16.0.11 (/opt/ros/humble/share/rclcpp/cmake)
[1.510s] -- Found rmw_implementation_cmake: 6.1.2 (/opt/ros/humble/share/rmw_implementation_cmake/cmake)
[1.515s] -- Found rmw_fastrtps_cpp: 6.2.7 (/opt/ros/humble/share/rmw_fastrtps_cpp/cmake)
[1.701s] -- Using RMW implementation 'rmw_fastrtps_cpp' as default
[1.766s] -- Found sensor_msgs: 4.2.4 (/opt/ros/humble/share/sensor_msgs/cmake)
[1.790s] -- Found tf2: 0.25.9 (/opt/ros/humble/share/tf2/cmake)
[1.891s] -- Configuring done
[1.929s] -- Generating done
[1.938s] -- Build files have been written to: /home/rishi/turtlebot3_ws/build/turtlebot3_gazebo
[1.950s] Invoked command in '/home/rishi/turtlebot3_ws/build/turtlebot3_gazebo' returned '0': CMAKE_PREFIX_PATH=${CMAKE_PREFIX_PATH}:/home/rishi/turtlebot3_ws/install/turtlebot3_teleop:/home/rishi/turtlebot3_ws/install/turtlebot3_example:/home/rishi/eyrc/install/ur5_control:/home/rishi/eyrc/install/tasks:/home/rishi/eyrc/install/task_4c:/home/rishi/eyrc/install/pymoveitnn:/home/rishi/eyrc/install/docking_srv:/opt/ros/humble /usr/bin/cmake /home/rishi/turtlebot3_ws/src/turtlebot3_simulations/turtlebot3_gazebo -DCMAKE_INSTALL_PREFIX=/home/rishi/turtlebot3_ws/install/turtlebot3_gazebo
[1.953s] Invoking command in '/home/rishi/turtlebot3_ws/build/turtlebot3_gazebo': CMAKE_PREFIX_PATH=${CMAKE_PREFIX_PATH}:/home/rishi/turtlebot3_ws/install/turtlebot3_teleop:/home/rishi/turtlebot3_ws/install/turtlebot3_example:/home/rishi/eyrc/install/ur5_control:/home/rishi/eyrc/install/tasks:/home/rishi/eyrc/install/task_4c:/home/rishi/eyrc/install/pymoveitnn:/home/rishi/eyrc/install/docking_srv:/opt/ros/humble /usr/bin/cmake --build /home/rishi/turtlebot3_ws/build/turtlebot3_gazebo -- -j12 -l12
[2.016s] [ 25%] Built target turtlebot3_drive
[2.054s] [ 50%] Built target obstacle2
[2.055s] [100%] Built target obstacles
[2.055s] [100%] Built target obstacle1
[2.061s] Invoked command in '/home/rishi/turtlebot3_ws/build/turtlebot3_gazebo' returned '0': CMAKE_PREFIX_PATH=${CMAKE_PREFIX_PATH}:/home/rishi/turtlebot3_ws/install/turtlebot3_teleop:/home/rishi/turtlebot3_ws/install/turtlebot3_example:/home/rishi/eyrc/install/ur5_control:/home/rishi/eyrc/install/tasks:/home/rishi/eyrc/install/task_4c:/home/rishi/eyrc/install/pymoveitnn:/home/rishi/eyrc/install/docking_srv:/opt/ros/humble /usr/bin/cmake --build /home/rishi/turtlebot3_ws/build/turtlebot3_gazebo -- -j12 -l12
[2.066s] Invoking command in '/home/rishi/turtlebot3_ws/build/turtlebot3_gazebo': CMAKE_PREFIX_PATH=${CMAKE_PREFIX_PATH}:/home/rishi/turtlebot3_ws/install/turtlebot3_teleop:/home/rishi/turtlebot3_ws/install/turtlebot3_example:/home/rishi/eyrc/install/ur5_control:/home/rishi/eyrc/install/tasks:/home/rishi/eyrc/install/task_4c:/home/rishi/eyrc/install/pymoveitnn:/home/rishi/eyrc/install/docking_srv:/opt/ros/humble /usr/bin/cmake --install /home/rishi/turtlebot3_ws/build/turtlebot3_gazebo
[2.068s] -- Install configuration: ""
[2.069s] -- Execute custom install script
[2.069s] -- Up-to-date symlink: /home/rishi/turtlebot3_ws/install/turtlebot3_gazebo/lib/turtlebot3_gazebo/turtlebot3_drive
[2.070s] -- Up-to-date symlink: /home/rishi/turtlebot3_ws/install/turtlebot3_gazebo/share/turtlebot3_gazebo//launch/empty_world.launch.py
[2.070s] -- Up-to-date symlink: /home/rishi/turtlebot3_ws/install/turtlebot3_gazebo/share/turtlebot3_gazebo//launch/robot_state_publisher.launch.py
[2.070s] -- Up-to-date symlink: /home/rishi/turtlebot3_ws/install/turtlebot3_gazebo/share/turtlebot3_gazebo//launch/spawn_turtlebot3.launch.py
[2.070s] -- Up-to-date symlink: /home/rishi/turtlebot3_ws/install/turtlebot3_gazebo/share/turtlebot3_gazebo//launch/turtlebot3_dqn_stage1.launch.py
[2.070s] -- Up-to-date symlink: /home/rishi/turtlebot3_ws/install/turtlebot3_gazebo/share/turtlebot3_gazebo//launch/turtlebot3_dqn_stage2.launch.py
[2.070s] -- Up-to-date symlink: /home/rishi/turtlebot3_ws/install/turtlebot3_gazebo/share/turtlebot3_gazebo//launch/turtlebot3_dqn_stage3.launch.py
[2.071s] -- Up-to-date symlink: /home/rishi/turtlebot3_ws/install/turtlebot3_gazebo/share/turtlebot3_gazebo//launch/turtlebot3_dqn_stage4.launch.py
[2.071s] -- Up-to-date symlink: /home/rishi/turtlebot3_ws/install/turtlebot3_gazebo/share/turtlebot3_gazebo//launch/turtlebot3_house.launch.py
[2.071s] -- Up-to-date symlink: /home/rishi/turtlebot3_ws/install/turtlebot3_gazebo/share/turtlebot3_gazebo//launch/turtlebot3_world.launch.py
[2.071s] -- Up-to-date symlink: /home/rishi/turtlebot3_ws/install/turtlebot3_gazebo/share/turtlebot3_gazebo//models/turtlebot3_burger/model-1_4.sdf
[2.071s] -- Up-to-date symlink: /home/rishi/turtlebot3_ws/install/turtlebot3_gazebo/share/turtlebot3_gazebo//models/turtlebot3_burger/model.config
[2.071s] -- Up-to-date symlink: /home/rishi/turtlebot3_ws/install/turtlebot3_gazebo/share/turtlebot3_gazebo//models/turtlebot3_burger/model.sdf
[2.072s] -- Up-to-date symlink: /home/rishi/turtlebot3_ws/install/turtlebot3_gazebo/share/turtlebot3_gazebo//models/turtlebot3_common/meshes/burger_base.dae
[2.072s] -- Up-to-date symlink: /home/rishi/turtlebot3_ws/install/turtlebot3_gazebo/share/turtlebot3_gazebo//models/turtlebot3_common/meshes/lds.dae
[2.072s] -- Up-to-date symlink: /home/rishi/turtlebot3_ws/install/turtlebot3_gazebo/share/turtlebot3_gazebo//models/turtlebot3_common/meshes/r200.dae
[2.072s] -- Up-to-date symlink: /home/rishi/turtlebot3_ws/install/turtlebot3_gazebo/share/turtlebot3_gazebo//models/turtlebot3_common/meshes/tire.dae
[2.072s] -- Up-to-date symlink: /home/rishi/turtlebot3_ws/install/turtlebot3_gazebo/share/turtlebot3_gazebo//models/turtlebot3_common/meshes/waffle_base.dae
[2.072s] -- Up-to-date symlink: /home/rishi/turtlebot3_ws/install/turtlebot3_gazebo/share/turtlebot3_gazebo//models/turtlebot3_common/meshes/waffle_pi_base.dae
[2.072s] -- Up-to-date symlink: /home/rishi/turtlebot3_ws/install/turtlebot3_gazebo/share/turtlebot3_gazebo//models/turtlebot3_common/model.config
[2.073s] -- Up-to-date symlink: /home/rishi/turtlebot3_ws/install/turtlebot3_gazebo/share/turtlebot3_gazebo//models/turtlebot3_dqn_world/goal_box/model.config
[2.073s] -- Up-to-date symlink: /home/rishi/turtlebot3_ws/install/turtlebot3_gazebo/share/turtlebot3_gazebo//models/turtlebot3_dqn_world/goal_box/model.sdf
[2.073s] -- Up-to-date symlink: /home/rishi/turtlebot3_ws/install/turtlebot3_gazebo/share/turtlebot3_gazebo//models/turtlebot3_dqn_world/inner_walls/model.config
[2.073s] -- Up-to-date symlink: /home/rishi/turtlebot3_ws/install/turtlebot3_gazebo/share/turtlebot3_gazebo//models/turtlebot3_dqn_world/inner_walls/model.sdf
[2.073s] -- Up-to-date symlink: /home/rishi/turtlebot3_ws/install/turtlebot3_gazebo/share/turtlebot3_gazebo//models/turtlebot3_dqn_world/model.config
[2.073s] -- Up-to-date symlink: /home/rishi/turtlebot3_ws/install/turtlebot3_gazebo/share/turtlebot3_gazebo//models/turtlebot3_dqn_world/model.sdf
[2.073s] -- Up-to-date symlink: /home/rishi/turtlebot3_ws/install/turtlebot3_gazebo/share/turtlebot3_gazebo//models/turtlebot3_dqn_world/obstacle1/model.config
[2.074s] -- Up-to-date symlink: /home/rishi/turtlebot3_ws/install/turtlebot3_gazebo/share/turtlebot3_gazebo//models/turtlebot3_dqn_world/obstacle1/model.sdf
[2.074s] -- Up-to-date symlink: /home/rishi/turtlebot3_ws/install/turtlebot3_gazebo/share/turtlebot3_gazebo//models/turtlebot3_dqn_world/obstacle2/model.config
[2.074s] -- Up-to-date symlink: /home/rishi/turtlebot3_ws/install/turtlebot3_gazebo/share/turtlebot3_gazebo//models/turtlebot3_dqn_world/obstacle2/model.sdf
[2.074s] -- Up-to-date symlink: /home/rishi/turtlebot3_ws/install/turtlebot3_gazebo/share/turtlebot3_gazebo//models/turtlebot3_dqn_world/obstacle_plugin/CMakeLists.txt
[2.074s] -- Up-to-date symlink: /home/rishi/turtlebot3_ws/install/turtlebot3_gazebo/share/turtlebot3_gazebo//models/turtlebot3_dqn_world/obstacle_plugin/obstacle1.cc
[2.074s] -- Up-to-date symlink: /home/rishi/turtlebot3_ws/install/turtlebot3_gazebo/share/turtlebot3_gazebo//models/turtlebot3_dqn_world/obstacle_plugin/obstacle2.cc
[2.074s] -- Up-to-date symlink: /home/rishi/turtlebot3_ws/install/turtlebot3_gazebo/share/turtlebot3_gazebo//models/turtlebot3_dqn_world/obstacle_plugin/obstacles.cc
[2.074s] -- Up-to-date symlink: /home/rishi/turtlebot3_ws/install/turtlebot3_gazebo/share/turtlebot3_gazebo//models/turtlebot3_dqn_world/obstacles/model.config
[2.075s] -- Up-to-date symlink: /home/rishi/turtlebot3_ws/install/turtlebot3_gazebo/share/turtlebot3_gazebo//models/turtlebot3_dqn_world/obstacles/model.sdf
[2.075s] -- Up-to-date symlink: /home/rishi/turtlebot3_ws/install/turtlebot3_gazebo/share/turtlebot3_gazebo//models/turtlebot3_house/model.config
[2.075s] -- Up-to-date symlink: /home/rishi/turtlebot3_ws/install/turtlebot3_gazebo/share/turtlebot3_gazebo//models/turtlebot3_house/model.sdf
[2.075s] -- Up-to-date symlink: /home/rishi/turtlebot3_ws/install/turtlebot3_gazebo/share/turtlebot3_gazebo//models/turtlebot3_waffle/model-1_4.sdf
[2.075s] -- Up-to-date symlink: /home/rishi/turtlebot3_ws/install/turtlebot3_gazebo/share/turtlebot3_gazebo//models/turtlebot3_waffle/model.config
[2.075s] -- Up-to-date symlink: /home/rishi/turtlebot3_ws/install/turtlebot3_gazebo/share/turtlebot3_gazebo//models/turtlebot3_waffle/model.sdf
[2.075s] -- Up-to-date symlink: /home/rishi/turtlebot3_ws/install/turtlebot3_gazebo/share/turtlebot3_gazebo//models/turtlebot3_waffle_pi/model-1_4_.sdf
[2.076s] -- Up-to-date symlink: /home/rishi/turtlebot3_ws/install/turtlebot3_gazebo/share/turtlebot3_gazebo//models/turtlebot3_waffle_pi/model.config
[2.076s] -- Up-to-date symlink: /home/rishi/turtlebot3_ws/install/turtlebot3_gazebo/share/turtlebot3_gazebo//models/turtlebot3_waffle_pi/model.sdf
[2.076s] -- Up-to-date symlink: /home/rishi/turtlebot3_ws/install/turtlebot3_gazebo/share/turtlebot3_gazebo//models/turtlebot3_world/meshes/hexagon.dae
[2.076s] -- Up-to-date symlink: /home/rishi/turtlebot3_ws/install/turtlebot3_gazebo/share/turtlebot3_gazebo//models/turtlebot3_world/meshes/wall.dae
[2.076s] -- Up-to-date symlink: /home/rishi/turtlebot3_ws/install/turtlebot3_gazebo/share/turtlebot3_gazebo//models/turtlebot3_world/model-1_4.sdf
[2.076s] -- Up-to-date symlink: /home/rishi/turtlebot3_ws/install/turtlebot3_gazebo/share/turtlebot3_gazebo//models/turtlebot3_world/model.config
[2.076s] -- Up-to-date symlink: /home/rishi/turtlebot3_ws/install/turtlebot3_gazebo/share/turtlebot3_gazebo//models/turtlebot3_world/model.sdf
[2.076s] -- Up-to-date symlink: /home/rishi/turtlebot3_ws/install/turtlebot3_gazebo/share/turtlebot3_gazebo//rviz/tb3_gazebo.rviz
[2.077s] -- Up-to-date symlink: /home/rishi/turtlebot3_ws/install/turtlebot3_gazebo/share/turtlebot3_gazebo//urdf/common_properties.urdf
[2.077s] -- Up-to-date symlink: /home/rishi/turtlebot3_ws/install/turtlebot3_gazebo/share/turtlebot3_gazebo//urdf/turtlebot3_burger.urdf
[2.077s] -- Up-to-date symlink: /home/rishi/turtlebot3_ws/install/turtlebot3_gazebo/share/turtlebot3_gazebo//urdf/turtlebot3_waffle.urdf
[2.077s] -- Up-to-date symlink: /home/rishi/turtlebot3_ws/install/turtlebot3_gazebo/share/turtlebot3_gazebo//urdf/turtlebot3_waffle_pi.urdf
[2.077s] -- Up-to-date symlink: /home/rishi/turtlebot3_ws/install/turtlebot3_gazebo/share/turtlebot3_gazebo//worlds/empty_world.world
[2.077s] -- Up-to-date symlink: /home/rishi/turtlebot3_ws/install/turtlebot3_gazebo/share/turtlebot3_gazebo//worlds/turtlebot3_dqn_stage1.world
[2.077s] -- Up-to-date symlink: /home/rishi/turtlebot3_ws/install/turtlebot3_gazebo/share/turtlebot3_gazebo//worlds/turtlebot3_dqn_stage2.world
[2.077s] -- Up-to-date symlink: /home/rishi/turtlebot3_ws/install/turtlebot3_gazebo/share/turtlebot3_gazebo//worlds/turtlebot3_dqn_stage3.world
[2.078s] -- Up-to-date symlink: /home/rishi/turtlebot3_ws/install/turtlebot3_gazebo/share/turtlebot3_gazebo//worlds/turtlebot3_dqn_stage4.world
[2.078s] -- Up-to-date symlink: /home/rishi/turtlebot3_ws/install/turtlebot3_gazebo/share/turtlebot3_gazebo//worlds/turtlebot3_house.world
[2.078s] -- Up-to-date symlink: /home/rishi/turtlebot3_ws/install/turtlebot3_gazebo/share/turtlebot3_gazebo//worlds/turtlebot3_world.world
[2.078s] -- Up-to-date symlink: /home/rishi/turtlebot3_ws/install/turtlebot3_gazebo/include//turtlebot3_gazebo/turtlebot3_drive.hpp
[2.078s] -- Up-to-date symlink: /home/rishi/turtlebot3_ws/install/turtlebot3_gazebo/share/ament_index/resource_index/package_run_dependencies/turtlebot3_gazebo
[2.078s] -- Up-to-date symlink: /home/rishi/turtlebot3_ws/install/turtlebot3_gazebo/share/ament_index/resource_index/parent_prefix_path/turtlebot3_gazebo
[2.078s] -- Up-to-date symlink: /home/rishi/turtlebot3_ws/install/turtlebot3_gazebo/share/turtlebot3_gazebo/environment/ament_prefix_path.sh
[2.079s] -- Up-to-date symlink: /home/rishi/turtlebot3_ws/install/turtlebot3_gazebo/share/turtlebot3_gazebo/environment/ament_prefix_path.dsv
[2.079s] -- Up-to-date symlink: /home/rishi/turtlebot3_ws/install/turtlebot3_gazebo/share/turtlebot3_gazebo/environment/path.sh
[2.079s] -- Up-to-date symlink: /home/rishi/turtlebot3_ws/install/turtlebot3_gazebo/share/turtlebot3_gazebo/environment/path.dsv
[2.079s] -- Up-to-date symlink: /home/rishi/turtlebot3_ws/install/turtlebot3_gazebo/share/turtlebot3_gazebo/local_setup.bash
[2.079s] -- Up-to-date symlink: /home/rishi/turtlebot3_ws/install/turtlebot3_gazebo/share/turtlebot3_gazebo/local_setup.sh
[2.079s] -- Up-to-date symlink: /home/rishi/turtlebot3_ws/install/turtlebot3_gazebo/share/turtlebot3_gazebo/local_setup.zsh
[2.079s] -- Up-to-date symlink: /home/rishi/turtlebot3_ws/install/turtlebot3_gazebo/share/turtlebot3_gazebo/local_setup.dsv
[2.079s] -- Symlinking: /home/rishi/turtlebot3_ws/install/turtlebot3_gazebo/share/turtlebot3_gazebo/package.dsv
[2.084s] -- Up-to-date symlink: /home/rishi/turtlebot3_ws/install/turtlebot3_gazebo/share/ament_index/resource_index/packages/turtlebot3_gazebo
[2.084s] -- Up-to-date symlink: /home/rishi/turtlebot3_ws/install/turtlebot3_gazebo/share/turtlebot3_gazebo/cmake/ament_cmake_export_include_directories-extras.cmake
[2.084s] -- Up-to-date symlink: /home/rishi/turtlebot3_ws/install/turtlebot3_gazebo/share/turtlebot3_gazebo/cmake/ament_cmake_export_dependencies-extras.cmake
[2.084s] -- Up-to-date symlink: /home/rishi/turtlebot3_ws/install/turtlebot3_gazebo/share/turtlebot3_gazebo/cmake/turtlebot3_gazeboConfig.cmake
[2.084s] -- Up-to-date symlink: /home/rishi/turtlebot3_ws/install/turtlebot3_gazebo/share/turtlebot3_gazebo/cmake/turtlebot3_gazeboConfig-version.cmake
[2.084s] -- Up-to-date symlink: /home/rishi/turtlebot3_ws/install/turtlebot3_gazebo/share/turtlebot3_gazebo/package.xml
[2.087s] Invoked command in '/home/rishi/turtlebot3_ws/build/turtlebot3_gazebo' returned '0': CMAKE_PREFIX_PATH=${CMAKE_PREFIX_PATH}:/home/rishi/turtlebot3_ws/install/turtlebot3_teleop:/home/rishi/turtlebot3_ws/install/turtlebot3_example:/home/rishi/eyrc/install/ur5_control:/home/rishi/eyrc/install/tasks:/home/rishi/eyrc/install/task_4c:/home/rishi/eyrc/install/pymoveitnn:/home/rishi/eyrc/install/docking_srv:/opt/ros/humble /usr/bin/cmake --install /home/rishi/turtlebot3_ws/build/turtlebot3_gazebo
