[0.048s] Invoking command in '/home/rishi/turtlebot3_ws/build/turtlebot3_navigation2': CMAKE_PREFIX_PATH=${CMAKE_PREFIX_PATH}:/home/rishi/eyrc/install/ur5_control:/home/rishi/eyrc/install/tasks:/home/rishi/eyrc/install/task_4c:/home/rishi/eyrc/install/pymoveitnn:/home/rishi/eyrc/install/docking_srv:/opt/ros/humble /usr/bin/cmake /home/rishi/turtlebot3_ws/src/turtlebot3/turtlebot3_navigation2 -DAMENT_CMAKE_SYMLINK_INSTALL=1 -DCMAKE_INSTALL_PREFIX=/home/rishi/turtlebot3_ws/install/turtlebot3_navigation2
[0.126s] -- The C compiler identification is GNU 11.4.0
[0.222s] -- The CXX compiler identification is GNU 11.4.0
[0.241s] -- Detecting C compiler ABI info
[0.344s] -- Detecting C compiler ABI info - done
[0.365s] -- Check for working C compiler: /usr/bin/cc - skipped
[0.365s] -- Detecting C compile features
[0.366s] -- Detecting C compile features - done
[0.372s] -- Detecting CXX compiler ABI info
[0.496s] -- Detecting CXX compiler ABI info - done
[0.508s] -- Check for working CXX compiler: /usr/bin/c++ - skipped
[0.509s] -- Detecting CXX compile features
[0.510s] -- Detecting CXX compile features - done
[0.516s] -- Found ament_cmake: 1.3.11 (/opt/ros/humble/share/ament_cmake/cmake)
[1.748s] -- Found Python3: /usr/bin/python3 (found version "3.10.12") found components: Interpreter 
[1.859s] -- Override CMake install command with custom implementation using symlinks instead of copying resources
[2.051s] -- Configuring done
[2.054s] -- Generating done
[2.056s] -- Build files have been written to: /home/rishi/turtlebot3_ws/build/turtlebot3_navigation2
[2.062s] Invoked command in '/home/rishi/turtlebot3_ws/build/turtlebot3_navigation2' returned '0': CMAKE_PREFIX_PATH=${CMAKE_PREFIX_PATH}:/home/rishi/eyrc/install/ur5_control:/home/rishi/eyrc/install/tasks:/home/rishi/eyrc/install/task_4c:/home/rishi/eyrc/install/pymoveitnn:/home/rishi/eyrc/install/docking_srv:/opt/ros/humble /usr/bin/cmake /home/rishi/turtlebot3_ws/src/turtlebot3/turtlebot3_navigation2 -DAMENT_CMAKE_SYMLINK_INSTALL=1 -DCMAKE_INSTALL_PREFIX=/home/rishi/turtlebot3_ws/install/turtlebot3_navigation2
[2.066s] Invoking command in '/home/rishi/turtlebot3_ws/build/turtlebot3_navigation2': CMAKE_PREFIX_PATH=${CMAKE_PREFIX_PATH}:/home/rishi/eyrc/install/ur5_control:/home/rishi/eyrc/install/tasks:/home/rishi/eyrc/install/task_4c:/home/rishi/eyrc/install/pymoveitnn:/home/rishi/eyrc/install/docking_srv:/opt/ros/humble /usr/bin/cmake --build /home/rishi/turtlebot3_ws/build/turtlebot3_navigation2 -- -j12 -l12
[2.098s] Invoked command in '/home/rishi/turtlebot3_ws/build/turtlebot3_navigation2' returned '0': CMAKE_PREFIX_PATH=${CMAKE_PREFIX_PATH}:/home/rishi/eyrc/install/ur5_control:/home/rishi/eyrc/install/tasks:/home/rishi/eyrc/install/task_4c:/home/rishi/eyrc/install/pymoveitnn:/home/rishi/eyrc/install/docking_srv:/opt/ros/humble /usr/bin/cmake --build /home/rishi/turtlebot3_ws/build/turtlebot3_navigation2 -- -j12 -l12
[2.108s] Invoking command in '/home/rishi/turtlebot3_ws/build/turtlebot3_navigation2': CMAKE_PREFIX_PATH=${CMAKE_PREFIX_PATH}:/home/rishi/eyrc/install/ur5_control:/home/rishi/eyrc/install/tasks:/home/rishi/eyrc/install/task_4c:/home/rishi/eyrc/install/pymoveitnn:/home/rishi/eyrc/install/docking_srv:/opt/ros/humble /usr/bin/cmake --install /home/rishi/turtlebot3_ws/build/turtlebot3_navigation2
[2.115s] -- Install configuration: ""
[2.117s] -- Execute custom install script
[2.118s] -- Symlinking: /home/rishi/turtlebot3_ws/install/turtlebot3_navigation2/share/turtlebot3_navigation2/launch/navigation2.launch.py
[2.124s] -- Symlinking: /home/rishi/turtlebot3_ws/install/turtlebot3_navigation2/share/turtlebot3_navigation2/map/map.pgm
[2.131s] -- Symlinking: /home/rishi/turtlebot3_ws/install/turtlebot3_navigation2/share/turtlebot3_navigation2/map/map.yaml
[2.138s] -- Symlinking: /home/rishi/turtlebot3_ws/install/turtlebot3_navigation2/share/turtlebot3_navigation2/param/burger.yaml
[2.144s] -- Symlinking: /home/rishi/turtlebot3_ws/install/turtlebot3_navigation2/share/turtlebot3_navigation2/param/waffle.yaml
[2.150s] -- Symlinking: /home/rishi/turtlebot3_ws/install/turtlebot3_navigation2/share/turtlebot3_navigation2/param/waffle_pi.yaml
[2.157s] -- Symlinking: /home/rishi/turtlebot3_ws/install/turtlebot3_navigation2/share/turtlebot3_navigation2/rviz/tb3_navigation2.rviz
[2.167s] -- Symlinking: /home/rishi/turtlebot3_ws/install/turtlebot3_navigation2/share/ament_index/resource_index/package_run_dependencies/turtlebot3_navigation2
[2.175s] -- Symlinking: /home/rishi/turtlebot3_ws/install/turtlebot3_navigation2/share/ament_index/resource_index/parent_prefix_path/turtlebot3_navigation2
[2.182s] -- Symlinking: /home/rishi/turtlebot3_ws/install/turtlebot3_navigation2/share/turtlebot3_navigation2/environment/ament_prefix_path.sh
[2.189s] -- Symlinking: /home/rishi/turtlebot3_ws/install/turtlebot3_navigation2/share/turtlebot3_navigation2/environment/ament_prefix_path.dsv
[2.198s] -- Symlinking: /home/rishi/turtlebot3_ws/install/turtlebot3_navigation2/share/turtlebot3_navigation2/environment/path.sh
[2.205s] -- Symlinking: /home/rishi/turtlebot3_ws/install/turtlebot3_navigation2/share/turtlebot3_navigation2/environment/path.dsv
[2.212s] -- Symlinking: /home/rishi/turtlebot3_ws/install/turtlebot3_navigation2/share/turtlebot3_navigation2/local_setup.bash
[2.218s] -- Symlinking: /home/rishi/turtlebot3_ws/install/turtlebot3_navigation2/share/turtlebot3_navigation2/local_setup.sh
[2.225s] -- Symlinking: /home/rishi/turtlebot3_ws/install/turtlebot3_navigation2/share/turtlebot3_navigation2/local_setup.zsh
[2.233s] -- Symlinking: /home/rishi/turtlebot3_ws/install/turtlebot3_navigation2/share/turtlebot3_navigation2/local_setup.dsv
[2.240s] -- Symlinking: /home/rishi/turtlebot3_ws/install/turtlebot3_navigation2/share/turtlebot3_navigation2/package.dsv
[2.248s] -- Symlinking: /home/rishi/turtlebot3_ws/install/turtlebot3_navigation2/share/ament_index/resource_index/packages/turtlebot3_navigation2
[2.255s] -- Symlinking: /home/rishi/turtlebot3_ws/install/turtlebot3_navigation2/share/turtlebot3_navigation2/cmake/turtlebot3_navigation2Config.cmake
[2.262s] -- Symlinking: /home/rishi/turtlebot3_ws/install/turtlebot3_navigation2/share/turtlebot3_navigation2/cmake/turtlebot3_navigation2Config-version.cmake
[2.271s] -- Symlinking: /home/rishi/turtlebot3_ws/install/turtlebot3_navigation2/share/turtlebot3_navigation2/package.xml
[2.309s] Invoked command in '/home/rishi/turtlebot3_ws/build/turtlebot3_navigation2' returned '0': CMAKE_PREFIX_PATH=${CMAKE_PREFIX_PATH}:/home/rishi/eyrc/install/ur5_control:/home/rishi/eyrc/install/tasks:/home/rishi/eyrc/install/task_4c:/home/rishi/eyrc/install/pymoveitnn:/home/rishi/eyrc/install/docking_srv:/opt/ros/humble /usr/bin/cmake --install /home/rishi/turtlebot3_ws/build/turtlebot3_navigation2
