[0.061s] Invoking command in '/home/rishi/turtlebot3_ws/build/dynamixel_sdk': CMAKE_PREFIX_PATH=${CMAKE_PREFIX_PATH}:/home/rishi/turtlebot3_ws/install/turtlebot3_teleop:/home/rishi/turtlebot3_ws/install/turtlebot3_example:/home/rishi/eyrc/install/ur5_control:/home/rishi/eyrc/install/tasks:/home/rishi/eyrc/install/task_4c:/home/rishi/eyrc/install/pymoveitnn:/home/rishi/eyrc/install/docking_srv:/opt/ros/humble /usr/bin/cmake /home/rishi/turtlebot3_ws/src/DynamixelSDK/dynamixel_sdk -DCMAKE_INSTALL_PREFIX=/home/rishi/turtlebot3_ws/install/dynamixel_sdk
[0.085s] -- Found ament_cmake: 1.3.11 (/opt/ros/humble/share/ament_cmake/cmake)
[0.216s] -- Override CMake install command with custom implementation using symlinks instead of copying resources
[0.341s] -- Configuring done
[0.352s] -- Generating done
[0.356s] -- Build files have been written to: /home/rishi/turtlebot3_ws/build/dynamixel_sdk
[0.688s] Invoked command in '/home/rishi/turtlebot3_ws/build/dynamixel_sdk' returned '0': CMAKE_PREFIX_PATH=${CMAKE_PREFIX_PATH}:/home/rishi/turtlebot3_ws/install/turtlebot3_teleop:/home/rishi/turtlebot3_ws/install/turtlebot3_example:/home/rishi/eyrc/install/ur5_control:/home/rishi/eyrc/install/tasks:/home/rishi/eyrc/install/task_4c:/home/rishi/eyrc/install/pymoveitnn:/home/rishi/eyrc/install/docking_srv:/opt/ros/humble /usr/bin/cmake /home/rishi/turtlebot3_ws/src/DynamixelSDK/dynamixel_sdk -DCMAKE_INSTALL_PREFIX=/home/rishi/turtlebot3_ws/install/dynamixel_sdk
[0.690s] Invoking command in '/home/rishi/turtlebot3_ws/build/dynamixel_sdk': CMAKE_PREFIX_PATH=${CMAKE_PREFIX_PATH}:/home/rishi/turtlebot3_ws/install/turtlebot3_teleop:/home/rishi/turtlebot3_ws/install/turtlebot3_example:/home/rishi/eyrc/install/ur5_control:/home/rishi/eyrc/install/tasks:/home/rishi/eyrc/install/task_4c:/home/rishi/eyrc/install/pymoveitnn:/home/rishi/eyrc/install/docking_srv:/opt/ros/humble /usr/bin/cmake --build /home/rishi/turtlebot3_ws/build/dynamixel_sdk -- -j12 -l12
[0.750s] [100%] Built target dynamixel_sdk
[0.813s] Invoked command in '/home/rishi/turtlebot3_ws/build/dynamixel_sdk' returned '0': CMAKE_PREFIX_PATH=${CMAKE_PREFIX_PATH}:/home/rishi/turtlebot3_ws/install/turtlebot3_teleop:/home/rishi/turtlebot3_ws/install/turtlebot3_example:/home/rishi/eyrc/install/ur5_control:/home/rishi/eyrc/install/tasks:/home/rishi/eyrc/install/task_4c:/home/rishi/eyrc/install/pymoveitnn:/home/rishi/eyrc/install/docking_srv:/opt/ros/humble /usr/bin/cmake --build /home/rishi/turtlebot3_ws/build/dynamixel_sdk -- -j12 -l12
[0.815s] Invoking command in '/home/rishi/turtlebot3_ws/build/dynamixel_sdk': CMAKE_PREFIX_PATH=${CMAKE_PREFIX_PATH}:/home/rishi/turtlebot3_ws/install/turtlebot3_teleop:/home/rishi/turtlebot3_ws/install/turtlebot3_example:/home/rishi/eyrc/install/ur5_control:/home/rishi/eyrc/install/tasks:/home/rishi/eyrc/install/task_4c:/home/rishi/eyrc/install/pymoveitnn:/home/rishi/eyrc/install/docking_srv:/opt/ros/humble /usr/bin/cmake --install /home/rishi/turtlebot3_ws/build/dynamixel_sdk
[0.819s] -- Install configuration: ""
[0.820s] -- Execute custom install script
[0.821s] -- Up-to-date symlink: /home/rishi/turtlebot3_ws/install/dynamixel_sdk/include//dynamixel_sdk/dynamixel_sdk.h
[0.821s] -- Up-to-date symlink: /home/rishi/turtlebot3_ws/install/dynamixel_sdk/include//dynamixel_sdk/group_bulk_read.h
[0.821s] -- Up-to-date symlink: /home/rishi/turtlebot3_ws/install/dynamixel_sdk/include//dynamixel_sdk/group_bulk_write.h
[0.821s] -- Up-to-date symlink: /home/rishi/turtlebot3_ws/install/dynamixel_sdk/include//dynamixel_sdk/group_fast_bulk_read.h
[0.822s] -- Up-to-date symlink: /home/rishi/turtlebot3_ws/install/dynamixel_sdk/include//dynamixel_sdk/group_fast_sync_read.h
[0.822s] -- Up-to-date symlink: /home/rishi/turtlebot3_ws/install/dynamixel_sdk/include//dynamixel_sdk/group_handler.h
[0.822s] -- Up-to-date symlink: /home/rishi/turtlebot3_ws/install/dynamixel_sdk/include//dynamixel_sdk/group_sync_read.h
[0.822s] -- Up-to-date symlink: /home/rishi/turtlebot3_ws/install/dynamixel_sdk/include//dynamixel_sdk/group_sync_write.h
[0.822s] -- Up-to-date symlink: /home/rishi/turtlebot3_ws/install/dynamixel_sdk/include//dynamixel_sdk/packet_handler.h
[0.822s] -- Up-to-date symlink: /home/rishi/turtlebot3_ws/install/dynamixel_sdk/include//dynamixel_sdk/port_handler.h
[0.823s] -- Up-to-date symlink: /home/rishi/turtlebot3_ws/install/dynamixel_sdk/include//dynamixel_sdk/port_handler_arduino.h
[0.823s] -- Up-to-date symlink: /home/rishi/turtlebot3_ws/install/dynamixel_sdk/include//dynamixel_sdk/port_handler_linux.h
[0.824s] -- Up-to-date symlink: /home/rishi/turtlebot3_ws/install/dynamixel_sdk/include//dynamixel_sdk/port_handler_mac.h
[0.824s] -- Up-to-date symlink: /home/rishi/turtlebot3_ws/install/dynamixel_sdk/include//dynamixel_sdk/port_handler_windows.h
[0.824s] -- Up-to-date symlink: /home/rishi/turtlebot3_ws/install/dynamixel_sdk/include//dynamixel_sdk/protocol1_packet_handler.h
[0.824s] -- Up-to-date symlink: /home/rishi/turtlebot3_ws/install/dynamixel_sdk/include//dynamixel_sdk/protocol2_packet_handler.h
[0.825s] -- Up-to-date symlink: /home/rishi/turtlebot3_ws/install/dynamixel_sdk/lib/libdynamixel_sdk.so
[0.825s] -- Up-to-date symlink: /home/rishi/turtlebot3_ws/install/dynamixel_sdk/share/dynamixel_sdk/environment/library_path.sh
[0.825s] -- Up-to-date symlink: /home/rishi/turtlebot3_ws/install/dynamixel_sdk/share/dynamixel_sdk/environment/library_path.dsv
[0.825s] -- Up-to-date symlink: /home/rishi/turtlebot3_ws/install/dynamixel_sdk/share/ament_index/resource_index/package_run_dependencies/dynamixel_sdk
[0.826s] -- Up-to-date symlink: /home/rishi/turtlebot3_ws/install/dynamixel_sdk/share/ament_index/resource_index/parent_prefix_path/dynamixel_sdk
[0.826s] -- Up-to-date symlink: /home/rishi/turtlebot3_ws/install/dynamixel_sdk/share/dynamixel_sdk/environment/ament_prefix_path.sh
[0.826s] -- Up-to-date symlink: /home/rishi/turtlebot3_ws/install/dynamixel_sdk/share/dynamixel_sdk/environment/ament_prefix_path.dsv
[0.827s] -- Up-to-date symlink: /home/rishi/turtlebot3_ws/install/dynamixel_sdk/share/dynamixel_sdk/environment/path.sh
[0.827s] -- Up-to-date symlink: /home/rishi/turtlebot3_ws/install/dynamixel_sdk/share/dynamixel_sdk/environment/path.dsv
[0.827s] -- Up-to-date symlink: /home/rishi/turtlebot3_ws/install/dynamixel_sdk/share/dynamixel_sdk/local_setup.bash
[0.827s] -- Up-to-date symlink: /home/rishi/turtlebot3_ws/install/dynamixel_sdk/share/dynamixel_sdk/local_setup.sh
[0.828s] -- Up-to-date symlink: /home/rishi/turtlebot3_ws/install/dynamixel_sdk/share/dynamixel_sdk/local_setup.zsh
[0.828s] -- Up-to-date symlink: /home/rishi/turtlebot3_ws/install/dynamixel_sdk/share/dynamixel_sdk/local_setup.dsv
[0.828s] -- Symlinking: /home/rishi/turtlebot3_ws/install/dynamixel_sdk/share/dynamixel_sdk/package.dsv
[0.834s] -- Up-to-date symlink: /home/rishi/turtlebot3_ws/install/dynamixel_sdk/share/ament_index/resource_index/packages/dynamixel_sdk
[0.834s] -- Up-to-date symlink: /home/rishi/turtlebot3_ws/install/dynamixel_sdk/share/dynamixel_sdk/cmake/ament_cmake_export_include_directories-extras.cmake
[0.835s] -- Up-to-date symlink: /home/rishi/turtlebot3_ws/install/dynamixel_sdk/share/dynamixel_sdk/cmake/ament_cmake_export_libraries-extras.cmake
[0.835s] -- Up-to-date symlink: /home/rishi/turtlebot3_ws/install/dynamixel_sdk/share/dynamixel_sdk/cmake/dynamixel_sdkConfig.cmake
[0.835s] -- Up-to-date symlink: /home/rishi/turtlebot3_ws/install/dynamixel_sdk/share/dynamixel_sdk/cmake/dynamixel_sdkConfig-version.cmake
[0.835s] -- Up-to-date symlink: /home/rishi/turtlebot3_ws/install/dynamixel_sdk/share/dynamixel_sdk/package.xml
[0.838s] Invoked command in '/home/rishi/turtlebot3_ws/build/dynamixel_sdk' returned '0': CMAKE_PREFIX_PATH=${CMAKE_PREFIX_PATH}:/home/rishi/turtlebot3_ws/install/turtlebot3_teleop:/home/rishi/turtlebot3_ws/install/turtlebot3_example:/home/rishi/eyrc/install/ur5_control:/home/rishi/eyrc/install/tasks:/home/rishi/eyrc/install/task_4c:/home/rishi/eyrc/install/pymoveitnn:/home/rishi/eyrc/install/docking_srv:/opt/ros/humble /usr/bin/cmake --install /home/rishi/turtlebot3_ws/build/dynamixel_sdk
