[1.178s] Invoking command in '/home/rishi/turtlebot3_ws/src/aruco_marker_detection': PYTHONPATH=/home/rishi/turtlebot3_ws/build/aruco_marker_detection/prefix_override:/usr/lib/python3/dist-packages/colcon_core/task/python/colcon_distutils_commands:/home/rishi/turtlebot3_ws/install/aruco_marker_detection/lib/python3.10/site-packages:${PYTHONPATH} /usr/bin/python3 -W ignore:setup.py install is deprecated -W ignore:easy_install command is deprecated setup.py egg_info --egg-base ../../build/aruco_marker_detection build --build-base /home/rishi/turtlebot3_ws/build/aruco_marker_detection/build install --record /home/rishi/turtlebot3_ws/build/aruco_marker_detection/install.log --single-version-externally-managed install_data
[1.469s] running egg_info
[1.481s] writing ../../build/aruco_marker_detection/aruco_marker_detection.egg-info/PKG-INFO
[1.481s] writing dependency_links to ../../build/aruco_marker_detection/aruco_marker_detection.egg-info/dependency_links.txt
[1.481s] writing entry points to ../../build/aruco_marker_detection/aruco_marker_detection.egg-info/entry_points.txt
[1.481s] writing requirements to ../../build/aruco_marker_detection/aruco_marker_detection.egg-info/requires.txt
[1.481s] writing top-level names to ../../build/aruco_marker_detection/aruco_marker_detection.egg-info/top_level.txt
[1.505s] reading manifest file '../../build/aruco_marker_detection/aruco_marker_detection.egg-info/SOURCES.txt'
[1.506s] writing manifest file '../../build/aruco_marker_detection/aruco_marker_detection.egg-info/SOURCES.txt'
[1.506s] running build
[1.506s] running build_py
[1.506s] running install
[1.511s] running install_lib
[1.523s] running install_data
[1.523s] running install_egg_info
[1.536s] removing '/home/rishi/turtlebot3_ws/install/aruco_marker_detection/lib/python3.10/site-packages/aruco_marker_detection-0.0.0-py3.10.egg-info' (and everything under it)
[1.536s] Copying ../../build/aruco_marker_detection/aruco_marker_detection.egg-info to /home/rishi/turtlebot3_ws/install/aruco_marker_detection/lib/python3.10/site-packages/aruco_marker_detection-0.0.0-py3.10.egg-info
[1.536s] running install_scripts
[1.582s] Installing aruco_detection_node script to /home/rishi/turtlebot3_ws/install/aruco_marker_detection/lib/aruco_marker_detection
[1.582s] writing list of installed files to '/home/rishi/turtlebot3_ws/build/aruco_marker_detection/install.log'
[1.625s] Invoked command in '/home/rishi/turtlebot3_ws/src/aruco_marker_detection' returned '0': PYTHONPATH=/home/rishi/turtlebot3_ws/build/aruco_marker_detection/prefix_override:/usr/lib/python3/dist-packages/colcon_core/task/python/colcon_distutils_commands:/home/rishi/turtlebot3_ws/install/aruco_marker_detection/lib/python3.10/site-packages:${PYTHONPATH} /usr/bin/python3 -W ignore:setup.py install is deprecated -W ignore:easy_install command is deprecated setup.py egg_info --egg-base ../../build/aruco_marker_detection build --build-base /home/rishi/turtlebot3_ws/build/aruco_marker_detection/build install --record /home/rishi/turtlebot3_ws/build/aruco_marker_detection/install.log --single-version-externally-managed install_data
