[2.341s] Invoking command in '/home/rishi/turtlebot3_ws/build/turtlebot3_teleop': PYTHONPATH=/home/rishi/turtlebot3_ws/build/turtlebot3_teleop/prefix_override:/usr/lib/python3/dist-packages/colcon_core/task/python/colcon_distutils_commands:/home/rishi/turtlebot3_ws/install/turtlebot3_teleop/lib/python3.10/site-packages:${PYTHONPATH} /usr/bin/python3 -W ignore:setup.py install is deprecated -W ignore:easy_install command is deprecated setup.py develop --editable --build-directory /home/rishi/turtlebot3_ws/build/turtlebot3_teleop/build --no-deps symlink_data
[3.203s] running develop
[3.792s] running egg_info
[3.792s] creating turtlebot3_teleop.egg-info
[3.822s] writing turtlebot3_teleop.egg-info/PKG-INFO
[3.822s] writing dependency_links to turtlebot3_teleop.egg-info/dependency_links.txt
[3.822s] writing entry points to turtlebot3_teleop.egg-info/entry_points.txt
[3.822s] writing requirements to turtlebot3_teleop.egg-info/requires.txt
[3.823s] writing top-level names to turtlebot3_teleop.egg-info/top_level.txt
[3.823s] writing manifest file 'turtlebot3_teleop.egg-info/SOURCES.txt'
[3.900s] reading manifest file 'turtlebot3_teleop.egg-info/SOURCES.txt'
[3.901s] writing manifest file 'turtlebot3_teleop.egg-info/SOURCES.txt'
[3.942s] running build_ext
[3.943s] Creating /home/rishi/turtlebot3_ws/install/turtlebot3_teleop/lib/python3.10/site-packages/turtlebot3-teleop.egg-link (link to .)
[3.944s] Installing teleop_keyboard script to /home/rishi/turtlebot3_ws/install/turtlebot3_teleop/lib/turtlebot3_teleop
[3.944s] 
[3.945s] Installed /home/rishi/turtlebot3_ws/build/turtlebot3_teleop
[3.945s] running symlink_data
[3.945s] creating /home/rishi/turtlebot3_ws/install/turtlebot3_teleop/share/ament_index
[3.945s] creating /home/rishi/turtlebot3_ws/install/turtlebot3_teleop/share/ament_index/resource_index
[3.945s] creating /home/rishi/turtlebot3_ws/install/turtlebot3_teleop/share/ament_index/resource_index/packages
[3.945s] symbolically linking /home/rishi/turtlebot3_ws/build/turtlebot3_teleop/resource/turtlebot3_teleop -> /home/rishi/turtlebot3_ws/install/turtlebot3_teleop/share/ament_index/resource_index/packages
[3.945s] symbolically linking /home/rishi/turtlebot3_ws/build/turtlebot3_teleop/package.xml -> /home/rishi/turtlebot3_ws/install/turtlebot3_teleop/share/turtlebot3_teleop
[4.045s] Invoked command in '/home/rishi/turtlebot3_ws/build/turtlebot3_teleop' returned '0': PYTHONPATH=/home/rishi/turtlebot3_ws/build/turtlebot3_teleop/prefix_override:/usr/lib/python3/dist-packages/colcon_core/task/python/colcon_distutils_commands:/home/rishi/turtlebot3_ws/install/turtlebot3_teleop/lib/python3.10/site-packages:${PYTHONPATH} /usr/bin/python3 -W ignore:setup.py install is deprecated -W ignore:easy_install command is deprecated setup.py develop --editable --build-directory /home/rishi/turtlebot3_ws/build/turtlebot3_teleop/build --no-deps symlink_data
