[0.049s] Invoking command in '/home/rishi/turtlebot3_ws/build/turtlebot3_cartographer': CMAKE_PREFIX_PATH=${CMAKE_PREFIX_PATH}:/home/rishi/turtlebot3_ws/install/turtlebot3_teleop:/home/rishi/turtlebot3_ws/install/turtlebot3_example:/home/rishi/eyrc/install/ur5_control:/home/rishi/eyrc/install/tasks:/home/rishi/eyrc/install/task_4c:/home/rishi/eyrc/install/pymoveitnn:/home/rishi/eyrc/install/docking_srv:/opt/ros/humble /usr/bin/cmake /home/rishi/turtlebot3_ws/src/turtlebot3/turtlebot3_cartographer -DCMAKE_INSTALL_PREFIX=/home/rishi/turtlebot3_ws/install/turtlebot3_cartographer
[0.065s] -- Found ament_cmake: 1.3.11 (/opt/ros/humble/share/ament_cmake/cmake)
[0.203s] -- Override CMake install command with custom implementation using symlinks instead of copying resources
[0.319s] -- Configuring done
[0.325s] -- Generating done
[0.327s] -- Build files have been written to: /home/rishi/turtlebot3_ws/build/turtlebot3_cartographer
[0.662s] Invoked command in '/home/rishi/turtlebot3_ws/build/turtlebot3_cartographer' returned '0': CMAKE_PREFIX_PATH=${CMAKE_PREFIX_PATH}:/home/rishi/turtlebot3_ws/install/turtlebot3_teleop:/home/rishi/turtlebot3_ws/install/turtlebot3_example:/home/rishi/eyrc/install/ur5_control:/home/rishi/eyrc/install/tasks:/home/rishi/eyrc/install/task_4c:/home/rishi/eyrc/install/pymoveitnn:/home/rishi/eyrc/install/docking_srv:/opt/ros/humble /usr/bin/cmake /home/rishi/turtlebot3_ws/src/turtlebot3/turtlebot3_cartographer -DCMAKE_INSTALL_PREFIX=/home/rishi/turtlebot3_ws/install/turtlebot3_cartographer
[0.665s] Invoking command in '/home/rishi/turtlebot3_ws/build/turtlebot3_cartographer': CMAKE_PREFIX_PATH=${CMAKE_PREFIX_PATH}:/home/rishi/turtlebot3_ws/install/turtlebot3_teleop:/home/rishi/turtlebot3_ws/install/turtlebot3_example:/home/rishi/eyrc/install/ur5_control:/home/rishi/eyrc/install/tasks:/home/rishi/eyrc/install/task_4c:/home/rishi/eyrc/install/pymoveitnn:/home/rishi/eyrc/install/docking_srv:/opt/ros/humble /usr/bin/cmake --build /home/rishi/turtlebot3_ws/build/turtlebot3_cartographer -- -j12 -l12
[0.691s] Invoked command in '/home/rishi/turtlebot3_ws/build/turtlebot3_cartographer' returned '0': CMAKE_PREFIX_PATH=${CMAKE_PREFIX_PATH}:/home/rishi/turtlebot3_ws/install/turtlebot3_teleop:/home/rishi/turtlebot3_ws/install/turtlebot3_example:/home/rishi/eyrc/install/ur5_control:/home/rishi/eyrc/install/tasks:/home/rishi/eyrc/install/task_4c:/home/rishi/eyrc/install/pymoveitnn:/home/rishi/eyrc/install/docking_srv:/opt/ros/humble /usr/bin/cmake --build /home/rishi/turtlebot3_ws/build/turtlebot3_cartographer -- -j12 -l12
[0.700s] Invoking command in '/home/rishi/turtlebot3_ws/build/turtlebot3_cartographer': CMAKE_PREFIX_PATH=${CMAKE_PREFIX_PATH}:/home/rishi/turtlebot3_ws/install/turtlebot3_teleop:/home/rishi/turtlebot3_ws/install/turtlebot3_example:/home/rishi/eyrc/install/ur5_control:/home/rishi/eyrc/install/tasks:/home/rishi/eyrc/install/task_4c:/home/rishi/eyrc/install/pymoveitnn:/home/rishi/eyrc/install/docking_srv:/opt/ros/humble /usr/bin/cmake --install /home/rishi/turtlebot3_ws/build/turtlebot3_cartographer
[0.707s] -- Install configuration: ""
[0.707s] -- Execute custom install script
[0.707s] -- Up-to-date symlink: /home/rishi/turtlebot3_ws/install/turtlebot3_cartographer/share/turtlebot3_cartographer/config/turtlebot3_lds_2d.lua
[0.708s] -- Up-to-date symlink: /home/rishi/turtlebot3_ws/install/turtlebot3_cartographer/share/turtlebot3_cartographer/launch/cartographer.launch.py
[0.708s] -- Up-to-date symlink: /home/rishi/turtlebot3_ws/install/turtlebot3_cartographer/share/turtlebot3_cartographer/launch/occupancy_grid.launch.py
[0.709s] -- Up-to-date symlink: /home/rishi/turtlebot3_ws/install/turtlebot3_cartographer/share/turtlebot3_cartographer/rviz/tb3_cartographer.rviz
[0.710s] -- Up-to-date symlink: /home/rishi/turtlebot3_ws/install/turtlebot3_cartographer/share/ament_index/resource_index/package_run_dependencies/turtlebot3_cartographer
[0.711s] -- Up-to-date symlink: /home/rishi/turtlebot3_ws/install/turtlebot3_cartographer/share/ament_index/resource_index/parent_prefix_path/turtlebot3_cartographer
[0.711s] -- Up-to-date symlink: /home/rishi/turtlebot3_ws/install/turtlebot3_cartographer/share/turtlebot3_cartographer/environment/ament_prefix_path.sh
[0.711s] -- Up-to-date symlink: /home/rishi/turtlebot3_ws/install/turtlebot3_cartographer/share/turtlebot3_cartographer/environment/ament_prefix_path.dsv
[0.711s] -- Up-to-date symlink: /home/rishi/turtlebot3_ws/install/turtlebot3_cartographer/share/turtlebot3_cartographer/environment/path.sh
[0.711s] -- Up-to-date symlink: /home/rishi/turtlebot3_ws/install/turtlebot3_cartographer/share/turtlebot3_cartographer/environment/path.dsv
[0.712s] -- Up-to-date symlink: /home/rishi/turtlebot3_ws/install/turtlebot3_cartographer/share/turtlebot3_cartographer/local_setup.bash
[0.713s] -- Up-to-date symlink: /home/rishi/turtlebot3_ws/install/turtlebot3_cartographer/share/turtlebot3_cartographer/local_setup.sh
[0.715s] -- Up-to-date symlink: /home/rishi/turtlebot3_ws/install/turtlebot3_cartographer/share/turtlebot3_cartographer/local_setup.zsh
[0.715s] -- Up-to-date symlink: /home/rishi/turtlebot3_ws/install/turtlebot3_cartographer/share/turtlebot3_cartographer/local_setup.dsv
[0.715s] -- Symlinking: /home/rishi/turtlebot3_ws/install/turtlebot3_cartographer/share/turtlebot3_cartographer/package.dsv
[0.721s] -- Up-to-date symlink: /home/rishi/turtlebot3_ws/install/turtlebot3_cartographer/share/ament_index/resource_index/packages/turtlebot3_cartographer
[0.721s] -- Up-to-date symlink: /home/rishi/turtlebot3_ws/install/turtlebot3_cartographer/share/turtlebot3_cartographer/cmake/turtlebot3_cartographerConfig.cmake
[0.722s] -- Up-to-date symlink: /home/rishi/turtlebot3_ws/install/turtlebot3_cartographer/share/turtlebot3_cartographer/cmake/turtlebot3_cartographerConfig-version.cmake
[0.722s] -- Up-to-date symlink: /home/rishi/turtlebot3_ws/install/turtlebot3_cartographer/share/turtlebot3_cartographer/package.xml
[0.726s] Invoked command in '/home/rishi/turtlebot3_ws/build/turtlebot3_cartographer' returned '0': CMAKE_PREFIX_PATH=${CMAKE_PREFIX_PATH}:/home/rishi/turtlebot3_ws/install/turtlebot3_teleop:/home/rishi/turtlebot3_ws/install/turtlebot3_example:/home/rishi/eyrc/install/ur5_control:/home/rishi/eyrc/install/tasks:/home/rishi/eyrc/install/task_4c:/home/rishi/eyrc/install/pymoveitnn:/home/rishi/eyrc/install/docking_srv:/opt/ros/humble /usr/bin/cmake --install /home/rishi/turtlebot3_ws/build/turtlebot3_cartographer
