[1.866s] Invoking command in '/home/rishi/turtlebot3_ws/build/turtlebot3_teleop': PYTHONPATH=/home/rishi/turtlebot3_ws/build/turtlebot3_teleop/prefix_override:/usr/lib/python3/dist-packages/colcon_core/task/python/colcon_distutils_commands:/home/rishi/turtlebot3_ws/install/turtlebot3_teleop/lib/python3.10/site-packages:${PYTHONPATH} /usr/bin/python3 -W ignore:setup.py install is deprecated -W ignore:easy_install command is deprecated setup.py develop --uninstall --editable --build-directory /home/rishi/turtlebot3_ws/build/turtlebot3_teleop/build
[2.413s] running develop
[2.792s] Removing /home/rishi/turtlebot3_ws/install/turtlebot3_teleop/lib/python3.10/site-packages/turtlebot3-teleop.egg-link (link to .)
[3.084s] Invoked command in '/home/rishi/turtlebot3_ws/build/turtlebot3_teleop' returned '0': PYTHONPATH=/home/rishi/turtlebot3_ws/build/turtlebot3_teleop/prefix_override:/usr/lib/python3/dist-packages/colcon_core/task/python/colcon_distutils_commands:/home/rishi/turtlebot3_ws/install/turtlebot3_teleop/lib/python3.10/site-packages:${PYTHONPATH} /usr/bin/python3 -W ignore:setup.py install is deprecated -W ignore:easy_install command is deprecated setup.py develop --uninstall --editable --build-directory /home/rishi/turtlebot3_ws/build/turtlebot3_teleop/build
[3.086s] Invoking command in '/home/rishi/turtlebot3_ws/src/turtlebot3/turtlebot3_teleop': PYTHONPATH=/home/rishi/turtlebot3_ws/build/turtlebot3_teleop/prefix_override:/usr/lib/python3/dist-packages/colcon_core/task/python/colcon_distutils_commands:/home/rishi/turtlebot3_ws/install/turtlebot3_teleop/lib/python3.10/site-packages:${PYTHONPATH} /usr/bin/python3 -W ignore:setup.py install is deprecated -W ignore:easy_install command is deprecated setup.py egg_info --egg-base ../../../build/turtlebot3_teleop build --build-base /home/rishi/turtlebot3_ws/build/turtlebot3_teleop/build install --record /home/rishi/turtlebot3_ws/build/turtlebot3_teleop/install.log --single-version-externally-managed install_data --force
[3.692s] running egg_info
[3.728s] writing ../../../build/turtlebot3_teleop/turtlebot3_teleop.egg-info/PKG-INFO
[3.728s] writing dependency_links to ../../../build/turtlebot3_teleop/turtlebot3_teleop.egg-info/dependency_links.txt
[3.728s] writing entry points to ../../../build/turtlebot3_teleop/turtlebot3_teleop.egg-info/entry_points.txt
[3.728s] writing requirements to ../../../build/turtlebot3_teleop/turtlebot3_teleop.egg-info/requires.txt
[3.729s] writing top-level names to ../../../build/turtlebot3_teleop/turtlebot3_teleop.egg-info/top_level.txt
[3.777s] reading manifest file '../../../build/turtlebot3_teleop/turtlebot3_teleop.egg-info/SOURCES.txt'
[3.779s] writing manifest file '../../../build/turtlebot3_teleop/turtlebot3_teleop.egg-info/SOURCES.txt'
[3.779s] running build
[3.779s] running build_py
[3.779s] creating /home/rishi/turtlebot3_ws/build/turtlebot3_teleop/build
[3.779s] creating /home/rishi/turtlebot3_ws/build/turtlebot3_teleop/build/lib
[3.779s] creating /home/rishi/turtlebot3_ws/build/turtlebot3_teleop/build/lib/turtlebot3_teleop
[3.779s] copying turtlebot3_teleop/__init__.py -> /home/rishi/turtlebot3_ws/build/turtlebot3_teleop/build/lib/turtlebot3_teleop
[3.780s] creating /home/rishi/turtlebot3_ws/build/turtlebot3_teleop/build/lib/turtlebot3_teleop/script
[3.780s] copying turtlebot3_teleop/script/teleop_keyboard.py -> /home/rishi/turtlebot3_ws/build/turtlebot3_teleop/build/lib/turtlebot3_teleop/script
[3.780s] copying turtlebot3_teleop/script/__init__.py -> /home/rishi/turtlebot3_ws/build/turtlebot3_teleop/build/lib/turtlebot3_teleop/script
[3.780s] running install
[3.789s] running install_lib
[3.811s] creating /home/rishi/turtlebot3_ws/install/turtlebot3_teleop/lib/python3.10/site-packages/turtlebot3_teleop
[3.811s] creating /home/rishi/turtlebot3_ws/install/turtlebot3_teleop/lib/python3.10/site-packages/turtlebot3_teleop/script
[3.811s] copying /home/rishi/turtlebot3_ws/build/turtlebot3_teleop/build/lib/turtlebot3_teleop/script/teleop_keyboard.py -> /home/rishi/turtlebot3_ws/install/turtlebot3_teleop/lib/python3.10/site-packages/turtlebot3_teleop/script
[3.812s] copying /home/rishi/turtlebot3_ws/build/turtlebot3_teleop/build/lib/turtlebot3_teleop/script/__init__.py -> /home/rishi/turtlebot3_ws/install/turtlebot3_teleop/lib/python3.10/site-packages/turtlebot3_teleop/script
[3.812s] copying /home/rishi/turtlebot3_ws/build/turtlebot3_teleop/build/lib/turtlebot3_teleop/__init__.py -> /home/rishi/turtlebot3_ws/install/turtlebot3_teleop/lib/python3.10/site-packages/turtlebot3_teleop
[3.812s] byte-compiling /home/rishi/turtlebot3_ws/install/turtlebot3_teleop/lib/python3.10/site-packages/turtlebot3_teleop/script/teleop_keyboard.py to teleop_keyboard.cpython-310.pyc
[3.814s] byte-compiling /home/rishi/turtlebot3_ws/install/turtlebot3_teleop/lib/python3.10/site-packages/turtlebot3_teleop/script/__init__.py to __init__.cpython-310.pyc
[3.814s] byte-compiling /home/rishi/turtlebot3_ws/install/turtlebot3_teleop/lib/python3.10/site-packages/turtlebot3_teleop/__init__.py to __init__.cpython-310.pyc
[3.814s] running install_data
[3.814s] copying resource/turtlebot3_teleop -> /home/rishi/turtlebot3_ws/install/turtlebot3_teleop/share/ament_index/resource_index/packages
[3.814s] copying package.xml -> /home/rishi/turtlebot3_ws/install/turtlebot3_teleop/share/turtlebot3_teleop
[3.815s] running install_egg_info
[3.837s] Copying ../../../build/turtlebot3_teleop/turtlebot3_teleop.egg-info to /home/rishi/turtlebot3_ws/install/turtlebot3_teleop/lib/python3.10/site-packages/turtlebot3_teleop-2.1.5-py3.10.egg-info
[3.838s] running install_scripts
[3.921s] Installing teleop_keyboard script to /home/rishi/turtlebot3_ws/install/turtlebot3_teleop/lib/turtlebot3_teleop
[3.922s] writing list of installed files to '/home/rishi/turtlebot3_ws/build/turtlebot3_teleop/install.log'
[3.974s] Invoked command in '/home/rishi/turtlebot3_ws/src/turtlebot3/turtlebot3_teleop' returned '0': PYTHONPATH=/home/rishi/turtlebot3_ws/build/turtlebot3_teleop/prefix_override:/usr/lib/python3/dist-packages/colcon_core/task/python/colcon_distutils_commands:/home/rishi/turtlebot3_ws/install/turtlebot3_teleop/lib/python3.10/site-packages:${PYTHONPATH} /usr/bin/python3 -W ignore:setup.py install is deprecated -W ignore:easy_install command is deprecated setup.py egg_info --egg-base ../../../build/turtlebot3_teleop build --build-base /home/rishi/turtlebot3_ws/build/turtlebot3_teleop/build install --record /home/rishi/turtlebot3_ws/build/turtlebot3_teleop/install.log --single-version-externally-managed install_data --force
