[0.009s] Invoking command in '/home/rishi/turtlebot3_ws/build/aruco_marker_detection': /usr/bin/cmake /home/rishi/turtlebot3_ws/src -DCMAKE_INSTALL_PREFIX=/home/rishi/turtlebot3_ws/install/aruco_marker_detection
[0.043s] -- The C compiler identification is GNU 11.4.0
[0.078s] -- The CXX compiler identification is GNU 11.4.0
[0.084s] -- Detecting C compiler ABI info
[0.123s] -- Detecting C compiler ABI info - done
[0.129s] -- Check for working C compiler: /usr/bin/cc - skipped
[0.129s] -- Detecting C compile features
[0.130s] -- Detecting C compile features - done
[0.132s] -- Detecting CXX compiler ABI info
[0.178s] -- Detecting CXX compiler ABI info - done
[0.183s] -- Check for working CXX compiler: /usr/bin/c++ - skipped
[0.183s] -- Detecting CXX compile features
[0.183s] -- Detecting CXX compile features - done
[0.186s] -- Found rclpy: 3.3.15 (/opt/ros/humble/share/rclpy/cmake)
[0.188s] -- Found sensor_msgs: 4.2.4 (/opt/ros/humble/share/sensor_msgs/cmake)
[0.635s] -- Found Python3: /usr/bin/python3 (found version "3.10.12") found components: Interpreter 
[0.755s] -- Found rosidl_generator_c: 3.1.6 (/opt/ros/humble/share/rosidl_generator_c/cmake)
[0.763s] -- Found rosidl_adapter: 3.1.6 (/opt/ros/humble/share/rosidl_adapter/cmake)
[0.773s] -- Found rosidl_generator_cpp: 3.1.6 (/opt/ros/humble/share/rosidl_generator_cpp/cmake)
[0.791s] -- Using all available rosidl_typesupport_c: rosidl_typesupport_fastrtps_c;rosidl_typesupport_introspection_c
[0.808s] -- Using all available rosidl_typesupport_cpp: rosidl_typesupport_fastrtps_cpp;rosidl_typesupport_introspection_cpp
[0.867s] -- Found OpenCV: /usr (found version "4.5.4") 
[0.870s] -- Found cv_bridge: 3.2.1 (/opt/ros/humble/share/cv_bridge/cmake)
[0.874s] [0mCMake Error: File /home/rishi/turtlebot3_ws/src/package.xml does not exist.[0m
[0.875s] [31mCMake Error at /opt/ros/humble/share/ament_cmake_core/cmake/core/stamp.cmake:24 (configure_file):
[0.875s]   configure_file Problem configuring file
[0.875s] Call Stack (most recent call first):
[0.875s]   /opt/ros/humble/share/ament_cmake_core/cmake/core/ament_package_xml.cmake:73 (stamp)
[0.875s]   /opt/ros/humble/share/ament_cmake_core/cmake/core/ament_package_xml.cmake:49 (_ament_package_xml)
[0.875s]   /opt/ros/humble/share/ament_cmake_core/cmake/core/ament_package.cmake:63 (ament_package_xml)
[0.875s]   CMakeLists.txt:30 (ament_package)
[0.875s] 
[0.875s] [0m
[0.877s] -- Configuring incomplete, errors occurred!
[0.877s] See also "/home/rishi/turtlebot3_ws/build/aruco_marker_detection/CMakeFiles/CMakeOutput.log".
[0.881s] Invoked command in '/home/rishi/turtlebot3_ws/build/aruco_marker_detection' returned '1': /usr/bin/cmake /home/rishi/turtlebot3_ws/src -DCMAKE_INSTALL_PREFIX=/home/rishi/turtlebot3_ws/install/aruco_marker_detection
