[0.098s] DEBUG:colcon:Command line arguments: ['/usr/bin/colcon', 'list', '-p', '--base-paths', '/home/rishi/turtlebot3_ws']
[0.098s] DEBUG:colcon:Parsed command line arguments: Namespace(log_base=None, log_level=None, verb_name='list', build_base='build', ignore_user_meta=False, metas=['./colcon.meta'], base_paths=['/home/rishi/turtlebot3_ws'], packages_ignore=None, packages_ignore_regex=None, paths=None, packages_up_to=None, packages_up_to_regex=None, packages_above=None, packages_above_and_dependencies=None, packages_above_depth=None, packages_select_by_dep=None, packages_skip_by_dep=None, packages_skip_up_to=None, packages_select_build_failed=False, packages_skip_build_finished=False, packages_select_test_failures=False, packages_skip_test_passed=False, packages_select=None, packages_skip=None, packages_select_regex=None, packages_skip_regex=None, packages_start=None, packages_end=None, allow_overriding=[], topological_order=False, names_only=False, paths_only=True, topological_graph=False, topological_graph_dot=False, topological_graph_density=False, topological_graph_legend=False, topological_graph_dot_cluster=False, topological_graph_dot_include_skipped=False, mixin_files=None, mixin=None, verb_parser=<colcon_mixin.mixin.mixin_argument.MixinArgumentDecorator object at 0x72399756e170>, verb_extension=<colcon_package_information.verb.list.ListVerb object at 0x7239976f28c0>, main=<bound method ListVerb.main of <colcon_package_information.verb.list.ListVerb object at 0x7239976f28c0>>, mixin_verb=('list',))
[0.399s] Level 1:colcon.colcon_core.package_discovery:discover_packages(colcon_meta) check parameters
[0.400s] Level 1:colcon.colcon_core.package_discovery:discover_packages(recursive) check parameters
[0.400s] Level 1:colcon.colcon_core.package_discovery:discover_packages(ignore) check parameters
[0.400s] Level 1:colcon.colcon_core.package_discovery:discover_packages(path) check parameters
[0.400s] Level 1:colcon.colcon_core.package_discovery:discover_packages(recursive) discover
[0.400s] INFO:colcon.colcon_core.package_discovery:Crawling recursively for packages in '/home/rishi/turtlebot3_ws'
[0.400s] Level 1:colcon.colcon_core.package_identification:_identify(/home/rishi/turtlebot3_ws) by extensions ['ignore', 'ignore_ament_install']
[0.400s] Level 1:colcon.colcon_core.package_identification:_identify(/home/rishi/turtlebot3_ws) by extension 'ignore'
[0.400s] Level 1:colcon.colcon_core.package_identification:_identify(/home/rishi/turtlebot3_ws) by extension 'ignore_ament_install'
[0.400s] Level 1:colcon.colcon_core.package_identification:_identify(/home/rishi/turtlebot3_ws) by extensions ['colcon_pkg']
[0.400s] Level 1:colcon.colcon_core.package_identification:_identify(/home/rishi/turtlebot3_ws) by extension 'colcon_pkg'
[0.401s] Level 1:colcon.colcon_core.package_identification:_identify(/home/rishi/turtlebot3_ws) by extensions ['colcon_meta']
[0.401s] Level 1:colcon.colcon_core.package_identification:_identify(/home/rishi/turtlebot3_ws) by extension 'colcon_meta'
[0.401s] Level 1:colcon.colcon_core.package_identification:_identify(/home/rishi/turtlebot3_ws) by extensions ['ros']
[0.401s] Level 1:colcon.colcon_core.package_identification:_identify(/home/rishi/turtlebot3_ws) by extension 'ros'
[0.422s] Level 1:colcon.colcon_core.package_identification:_identify(/home/rishi/turtlebot3_ws) by extensions ['cmake', 'python']
[0.422s] Level 1:colcon.colcon_core.package_identification:_identify(/home/rishi/turtlebot3_ws) by extension 'cmake'
[0.422s] Level 1:colcon.colcon_core.package_identification:_identify(/home/rishi/turtlebot3_ws) by extension 'python'
[0.422s] Level 1:colcon.colcon_core.package_identification:_identify(/home/rishi/turtlebot3_ws) by extensions ['python_setup_py']
[0.422s] Level 1:colcon.colcon_core.package_identification:_identify(/home/rishi/turtlebot3_ws) by extension 'python_setup_py'
[0.422s] Level 1:colcon.colcon_core.package_identification:_identify(/home/rishi/turtlebot3_ws/build) by extensions ['ignore', 'ignore_ament_install']
[0.422s] Level 1:colcon.colcon_core.package_identification:_identify(/home/rishi/turtlebot3_ws/build) by extension 'ignore'
[0.422s] Level 1:colcon.colcon_core.package_identification:_identify(/home/rishi/turtlebot3_ws/build) ignored
[0.423s] Level 1:colcon.colcon_core.package_identification:_identify(/home/rishi/turtlebot3_ws/install) by extensions ['ignore', 'ignore_ament_install']
[0.423s] Level 1:colcon.colcon_core.package_identification:_identify(/home/rishi/turtlebot3_ws/install) by extension 'ignore'
[0.423s] Level 1:colcon.colcon_core.package_identification:_identify(/home/rishi/turtlebot3_ws/install) ignored
[0.423s] Level 1:colcon.colcon_core.package_identification:_identify(/home/rishi/turtlebot3_ws/log) by extensions ['ignore', 'ignore_ament_install']
[0.423s] Level 1:colcon.colcon_core.package_identification:_identify(/home/rishi/turtlebot3_ws/log) by extension 'ignore'
[0.423s] Level 1:colcon.colcon_core.package_identification:_identify(/home/rishi/turtlebot3_ws/log) ignored
[0.423s] Level 1:colcon.colcon_core.package_identification:_identify(/home/rishi/turtlebot3_ws/src) by extensions ['ignore', 'ignore_ament_install']
[0.423s] Level 1:colcon.colcon_core.package_identification:_identify(/home/rishi/turtlebot3_ws/src) by extension 'ignore'
[0.423s] Level 1:colcon.colcon_core.package_identification:_identify(/home/rishi/turtlebot3_ws/src) by extension 'ignore_ament_install'
[0.423s] Level 1:colcon.colcon_core.package_identification:_identify(/home/rishi/turtlebot3_ws/src) by extensions ['colcon_pkg']
[0.423s] Level 1:colcon.colcon_core.package_identification:_identify(/home/rishi/turtlebot3_ws/src) by extension 'colcon_pkg'
[0.423s] Level 1:colcon.colcon_core.package_identification:_identify(/home/rishi/turtlebot3_ws/src) by extensions ['colcon_meta']
[0.423s] Level 1:colcon.colcon_core.package_identification:_identify(/home/rishi/turtlebot3_ws/src) by extension 'colcon_meta'
[0.423s] Level 1:colcon.colcon_core.package_identification:_identify(/home/rishi/turtlebot3_ws/src) by extensions ['ros']
[0.423s] Level 1:colcon.colcon_core.package_identification:_identify(/home/rishi/turtlebot3_ws/src) by extension 'ros'
[0.424s] Level 1:colcon.colcon_core.package_identification:_identify(/home/rishi/turtlebot3_ws/src) by extensions ['cmake', 'python']
[0.424s] Level 1:colcon.colcon_core.package_identification:_identify(/home/rishi/turtlebot3_ws/src) by extension 'cmake'
[0.424s] Level 1:colcon.colcon_core.package_identification:_identify(/home/rishi/turtlebot3_ws/src) by extension 'python'
[0.424s] Level 1:colcon.colcon_core.package_identification:_identify(/home/rishi/turtlebot3_ws/src) by extensions ['python_setup_py']
[0.424s] Level 1:colcon.colcon_core.package_identification:_identify(/home/rishi/turtlebot3_ws/src) by extension 'python_setup_py'
[0.424s] Level 1:colcon.colcon_core.package_identification:_identify(/home/rishi/turtlebot3_ws/src/DynamixelSDK) by extensions ['ignore', 'ignore_ament_install']
[0.424s] Level 1:colcon.colcon_core.package_identification:_identify(/home/rishi/turtlebot3_ws/src/DynamixelSDK) by extension 'ignore'
[0.424s] Level 1:colcon.colcon_core.package_identification:_identify(/home/rishi/turtlebot3_ws/src/DynamixelSDK) by extension 'ignore_ament_install'
[0.424s] Level 1:colcon.colcon_core.package_identification:_identify(/home/rishi/turtlebot3_ws/src/DynamixelSDK) by extensions ['colcon_pkg']
[0.424s] Level 1:colcon.colcon_core.package_identification:_identify(/home/rishi/turtlebot3_ws/src/DynamixelSDK) by extension 'colcon_pkg'
[0.424s] Level 1:colcon.colcon_core.package_identification:_identify(/home/rishi/turtlebot3_ws/src/DynamixelSDK) by extensions ['colcon_meta']
[0.424s] Level 1:colcon.colcon_core.package_identification:_identify(/home/rishi/turtlebot3_ws/src/DynamixelSDK) by extension 'colcon_meta'
[0.424s] Level 1:colcon.colcon_core.package_identification:_identify(/home/rishi/turtlebot3_ws/src/DynamixelSDK) by extensions ['ros']
[0.424s] Level 1:colcon.colcon_core.package_identification:_identify(/home/rishi/turtlebot3_ws/src/DynamixelSDK) by extension 'ros'
[0.424s] Level 1:colcon.colcon_core.package_identification:_identify(/home/rishi/turtlebot3_ws/src/DynamixelSDK) by extensions ['cmake', 'python']
[0.424s] Level 1:colcon.colcon_core.package_identification:_identify(/home/rishi/turtlebot3_ws/src/DynamixelSDK) by extension 'cmake'
[0.424s] Level 1:colcon.colcon_core.package_identification:_identify(/home/rishi/turtlebot3_ws/src/DynamixelSDK) by extension 'python'
[0.424s] Level 1:colcon.colcon_core.package_identification:_identify(/home/rishi/turtlebot3_ws/src/DynamixelSDK) by extensions ['python_setup_py']
[0.424s] Level 1:colcon.colcon_core.package_identification:_identify(/home/rishi/turtlebot3_ws/src/DynamixelSDK) by extension 'python_setup_py'
[0.425s] Level 1:colcon.colcon_core.package_identification:_identify(/home/rishi/turtlebot3_ws/src/DynamixelSDK/dynamixel_sdk) by extensions ['ignore', 'ignore_ament_install']
[0.425s] Level 1:colcon.colcon_core.package_identification:_identify(/home/rishi/turtlebot3_ws/src/DynamixelSDK/dynamixel_sdk) by extension 'ignore'
[0.425s] Level 1:colcon.colcon_core.package_identification:_identify(/home/rishi/turtlebot3_ws/src/DynamixelSDK/dynamixel_sdk) by extension 'ignore_ament_install'
[0.425s] Level 1:colcon.colcon_core.package_identification:_identify(/home/rishi/turtlebot3_ws/src/DynamixelSDK/dynamixel_sdk) by extensions ['colcon_pkg']
[0.425s] Level 1:colcon.colcon_core.package_identification:_identify(/home/rishi/turtlebot3_ws/src/DynamixelSDK/dynamixel_sdk) by extension 'colcon_pkg'
[0.425s] Level 1:colcon.colcon_core.package_identification:_identify(/home/rishi/turtlebot3_ws/src/DynamixelSDK/dynamixel_sdk) by extensions ['colcon_meta']
[0.425s] Level 1:colcon.colcon_core.package_identification:_identify(/home/rishi/turtlebot3_ws/src/DynamixelSDK/dynamixel_sdk) by extension 'colcon_meta'
[0.425s] Level 1:colcon.colcon_core.package_identification:_identify(/home/rishi/turtlebot3_ws/src/DynamixelSDK/dynamixel_sdk) by extensions ['ros']
[0.425s] Level 1:colcon.colcon_core.package_identification:_identify(/home/rishi/turtlebot3_ws/src/DynamixelSDK/dynamixel_sdk) by extension 'ros'
[0.428s] DEBUG:colcon.colcon_core.package_identification:Package '/home/rishi/turtlebot3_ws/src/DynamixelSDK/dynamixel_sdk' with type 'ros.ament_cmake' and name 'dynamixel_sdk'
[0.428s] Level 1:colcon.colcon_core.package_identification:_identify(/home/rishi/turtlebot3_ws/src/DynamixelSDK/dynamixel_sdk_custom_interfaces) by extensions ['ignore', 'ignore_ament_install']
[0.429s] Level 1:colcon.colcon_core.package_identification:_identify(/home/rishi/turtlebot3_ws/src/DynamixelSDK/dynamixel_sdk_custom_interfaces) by extension 'ignore'
[0.429s] Level 1:colcon.colcon_core.package_identification:_identify(/home/rishi/turtlebot3_ws/src/DynamixelSDK/dynamixel_sdk_custom_interfaces) by extension 'ignore_ament_install'
[0.429s] Level 1:colcon.colcon_core.package_identification:_identify(/home/rishi/turtlebot3_ws/src/DynamixelSDK/dynamixel_sdk_custom_interfaces) by extensions ['colcon_pkg']
[0.429s] Level 1:colcon.colcon_core.package_identification:_identify(/home/rishi/turtlebot3_ws/src/DynamixelSDK/dynamixel_sdk_custom_interfaces) by extension 'colcon_pkg'
[0.429s] Level 1:colcon.colcon_core.package_identification:_identify(/home/rishi/turtlebot3_ws/src/DynamixelSDK/dynamixel_sdk_custom_interfaces) by extensions ['colcon_meta']
[0.429s] Level 1:colcon.colcon_core.package_identification:_identify(/home/rishi/turtlebot3_ws/src/DynamixelSDK/dynamixel_sdk_custom_interfaces) by extension 'colcon_meta'
[0.429s] Level 1:colcon.colcon_core.package_identification:_identify(/home/rishi/turtlebot3_ws/src/DynamixelSDK/dynamixel_sdk_custom_interfaces) by extensions ['ros']
[0.429s] Level 1:colcon.colcon_core.package_identification:_identify(/home/rishi/turtlebot3_ws/src/DynamixelSDK/dynamixel_sdk_custom_interfaces) by extension 'ros'
[0.430s] DEBUG:colcon.colcon_core.package_identification:Package '/home/rishi/turtlebot3_ws/src/DynamixelSDK/dynamixel_sdk_custom_interfaces' with type 'ros.ament_cmake' and name 'dynamixel_sdk_custom_interfaces'
[0.431s] Level 1:colcon.colcon_core.package_identification:_identify(/home/rishi/turtlebot3_ws/src/DynamixelSDK/dynamixel_sdk_examples) by extensions ['ignore', 'ignore_ament_install']
[0.431s] Level 1:colcon.colcon_core.package_identification:_identify(/home/rishi/turtlebot3_ws/src/DynamixelSDK/dynamixel_sdk_examples) by extension 'ignore'
[0.431s] Level 1:colcon.colcon_core.package_identification:_identify(/home/rishi/turtlebot3_ws/src/DynamixelSDK/dynamixel_sdk_examples) by extension 'ignore_ament_install'
[0.431s] Level 1:colcon.colcon_core.package_identification:_identify(/home/rishi/turtlebot3_ws/src/DynamixelSDK/dynamixel_sdk_examples) by extensions ['colcon_pkg']
[0.431s] Level 1:colcon.colcon_core.package_identification:_identify(/home/rishi/turtlebot3_ws/src/DynamixelSDK/dynamixel_sdk_examples) by extension 'colcon_pkg'
[0.431s] Level 1:colcon.colcon_core.package_identification:_identify(/home/rishi/turtlebot3_ws/src/DynamixelSDK/dynamixel_sdk_examples) by extensions ['colcon_meta']
[0.431s] Level 1:colcon.colcon_core.package_identification:_identify(/home/rishi/turtlebot3_ws/src/DynamixelSDK/dynamixel_sdk_examples) by extension 'colcon_meta'
[0.431s] Level 1:colcon.colcon_core.package_identification:_identify(/home/rishi/turtlebot3_ws/src/DynamixelSDK/dynamixel_sdk_examples) by extensions ['ros']
[0.431s] Level 1:colcon.colcon_core.package_identification:_identify(/home/rishi/turtlebot3_ws/src/DynamixelSDK/dynamixel_sdk_examples) by extension 'ros'
[0.432s] DEBUG:colcon.colcon_core.package_identification:Package '/home/rishi/turtlebot3_ws/src/DynamixelSDK/dynamixel_sdk_examples' with type 'ros.ament_cmake' and name 'dynamixel_sdk_examples'
[0.433s] Level 1:colcon.colcon_core.package_identification:_identify(/home/rishi/turtlebot3_ws/src/aruco_marker_detection) by extensions ['ignore', 'ignore_ament_install']
[0.433s] Level 1:colcon.colcon_core.package_identification:_identify(/home/rishi/turtlebot3_ws/src/aruco_marker_detection) by extension 'ignore'
[0.433s] Level 1:colcon.colcon_core.package_identification:_identify(/home/rishi/turtlebot3_ws/src/aruco_marker_detection) by extension 'ignore_ament_install'
[0.433s] Level 1:colcon.colcon_core.package_identification:_identify(/home/rishi/turtlebot3_ws/src/aruco_marker_detection) by extensions ['colcon_pkg']
[0.433s] Level 1:colcon.colcon_core.package_identification:_identify(/home/rishi/turtlebot3_ws/src/aruco_marker_detection) by extension 'colcon_pkg'
[0.433s] Level 1:colcon.colcon_core.package_identification:_identify(/home/rishi/turtlebot3_ws/src/aruco_marker_detection) by extensions ['colcon_meta']
[0.433s] Level 1:colcon.colcon_core.package_identification:_identify(/home/rishi/turtlebot3_ws/src/aruco_marker_detection) by extension 'colcon_meta'
[0.433s] Level 1:colcon.colcon_core.package_identification:_identify(/home/rishi/turtlebot3_ws/src/aruco_marker_detection) by extensions ['ros']
[0.433s] Level 1:colcon.colcon_core.package_identification:_identify(/home/rishi/turtlebot3_ws/src/aruco_marker_detection) by extension 'ros'
[0.434s] DEBUG:colcon.colcon_core.package_identification:Package '/home/rishi/turtlebot3_ws/src/aruco_marker_detection' with type 'ros.ament_python' and name 'aruco_marker_detection'
[0.434s] Level 1:colcon.colcon_core.package_identification:_identify(/home/rishi/turtlebot3_ws/src/turtlebot3) by extensions ['ignore', 'ignore_ament_install']
[0.434s] Level 1:colcon.colcon_core.package_identification:_identify(/home/rishi/turtlebot3_ws/src/turtlebot3) by extension 'ignore'
[0.434s] Level 1:colcon.colcon_core.package_identification:_identify(/home/rishi/turtlebot3_ws/src/turtlebot3) by extension 'ignore_ament_install'
[0.434s] Level 1:colcon.colcon_core.package_identification:_identify(/home/rishi/turtlebot3_ws/src/turtlebot3) by extensions ['colcon_pkg']
[0.434s] Level 1:colcon.colcon_core.package_identification:_identify(/home/rishi/turtlebot3_ws/src/turtlebot3) by extension 'colcon_pkg'
[0.434s] Level 1:colcon.colcon_core.package_identification:_identify(/home/rishi/turtlebot3_ws/src/turtlebot3) by extensions ['colcon_meta']
[0.434s] Level 1:colcon.colcon_core.package_identification:_identify(/home/rishi/turtlebot3_ws/src/turtlebot3) by extension 'colcon_meta'
[0.434s] Level 1:colcon.colcon_core.package_identification:_identify(/home/rishi/turtlebot3_ws/src/turtlebot3) by extensions ['ros']
[0.434s] Level 1:colcon.colcon_core.package_identification:_identify(/home/rishi/turtlebot3_ws/src/turtlebot3) by extension 'ros'
[0.434s] Level 1:colcon.colcon_core.package_identification:_identify(/home/rishi/turtlebot3_ws/src/turtlebot3) by extensions ['cmake', 'python']
[0.434s] Level 1:colcon.colcon_core.package_identification:_identify(/home/rishi/turtlebot3_ws/src/turtlebot3) by extension 'cmake'
[0.434s] Level 1:colcon.colcon_core.package_identification:_identify(/home/rishi/turtlebot3_ws/src/turtlebot3) by extension 'python'
[0.434s] Level 1:colcon.colcon_core.package_identification:_identify(/home/rishi/turtlebot3_ws/src/turtlebot3) by extensions ['python_setup_py']
[0.434s] Level 1:colcon.colcon_core.package_identification:_identify(/home/rishi/turtlebot3_ws/src/turtlebot3) by extension 'python_setup_py'
[0.435s] Level 1:colcon.colcon_core.package_identification:_identify(/home/rishi/turtlebot3_ws/src/turtlebot3/turtlebot3) by extensions ['ignore', 'ignore_ament_install']
[0.435s] Level 1:colcon.colcon_core.package_identification:_identify(/home/rishi/turtlebot3_ws/src/turtlebot3/turtlebot3) by extension 'ignore'
[0.435s] Level 1:colcon.colcon_core.package_identification:_identify(/home/rishi/turtlebot3_ws/src/turtlebot3/turtlebot3) by extension 'ignore_ament_install'
[0.435s] Level 1:colcon.colcon_core.package_identification:_identify(/home/rishi/turtlebot3_ws/src/turtlebot3/turtlebot3) by extensions ['colcon_pkg']
[0.435s] Level 1:colcon.colcon_core.package_identification:_identify(/home/rishi/turtlebot3_ws/src/turtlebot3/turtlebot3) by extension 'colcon_pkg'
[0.435s] Level 1:colcon.colcon_core.package_identification:_identify(/home/rishi/turtlebot3_ws/src/turtlebot3/turtlebot3) by extensions ['colcon_meta']
[0.435s] Level 1:colcon.colcon_core.package_identification:_identify(/home/rishi/turtlebot3_ws/src/turtlebot3/turtlebot3) by extension 'colcon_meta'
[0.435s] Level 1:colcon.colcon_core.package_identification:_identify(/home/rishi/turtlebot3_ws/src/turtlebot3/turtlebot3) by extensions ['ros']
[0.435s] Level 1:colcon.colcon_core.package_identification:_identify(/home/rishi/turtlebot3_ws/src/turtlebot3/turtlebot3) by extension 'ros'
[0.436s] DEBUG:colcon.colcon_core.package_identification:Package '/home/rishi/turtlebot3_ws/src/turtlebot3/turtlebot3' with type 'ros.ament_cmake' and name 'turtlebot3'
[0.436s] Level 1:colcon.colcon_core.package_identification:_identify(/home/rishi/turtlebot3_ws/src/turtlebot3/turtlebot3_bringup) by extensions ['ignore', 'ignore_ament_install']
[0.436s] Level 1:colcon.colcon_core.package_identification:_identify(/home/rishi/turtlebot3_ws/src/turtlebot3/turtlebot3_bringup) by extension 'ignore'
[0.436s] Level 1:colcon.colcon_core.package_identification:_identify(/home/rishi/turtlebot3_ws/src/turtlebot3/turtlebot3_bringup) by extension 'ignore_ament_install'
[0.436s] Level 1:colcon.colcon_core.package_identification:_identify(/home/rishi/turtlebot3_ws/src/turtlebot3/turtlebot3_bringup) by extensions ['colcon_pkg']
[0.436s] Level 1:colcon.colcon_core.package_identification:_identify(/home/rishi/turtlebot3_ws/src/turtlebot3/turtlebot3_bringup) by extension 'colcon_pkg'
[0.436s] Level 1:colcon.colcon_core.package_identification:_identify(/home/rishi/turtlebot3_ws/src/turtlebot3/turtlebot3_bringup) by extensions ['colcon_meta']
[0.436s] Level 1:colcon.colcon_core.package_identification:_identify(/home/rishi/turtlebot3_ws/src/turtlebot3/turtlebot3_bringup) by extension 'colcon_meta'
[0.436s] Level 1:colcon.colcon_core.package_identification:_identify(/home/rishi/turtlebot3_ws/src/turtlebot3/turtlebot3_bringup) by extensions ['ros']
[0.436s] Level 1:colcon.colcon_core.package_identification:_identify(/home/rishi/turtlebot3_ws/src/turtlebot3/turtlebot3_bringup) by extension 'ros'
[0.438s] DEBUG:colcon.colcon_core.package_identification:Package '/home/rishi/turtlebot3_ws/src/turtlebot3/turtlebot3_bringup' with type 'ros.ament_cmake' and name 'turtlebot3_bringup'
[0.438s] Level 1:colcon.colcon_core.package_identification:_identify(/home/rishi/turtlebot3_ws/src/turtlebot3/turtlebot3_cartographer) by extensions ['ignore', 'ignore_ament_install']
[0.438s] Level 1:colcon.colcon_core.package_identification:_identify(/home/rishi/turtlebot3_ws/src/turtlebot3/turtlebot3_cartographer) by extension 'ignore'
[0.439s] Level 1:colcon.colcon_core.package_identification:_identify(/home/rishi/turtlebot3_ws/src/turtlebot3/turtlebot3_cartographer) by extension 'ignore_ament_install'
[0.439s] Level 1:colcon.colcon_core.package_identification:_identify(/home/rishi/turtlebot3_ws/src/turtlebot3/turtlebot3_cartographer) by extensions ['colcon_pkg']
[0.439s] Level 1:colcon.colcon_core.package_identification:_identify(/home/rishi/turtlebot3_ws/src/turtlebot3/turtlebot3_cartographer) by extension 'colcon_pkg'
[0.439s] Level 1:colcon.colcon_core.package_identification:_identify(/home/rishi/turtlebot3_ws/src/turtlebot3/turtlebot3_cartographer) by extensions ['colcon_meta']
[0.439s] Level 1:colcon.colcon_core.package_identification:_identify(/home/rishi/turtlebot3_ws/src/turtlebot3/turtlebot3_cartographer) by extension 'colcon_meta'
[0.439s] Level 1:colcon.colcon_core.package_identification:_identify(/home/rishi/turtlebot3_ws/src/turtlebot3/turtlebot3_cartographer) by extensions ['ros']
[0.439s] Level 1:colcon.colcon_core.package_identification:_identify(/home/rishi/turtlebot3_ws/src/turtlebot3/turtlebot3_cartographer) by extension 'ros'
[0.439s] DEBUG:colcon.colcon_core.package_identification:Package '/home/rishi/turtlebot3_ws/src/turtlebot3/turtlebot3_cartographer' with type 'ros.ament_cmake' and name 'turtlebot3_cartographer'
[0.440s] Level 1:colcon.colcon_core.package_identification:_identify(/home/rishi/turtlebot3_ws/src/turtlebot3/turtlebot3_description) by extensions ['ignore', 'ignore_ament_install']
[0.440s] Level 1:colcon.colcon_core.package_identification:_identify(/home/rishi/turtlebot3_ws/src/turtlebot3/turtlebot3_description) by extension 'ignore'
[0.440s] Level 1:colcon.colcon_core.package_identification:_identify(/home/rishi/turtlebot3_ws/src/turtlebot3/turtlebot3_description) by extension 'ignore_ament_install'
[0.440s] Level 1:colcon.colcon_core.package_identification:_identify(/home/rishi/turtlebot3_ws/src/turtlebot3/turtlebot3_description) by extensions ['colcon_pkg']
[0.440s] Level 1:colcon.colcon_core.package_identification:_identify(/home/rishi/turtlebot3_ws/src/turtlebot3/turtlebot3_description) by extension 'colcon_pkg'
[0.440s] Level 1:colcon.colcon_core.package_identification:_identify(/home/rishi/turtlebot3_ws/src/turtlebot3/turtlebot3_description) by extensions ['colcon_meta']
[0.440s] Level 1:colcon.colcon_core.package_identification:_identify(/home/rishi/turtlebot3_ws/src/turtlebot3/turtlebot3_description) by extension 'colcon_meta'
[0.440s] Level 1:colcon.colcon_core.package_identification:_identify(/home/rishi/turtlebot3_ws/src/turtlebot3/turtlebot3_description) by extensions ['ros']
[0.440s] Level 1:colcon.colcon_core.package_identification:_identify(/home/rishi/turtlebot3_ws/src/turtlebot3/turtlebot3_description) by extension 'ros'
[0.441s] DEBUG:colcon.colcon_core.package_identification:Package '/home/rishi/turtlebot3_ws/src/turtlebot3/turtlebot3_description' with type 'ros.ament_cmake' and name 'turtlebot3_description'
[0.441s] Level 1:colcon.colcon_core.package_identification:_identify(/home/rishi/turtlebot3_ws/src/turtlebot3/turtlebot3_example) by extensions ['ignore', 'ignore_ament_install']
[0.441s] Level 1:colcon.colcon_core.package_identification:_identify(/home/rishi/turtlebot3_ws/src/turtlebot3/turtlebot3_example) by extension 'ignore'
[0.441s] Level 1:colcon.colcon_core.package_identification:_identify(/home/rishi/turtlebot3_ws/src/turtlebot3/turtlebot3_example) by extension 'ignore_ament_install'
[0.441s] Level 1:colcon.colcon_core.package_identification:_identify(/home/rishi/turtlebot3_ws/src/turtlebot3/turtlebot3_example) by extensions ['colcon_pkg']
[0.441s] Level 1:colcon.colcon_core.package_identification:_identify(/home/rishi/turtlebot3_ws/src/turtlebot3/turtlebot3_example) by extension 'colcon_pkg'
[0.441s] Level 1:colcon.colcon_core.package_identification:_identify(/home/rishi/turtlebot3_ws/src/turtlebot3/turtlebot3_example) by extensions ['colcon_meta']
[0.441s] Level 1:colcon.colcon_core.package_identification:_identify(/home/rishi/turtlebot3_ws/src/turtlebot3/turtlebot3_example) by extension 'colcon_meta'
[0.441s] Level 1:colcon.colcon_core.package_identification:_identify(/home/rishi/turtlebot3_ws/src/turtlebot3/turtlebot3_example) by extensions ['ros']
[0.441s] Level 1:colcon.colcon_core.package_identification:_identify(/home/rishi/turtlebot3_ws/src/turtlebot3/turtlebot3_example) by extension 'ros'
[0.443s] DEBUG:colcon.colcon_core.package_identification:Package '/home/rishi/turtlebot3_ws/src/turtlebot3/turtlebot3_example' with type 'ros.ament_python' and name 'turtlebot3_example'
[0.443s] Level 1:colcon.colcon_core.package_identification:_identify(/home/rishi/turtlebot3_ws/src/turtlebot3/turtlebot3_navigation2) by extensions ['ignore', 'ignore_ament_install']
[0.443s] Level 1:colcon.colcon_core.package_identification:_identify(/home/rishi/turtlebot3_ws/src/turtlebot3/turtlebot3_navigation2) by extension 'ignore'
[0.443s] Level 1:colcon.colcon_core.package_identification:_identify(/home/rishi/turtlebot3_ws/src/turtlebot3/turtlebot3_navigation2) by extension 'ignore_ament_install'
[0.443s] Level 1:colcon.colcon_core.package_identification:_identify(/home/rishi/turtlebot3_ws/src/turtlebot3/turtlebot3_navigation2) by extensions ['colcon_pkg']
[0.443s] Level 1:colcon.colcon_core.package_identification:_identify(/home/rishi/turtlebot3_ws/src/turtlebot3/turtlebot3_navigation2) by extension 'colcon_pkg'
[0.443s] Level 1:colcon.colcon_core.package_identification:_identify(/home/rishi/turtlebot3_ws/src/turtlebot3/turtlebot3_navigation2) by extensions ['colcon_meta']
[0.443s] Level 1:colcon.colcon_core.package_identification:_identify(/home/rishi/turtlebot3_ws/src/turtlebot3/turtlebot3_navigation2) by extension 'colcon_meta'
[0.443s] Level 1:colcon.colcon_core.package_identification:_identify(/home/rishi/turtlebot3_ws/src/turtlebot3/turtlebot3_navigation2) by extensions ['ros']
[0.443s] Level 1:colcon.colcon_core.package_identification:_identify(/home/rishi/turtlebot3_ws/src/turtlebot3/turtlebot3_navigation2) by extension 'ros'
[0.444s] DEBUG:colcon.colcon_core.package_identification:Package '/home/rishi/turtlebot3_ws/src/turtlebot3/turtlebot3_navigation2' with type 'ros.ament_cmake' and name 'turtlebot3_navigation2'
[0.444s] Level 1:colcon.colcon_core.package_identification:_identify(/home/rishi/turtlebot3_ws/src/turtlebot3/turtlebot3_node) by extensions ['ignore', 'ignore_ament_install']
[0.444s] Level 1:colcon.colcon_core.package_identification:_identify(/home/rishi/turtlebot3_ws/src/turtlebot3/turtlebot3_node) by extension 'ignore'
[0.444s] Level 1:colcon.colcon_core.package_identification:_identify(/home/rishi/turtlebot3_ws/src/turtlebot3/turtlebot3_node) by extension 'ignore_ament_install'
[0.445s] Level 1:colcon.colcon_core.package_identification:_identify(/home/rishi/turtlebot3_ws/src/turtlebot3/turtlebot3_node) by extensions ['colcon_pkg']
[0.445s] Level 1:colcon.colcon_core.package_identification:_identify(/home/rishi/turtlebot3_ws/src/turtlebot3/turtlebot3_node) by extension 'colcon_pkg'
[0.445s] Level 1:colcon.colcon_core.package_identification:_identify(/home/rishi/turtlebot3_ws/src/turtlebot3/turtlebot3_node) by extensions ['colcon_meta']
[0.445s] Level 1:colcon.colcon_core.package_identification:_identify(/home/rishi/turtlebot3_ws/src/turtlebot3/turtlebot3_node) by extension 'colcon_meta'
[0.445s] Level 1:colcon.colcon_core.package_identification:_identify(/home/rishi/turtlebot3_ws/src/turtlebot3/turtlebot3_node) by extensions ['ros']
[0.445s] Level 1:colcon.colcon_core.package_identification:_identify(/home/rishi/turtlebot3_ws/src/turtlebot3/turtlebot3_node) by extension 'ros'
[0.446s] DEBUG:colcon.colcon_core.package_identification:Package '/home/rishi/turtlebot3_ws/src/turtlebot3/turtlebot3_node' with type 'ros.ament_cmake' and name 'turtlebot3_node'
[0.447s] Level 1:colcon.colcon_core.package_identification:_identify(/home/rishi/turtlebot3_ws/src/turtlebot3/turtlebot3_teleop) by extensions ['ignore', 'ignore_ament_install']
[0.447s] Level 1:colcon.colcon_core.package_identification:_identify(/home/rishi/turtlebot3_ws/src/turtlebot3/turtlebot3_teleop) by extension 'ignore'
[0.447s] Level 1:colcon.colcon_core.package_identification:_identify(/home/rishi/turtlebot3_ws/src/turtlebot3/turtlebot3_teleop) by extension 'ignore_ament_install'
[0.447s] Level 1:colcon.colcon_core.package_identification:_identify(/home/rishi/turtlebot3_ws/src/turtlebot3/turtlebot3_teleop) by extensions ['colcon_pkg']
[0.447s] Level 1:colcon.colcon_core.package_identification:_identify(/home/rishi/turtlebot3_ws/src/turtlebot3/turtlebot3_teleop) by extension 'colcon_pkg'
[0.447s] Level 1:colcon.colcon_core.package_identification:_identify(/home/rishi/turtlebot3_ws/src/turtlebot3/turtlebot3_teleop) by extensions ['colcon_meta']
[0.447s] Level 1:colcon.colcon_core.package_identification:_identify(/home/rishi/turtlebot3_ws/src/turtlebot3/turtlebot3_teleop) by extension 'colcon_meta'
[0.447s] Level 1:colcon.colcon_core.package_identification:_identify(/home/rishi/turtlebot3_ws/src/turtlebot3/turtlebot3_teleop) by extensions ['ros']
[0.447s] Level 1:colcon.colcon_core.package_identification:_identify(/home/rishi/turtlebot3_ws/src/turtlebot3/turtlebot3_teleop) by extension 'ros'
[0.447s] DEBUG:colcon.colcon_core.package_identification:Package '/home/rishi/turtlebot3_ws/src/turtlebot3/turtlebot3_teleop' with type 'ros.ament_python' and name 'turtlebot3_teleop'
[0.448s] Level 1:colcon.colcon_core.package_identification:_identify(/home/rishi/turtlebot3_ws/src/turtlebot3_gazebo) by extensions ['ignore', 'ignore_ament_install']
[0.448s] Level 1:colcon.colcon_core.package_identification:_identify(/home/rishi/turtlebot3_ws/src/turtlebot3_gazebo) by extension 'ignore'
[0.448s] Level 1:colcon.colcon_core.package_identification:_identify(/home/rishi/turtlebot3_ws/src/turtlebot3_gazebo) by extension 'ignore_ament_install'
[0.448s] Level 1:colcon.colcon_core.package_identification:_identify(/home/rishi/turtlebot3_ws/src/turtlebot3_gazebo) by extensions ['colcon_pkg']
[0.448s] Level 1:colcon.colcon_core.package_identification:_identify(/home/rishi/turtlebot3_ws/src/turtlebot3_gazebo) by extension 'colcon_pkg'
[0.448s] Level 1:colcon.colcon_core.package_identification:_identify(/home/rishi/turtlebot3_ws/src/turtlebot3_gazebo) by extensions ['colcon_meta']
[0.448s] Level 1:colcon.colcon_core.package_identification:_identify(/home/rishi/turtlebot3_ws/src/turtlebot3_gazebo) by extension 'colcon_meta'
[0.448s] Level 1:colcon.colcon_core.package_identification:_identify(/home/rishi/turtlebot3_ws/src/turtlebot3_gazebo) by extensions ['ros']
[0.448s] Level 1:colcon.colcon_core.package_identification:_identify(/home/rishi/turtlebot3_ws/src/turtlebot3_gazebo) by extension 'ros'
[0.448s] Level 1:colcon.colcon_core.package_identification:_identify(/home/rishi/turtlebot3_ws/src/turtlebot3_gazebo) by extensions ['cmake', 'python']
[0.448s] Level 1:colcon.colcon_core.package_identification:_identify(/home/rishi/turtlebot3_ws/src/turtlebot3_gazebo) by extension 'cmake'
[0.448s] Level 1:colcon.colcon_core.package_identification:_identify(/home/rishi/turtlebot3_ws/src/turtlebot3_gazebo) by extension 'python'
[0.448s] Level 1:colcon.colcon_core.package_identification:_identify(/home/rishi/turtlebot3_ws/src/turtlebot3_gazebo) by extensions ['python_setup_py']
[0.448s] Level 1:colcon.colcon_core.package_identification:_identify(/home/rishi/turtlebot3_ws/src/turtlebot3_gazebo) by extension 'python_setup_py'
[0.448s] Level 1:colcon.colcon_core.package_identification:_identify(/home/rishi/turtlebot3_ws/src/turtlebot3_gazebo/models) by extensions ['ignore', 'ignore_ament_install']
[0.448s] Level 1:colcon.colcon_core.package_identification:_identify(/home/rishi/turtlebot3_ws/src/turtlebot3_gazebo/models) by extension 'ignore'
[0.448s] Level 1:colcon.colcon_core.package_identification:_identify(/home/rishi/turtlebot3_ws/src/turtlebot3_gazebo/models) by extension 'ignore_ament_install'
[0.448s] Level 1:colcon.colcon_core.package_identification:_identify(/home/rishi/turtlebot3_ws/src/turtlebot3_gazebo/models) by extensions ['colcon_pkg']
[0.448s] Level 1:colcon.colcon_core.package_identification:_identify(/home/rishi/turtlebot3_ws/src/turtlebot3_gazebo/models) by extension 'colcon_pkg'
[0.448s] Level 1:colcon.colcon_core.package_identification:_identify(/home/rishi/turtlebot3_ws/src/turtlebot3_gazebo/models) by extensions ['colcon_meta']
[0.448s] Level 1:colcon.colcon_core.package_identification:_identify(/home/rishi/turtlebot3_ws/src/turtlebot3_gazebo/models) by extension 'colcon_meta'
[0.448s] Level 1:colcon.colcon_core.package_identification:_identify(/home/rishi/turtlebot3_ws/src/turtlebot3_gazebo/models) by extensions ['ros']
[0.448s] Level 1:colcon.colcon_core.package_identification:_identify(/home/rishi/turtlebot3_ws/src/turtlebot3_gazebo/models) by extension 'ros'
[0.449s] Level 1:colcon.colcon_core.package_identification:_identify(/home/rishi/turtlebot3_ws/src/turtlebot3_gazebo/models) by extensions ['cmake', 'python']
[0.449s] Level 1:colcon.colcon_core.package_identification:_identify(/home/rishi/turtlebot3_ws/src/turtlebot3_gazebo/models) by extension 'cmake'
[0.449s] Level 1:colcon.colcon_core.package_identification:_identify(/home/rishi/turtlebot3_ws/src/turtlebot3_gazebo/models) by extension 'python'
[0.449s] Level 1:colcon.colcon_core.package_identification:_identify(/home/rishi/turtlebot3_ws/src/turtlebot3_gazebo/models) by extensions ['python_setup_py']
[0.449s] Level 1:colcon.colcon_core.package_identification:_identify(/home/rishi/turtlebot3_ws/src/turtlebot3_gazebo/models) by extension 'python_setup_py'
[0.449s] Level 1:colcon.colcon_core.package_identification:_identify(/home/rishi/turtlebot3_ws/src/turtlebot3_gazebo/models/aruco_marker) by extensions ['ignore', 'ignore_ament_install']
[0.449s] Level 1:colcon.colcon_core.package_identification:_identify(/home/rishi/turtlebot3_ws/src/turtlebot3_gazebo/models/aruco_marker) by extension 'ignore'
[0.449s] Level 1:colcon.colcon_core.package_identification:_identify(/home/rishi/turtlebot3_ws/src/turtlebot3_gazebo/models/aruco_marker) by extension 'ignore_ament_install'
[0.449s] Level 1:colcon.colcon_core.package_identification:_identify(/home/rishi/turtlebot3_ws/src/turtlebot3_gazebo/models/aruco_marker) by extensions ['colcon_pkg']
[0.449s] Level 1:colcon.colcon_core.package_identification:_identify(/home/rishi/turtlebot3_ws/src/turtlebot3_gazebo/models/aruco_marker) by extension 'colcon_pkg'
[0.449s] Level 1:colcon.colcon_core.package_identification:_identify(/home/rishi/turtlebot3_ws/src/turtlebot3_gazebo/models/aruco_marker) by extensions ['colcon_meta']
[0.449s] Level 1:colcon.colcon_core.package_identification:_identify(/home/rishi/turtlebot3_ws/src/turtlebot3_gazebo/models/aruco_marker) by extension 'colcon_meta'
[0.449s] Level 1:colcon.colcon_core.package_identification:_identify(/home/rishi/turtlebot3_ws/src/turtlebot3_gazebo/models/aruco_marker) by extensions ['ros']
[0.449s] Level 1:colcon.colcon_core.package_identification:_identify(/home/rishi/turtlebot3_ws/src/turtlebot3_gazebo/models/aruco_marker) by extension 'ros'
[0.449s] Level 1:colcon.colcon_core.package_identification:_identify(/home/rishi/turtlebot3_ws/src/turtlebot3_gazebo/models/aruco_marker) by extensions ['cmake', 'python']
[0.449s] Level 1:colcon.colcon_core.package_identification:_identify(/home/rishi/turtlebot3_ws/src/turtlebot3_gazebo/models/aruco_marker) by extension 'cmake'
[0.449s] Level 1:colcon.colcon_core.package_identification:_identify(/home/rishi/turtlebot3_ws/src/turtlebot3_gazebo/models/aruco_marker) by extension 'python'
[0.449s] Level 1:colcon.colcon_core.package_identification:_identify(/home/rishi/turtlebot3_ws/src/turtlebot3_gazebo/models/aruco_marker) by extensions ['python_setup_py']
[0.449s] Level 1:colcon.colcon_core.package_identification:_identify(/home/rishi/turtlebot3_ws/src/turtlebot3_gazebo/models/aruco_marker) by extension 'python_setup_py'
[0.449s] Level 1:colcon.colcon_core.package_identification:_identify(/home/rishi/turtlebot3_ws/src/turtlebot3_gazebo/models/aruco_marker/materials) by extensions ['ignore', 'ignore_ament_install']
[0.449s] Level 1:colcon.colcon_core.package_identification:_identify(/home/rishi/turtlebot3_ws/src/turtlebot3_gazebo/models/aruco_marker/materials) by extension 'ignore'
[0.449s] Level 1:colcon.colcon_core.package_identification:_identify(/home/rishi/turtlebot3_ws/src/turtlebot3_gazebo/models/aruco_marker/materials) by extension 'ignore_ament_install'
[0.449s] Level 1:colcon.colcon_core.package_identification:_identify(/home/rishi/turtlebot3_ws/src/turtlebot3_gazebo/models/aruco_marker/materials) by extensions ['colcon_pkg']
[0.449s] Level 1:colcon.colcon_core.package_identification:_identify(/home/rishi/turtlebot3_ws/src/turtlebot3_gazebo/models/aruco_marker/materials) by extension 'colcon_pkg'
[0.449s] Level 1:colcon.colcon_core.package_identification:_identify(/home/rishi/turtlebot3_ws/src/turtlebot3_gazebo/models/aruco_marker/materials) by extensions ['colcon_meta']
[0.450s] Level 1:colcon.colcon_core.package_identification:_identify(/home/rishi/turtlebot3_ws/src/turtlebot3_gazebo/models/aruco_marker/materials) by extension 'colcon_meta'
[0.450s] Level 1:colcon.colcon_core.package_identification:_identify(/home/rishi/turtlebot3_ws/src/turtlebot3_gazebo/models/aruco_marker/materials) by extensions ['ros']
[0.450s] Level 1:colcon.colcon_core.package_identification:_identify(/home/rishi/turtlebot3_ws/src/turtlebot3_gazebo/models/aruco_marker/materials) by extension 'ros'
[0.450s] Level 1:colcon.colcon_core.package_identification:_identify(/home/rishi/turtlebot3_ws/src/turtlebot3_gazebo/models/aruco_marker/materials) by extensions ['cmake', 'python']
[0.450s] Level 1:colcon.colcon_core.package_identification:_identify(/home/rishi/turtlebot3_ws/src/turtlebot3_gazebo/models/aruco_marker/materials) by extension 'cmake'
[0.450s] Level 1:colcon.colcon_core.package_identification:_identify(/home/rishi/turtlebot3_ws/src/turtlebot3_gazebo/models/aruco_marker/materials) by extension 'python'
[0.450s] Level 1:colcon.colcon_core.package_identification:_identify(/home/rishi/turtlebot3_ws/src/turtlebot3_gazebo/models/aruco_marker/materials) by extensions ['python_setup_py']
[0.450s] Level 1:colcon.colcon_core.package_identification:_identify(/home/rishi/turtlebot3_ws/src/turtlebot3_gazebo/models/aruco_marker/materials) by extension 'python_setup_py'
[0.450s] Level 1:colcon.colcon_core.package_identification:_identify(/home/rishi/turtlebot3_ws/src/turtlebot3_gazebo/models/aruco_marker/materials/scripts) by extensions ['ignore', 'ignore_ament_install']
[0.450s] Level 1:colcon.colcon_core.package_identification:_identify(/home/rishi/turtlebot3_ws/src/turtlebot3_gazebo/models/aruco_marker/materials/scripts) by extension 'ignore'
[0.450s] Level 1:colcon.colcon_core.package_identification:_identify(/home/rishi/turtlebot3_ws/src/turtlebot3_gazebo/models/aruco_marker/materials/scripts) by extension 'ignore_ament_install'
[0.450s] Level 1:colcon.colcon_core.package_identification:_identify(/home/rishi/turtlebot3_ws/src/turtlebot3_gazebo/models/aruco_marker/materials/scripts) by extensions ['colcon_pkg']
[0.450s] Level 1:colcon.colcon_core.package_identification:_identify(/home/rishi/turtlebot3_ws/src/turtlebot3_gazebo/models/aruco_marker/materials/scripts) by extension 'colcon_pkg'
[0.450s] Level 1:colcon.colcon_core.package_identification:_identify(/home/rishi/turtlebot3_ws/src/turtlebot3_gazebo/models/aruco_marker/materials/scripts) by extensions ['colcon_meta']
[0.450s] Level 1:colcon.colcon_core.package_identification:_identify(/home/rishi/turtlebot3_ws/src/turtlebot3_gazebo/models/aruco_marker/materials/scripts) by extension 'colcon_meta'
[0.450s] Level 1:colcon.colcon_core.package_identification:_identify(/home/rishi/turtlebot3_ws/src/turtlebot3_gazebo/models/aruco_marker/materials/scripts) by extensions ['ros']
[0.450s] Level 1:colcon.colcon_core.package_identification:_identify(/home/rishi/turtlebot3_ws/src/turtlebot3_gazebo/models/aruco_marker/materials/scripts) by extension 'ros'
[0.450s] Level 1:colcon.colcon_core.package_identification:_identify(/home/rishi/turtlebot3_ws/src/turtlebot3_gazebo/models/aruco_marker/materials/scripts) by extensions ['cmake', 'python']
[0.450s] Level 1:colcon.colcon_core.package_identification:_identify(/home/rishi/turtlebot3_ws/src/turtlebot3_gazebo/models/aruco_marker/materials/scripts) by extension 'cmake'
[0.450s] Level 1:colcon.colcon_core.package_identification:_identify(/home/rishi/turtlebot3_ws/src/turtlebot3_gazebo/models/aruco_marker/materials/scripts) by extension 'python'
[0.450s] Level 1:colcon.colcon_core.package_identification:_identify(/home/rishi/turtlebot3_ws/src/turtlebot3_gazebo/models/aruco_marker/materials/scripts) by extensions ['python_setup_py']
[0.450s] Level 1:colcon.colcon_core.package_identification:_identify(/home/rishi/turtlebot3_ws/src/turtlebot3_gazebo/models/aruco_marker/materials/scripts) by extension 'python_setup_py'
[0.450s] Level 1:colcon.colcon_core.package_identification:_identify(/home/rishi/turtlebot3_ws/src/turtlebot3_gazebo/models/aruco_marker/materials/textures) by extensions ['ignore', 'ignore_ament_install']
[0.450s] Level 1:colcon.colcon_core.package_identification:_identify(/home/rishi/turtlebot3_ws/src/turtlebot3_gazebo/models/aruco_marker/materials/textures) by extension 'ignore'
[0.451s] Level 1:colcon.colcon_core.package_identification:_identify(/home/rishi/turtlebot3_ws/src/turtlebot3_gazebo/models/aruco_marker/materials/textures) by extension 'ignore_ament_install'
[0.451s] Level 1:colcon.colcon_core.package_identification:_identify(/home/rishi/turtlebot3_ws/src/turtlebot3_gazebo/models/aruco_marker/materials/textures) by extensions ['colcon_pkg']
[0.451s] Level 1:colcon.colcon_core.package_identification:_identify(/home/rishi/turtlebot3_ws/src/turtlebot3_gazebo/models/aruco_marker/materials/textures) by extension 'colcon_pkg'
[0.451s] Level 1:colcon.colcon_core.package_identification:_identify(/home/rishi/turtlebot3_ws/src/turtlebot3_gazebo/models/aruco_marker/materials/textures) by extensions ['colcon_meta']
[0.451s] Level 1:colcon.colcon_core.package_identification:_identify(/home/rishi/turtlebot3_ws/src/turtlebot3_gazebo/models/aruco_marker/materials/textures) by extension 'colcon_meta'
[0.451s] Level 1:colcon.colcon_core.package_identification:_identify(/home/rishi/turtlebot3_ws/src/turtlebot3_gazebo/models/aruco_marker/materials/textures) by extensions ['ros']
[0.451s] Level 1:colcon.colcon_core.package_identification:_identify(/home/rishi/turtlebot3_ws/src/turtlebot3_gazebo/models/aruco_marker/materials/textures) by extension 'ros'
[0.451s] Level 1:colcon.colcon_core.package_identification:_identify(/home/rishi/turtlebot3_ws/src/turtlebot3_gazebo/models/aruco_marker/materials/textures) by extensions ['cmake', 'python']
[0.451s] Level 1:colcon.colcon_core.package_identification:_identify(/home/rishi/turtlebot3_ws/src/turtlebot3_gazebo/models/aruco_marker/materials/textures) by extension 'cmake'
[0.451s] Level 1:colcon.colcon_core.package_identification:_identify(/home/rishi/turtlebot3_ws/src/turtlebot3_gazebo/models/aruco_marker/materials/textures) by extension 'python'
[0.451s] Level 1:colcon.colcon_core.package_identification:_identify(/home/rishi/turtlebot3_ws/src/turtlebot3_gazebo/models/aruco_marker/materials/textures) by extensions ['python_setup_py']
[0.451s] Level 1:colcon.colcon_core.package_identification:_identify(/home/rishi/turtlebot3_ws/src/turtlebot3_gazebo/models/aruco_marker/materials/textures) by extension 'python_setup_py'
[0.451s] Level 1:colcon.colcon_core.package_identification:_identify(/home/rishi/turtlebot3_ws/src/turtlebot3_msgs) by extensions ['ignore', 'ignore_ament_install']
[0.451s] Level 1:colcon.colcon_core.package_identification:_identify(/home/rishi/turtlebot3_ws/src/turtlebot3_msgs) by extension 'ignore'
[0.451s] Level 1:colcon.colcon_core.package_identification:_identify(/home/rishi/turtlebot3_ws/src/turtlebot3_msgs) by extension 'ignore_ament_install'
[0.451s] Level 1:colcon.colcon_core.package_identification:_identify(/home/rishi/turtlebot3_ws/src/turtlebot3_msgs) by extensions ['colcon_pkg']
[0.451s] Level 1:colcon.colcon_core.package_identification:_identify(/home/rishi/turtlebot3_ws/src/turtlebot3_msgs) by extension 'colcon_pkg'
[0.451s] Level 1:colcon.colcon_core.package_identification:_identify(/home/rishi/turtlebot3_ws/src/turtlebot3_msgs) by extensions ['colcon_meta']
[0.451s] Level 1:colcon.colcon_core.package_identification:_identify(/home/rishi/turtlebot3_ws/src/turtlebot3_msgs) by extension 'colcon_meta'
[0.451s] Level 1:colcon.colcon_core.package_identification:_identify(/home/rishi/turtlebot3_ws/src/turtlebot3_msgs) by extensions ['ros']
[0.451s] Level 1:colcon.colcon_core.package_identification:_identify(/home/rishi/turtlebot3_ws/src/turtlebot3_msgs) by extension 'ros'
[0.452s] DEBUG:colcon.colcon_core.package_identification:Package '/home/rishi/turtlebot3_ws/src/turtlebot3_msgs' with type 'ros.ament_cmake' and name 'turtlebot3_msgs'
[0.452s] Level 1:colcon.colcon_core.package_identification:_identify(/home/rishi/turtlebot3_ws/src/turtlebot3_simulations) by extensions ['ignore', 'ignore_ament_install']
[0.452s] Level 1:colcon.colcon_core.package_identification:_identify(/home/rishi/turtlebot3_ws/src/turtlebot3_simulations) by extension 'ignore'
[0.452s] Level 1:colcon.colcon_core.package_identification:_identify(/home/rishi/turtlebot3_ws/src/turtlebot3_simulations) by extension 'ignore_ament_install'
[0.452s] Level 1:colcon.colcon_core.package_identification:_identify(/home/rishi/turtlebot3_ws/src/turtlebot3_simulations) by extensions ['colcon_pkg']
[0.452s] Level 1:colcon.colcon_core.package_identification:_identify(/home/rishi/turtlebot3_ws/src/turtlebot3_simulations) by extension 'colcon_pkg'
[0.452s] Level 1:colcon.colcon_core.package_identification:_identify(/home/rishi/turtlebot3_ws/src/turtlebot3_simulations) by extensions ['colcon_meta']
[0.452s] Level 1:colcon.colcon_core.package_identification:_identify(/home/rishi/turtlebot3_ws/src/turtlebot3_simulations) by extension 'colcon_meta'
[0.452s] Level 1:colcon.colcon_core.package_identification:_identify(/home/rishi/turtlebot3_ws/src/turtlebot3_simulations) by extensions ['ros']
[0.452s] Level 1:colcon.colcon_core.package_identification:_identify(/home/rishi/turtlebot3_ws/src/turtlebot3_simulations) by extension 'ros'
[0.452s] Level 1:colcon.colcon_core.package_identification:_identify(/home/rishi/turtlebot3_ws/src/turtlebot3_simulations) by extensions ['cmake', 'python']
[0.453s] Level 1:colcon.colcon_core.package_identification:_identify(/home/rishi/turtlebot3_ws/src/turtlebot3_simulations) by extension 'cmake'
[0.453s] Level 1:colcon.colcon_core.package_identification:_identify(/home/rishi/turtlebot3_ws/src/turtlebot3_simulations) by extension 'python'
[0.453s] Level 1:colcon.colcon_core.package_identification:_identify(/home/rishi/turtlebot3_ws/src/turtlebot3_simulations) by extensions ['python_setup_py']
[0.453s] Level 1:colcon.colcon_core.package_identification:_identify(/home/rishi/turtlebot3_ws/src/turtlebot3_simulations) by extension 'python_setup_py'
[0.453s] Level 1:colcon.colcon_core.package_identification:_identify(/home/rishi/turtlebot3_ws/src/turtlebot3_simulations/turtlebot3_fake_node) by extensions ['ignore', 'ignore_ament_install']
[0.453s] Level 1:colcon.colcon_core.package_identification:_identify(/home/rishi/turtlebot3_ws/src/turtlebot3_simulations/turtlebot3_fake_node) by extension 'ignore'
[0.453s] Level 1:colcon.colcon_core.package_identification:_identify(/home/rishi/turtlebot3_ws/src/turtlebot3_simulations/turtlebot3_fake_node) by extension 'ignore_ament_install'
[0.453s] Level 1:colcon.colcon_core.package_identification:_identify(/home/rishi/turtlebot3_ws/src/turtlebot3_simulations/turtlebot3_fake_node) by extensions ['colcon_pkg']
[0.453s] Level 1:colcon.colcon_core.package_identification:_identify(/home/rishi/turtlebot3_ws/src/turtlebot3_simulations/turtlebot3_fake_node) by extension 'colcon_pkg'
[0.453s] Level 1:colcon.colcon_core.package_identification:_identify(/home/rishi/turtlebot3_ws/src/turtlebot3_simulations/turtlebot3_fake_node) by extensions ['colcon_meta']
[0.453s] Level 1:colcon.colcon_core.package_identification:_identify(/home/rishi/turtlebot3_ws/src/turtlebot3_simulations/turtlebot3_fake_node) by extension 'colcon_meta'
[0.453s] Level 1:colcon.colcon_core.package_identification:_identify(/home/rishi/turtlebot3_ws/src/turtlebot3_simulations/turtlebot3_fake_node) by extensions ['ros']
[0.453s] Level 1:colcon.colcon_core.package_identification:_identify(/home/rishi/turtlebot3_ws/src/turtlebot3_simulations/turtlebot3_fake_node) by extension 'ros'
[0.454s] DEBUG:colcon.colcon_core.package_identification:Package '/home/rishi/turtlebot3_ws/src/turtlebot3_simulations/turtlebot3_fake_node' with type 'ros.ament_cmake' and name 'turtlebot3_fake_node'
[0.454s] Level 1:colcon.colcon_core.package_identification:_identify(/home/rishi/turtlebot3_ws/src/turtlebot3_simulations/turtlebot3_gazebo) by extensions ['ignore', 'ignore_ament_install']
[0.454s] Level 1:colcon.colcon_core.package_identification:_identify(/home/rishi/turtlebot3_ws/src/turtlebot3_simulations/turtlebot3_gazebo) by extension 'ignore'
[0.454s] Level 1:colcon.colcon_core.package_identification:_identify(/home/rishi/turtlebot3_ws/src/turtlebot3_simulations/turtlebot3_gazebo) by extension 'ignore_ament_install'
[0.454s] Level 1:colcon.colcon_core.package_identification:_identify(/home/rishi/turtlebot3_ws/src/turtlebot3_simulations/turtlebot3_gazebo) by extensions ['colcon_pkg']
[0.454s] Level 1:colcon.colcon_core.package_identification:_identify(/home/rishi/turtlebot3_ws/src/turtlebot3_simulations/turtlebot3_gazebo) by extension 'colcon_pkg'
[0.454s] Level 1:colcon.colcon_core.package_identification:_identify(/home/rishi/turtlebot3_ws/src/turtlebot3_simulations/turtlebot3_gazebo) by extensions ['colcon_meta']
[0.455s] Level 1:colcon.colcon_core.package_identification:_identify(/home/rishi/turtlebot3_ws/src/turtlebot3_simulations/turtlebot3_gazebo) by extension 'colcon_meta'
[0.455s] Level 1:colcon.colcon_core.package_identification:_identify(/home/rishi/turtlebot3_ws/src/turtlebot3_simulations/turtlebot3_gazebo) by extensions ['ros']
[0.455s] Level 1:colcon.colcon_core.package_identification:_identify(/home/rishi/turtlebot3_ws/src/turtlebot3_simulations/turtlebot3_gazebo) by extension 'ros'
[0.455s] DEBUG:colcon.colcon_core.package_identification:Package '/home/rishi/turtlebot3_ws/src/turtlebot3_simulations/turtlebot3_gazebo' with type 'ros.ament_cmake' and name 'turtlebot3_gazebo'
[0.456s] Level 1:colcon.colcon_core.package_identification:_identify(/home/rishi/turtlebot3_ws/src/turtlebot3_simulations/turtlebot3_simulations) by extensions ['ignore', 'ignore_ament_install']
[0.456s] Level 1:colcon.colcon_core.package_identification:_identify(/home/rishi/turtlebot3_ws/src/turtlebot3_simulations/turtlebot3_simulations) by extension 'ignore'
[0.456s] Level 1:colcon.colcon_core.package_identification:_identify(/home/rishi/turtlebot3_ws/src/turtlebot3_simulations/turtlebot3_simulations) by extension 'ignore_ament_install'
[0.456s] Level 1:colcon.colcon_core.package_identification:_identify(/home/rishi/turtlebot3_ws/src/turtlebot3_simulations/turtlebot3_simulations) by extensions ['colcon_pkg']
[0.456s] Level 1:colcon.colcon_core.package_identification:_identify(/home/rishi/turtlebot3_ws/src/turtlebot3_simulations/turtlebot3_simulations) by extension 'colcon_pkg'
[0.456s] Level 1:colcon.colcon_core.package_identification:_identify(/home/rishi/turtlebot3_ws/src/turtlebot3_simulations/turtlebot3_simulations) by extensions ['colcon_meta']
[0.456s] Level 1:colcon.colcon_core.package_identification:_identify(/home/rishi/turtlebot3_ws/src/turtlebot3_simulations/turtlebot3_simulations) by extension 'colcon_meta'
[0.456s] Level 1:colcon.colcon_core.package_identification:_identify(/home/rishi/turtlebot3_ws/src/turtlebot3_simulations/turtlebot3_simulations) by extensions ['ros']
[0.456s] Level 1:colcon.colcon_core.package_identification:_identify(/home/rishi/turtlebot3_ws/src/turtlebot3_simulations/turtlebot3_simulations) by extension 'ros'
[0.456s] DEBUG:colcon.colcon_core.package_identification:Package '/home/rishi/turtlebot3_ws/src/turtlebot3_simulations/turtlebot3_simulations' with type 'ros.ament_cmake' and name 'turtlebot3_simulations'
[0.456s] Level 1:colcon.colcon_core.package_discovery:discover_packages(recursive) using defaults
