[0.051s] Invoking command in '/home/rishi/turtlebot3_ws/build/turtlebot3_cartographer': CMAKE_PREFIX_PATH=${CMAKE_PREFIX_PATH}:/home/rishi/turtlebot3_ws/install/turtlebot3_teleop:/home/rishi/turtlebot3_ws/install/turtlebot3_example:/home/rishi/eyrc/install/ur5_control:/home/rishi/eyrc/install/tasks:/home/rishi/eyrc/install/task_4c:/home/rishi/eyrc/install/pymoveitnn:/home/rishi/eyrc/install/docking_srv:/opt/ros/humble /usr/bin/cmake --build /home/rishi/turtlebot3_ws/build/turtlebot3_cartographer -- -j12 -l12
[0.616s] Invoked command in '/home/rishi/turtlebot3_ws/build/turtlebot3_cartographer' returned '0': CMAKE_PREFIX_PATH=${CMAKE_PREFIX_PATH}:/home/rishi/turtlebot3_ws/install/turtlebot3_teleop:/home/rishi/turtlebot3_ws/install/turtlebot3_example:/home/rishi/eyrc/install/ur5_control:/home/rishi/eyrc/install/tasks:/home/rishi/eyrc/install/task_4c:/home/rishi/eyrc/install/pymoveitnn:/home/rishi/eyrc/install/docking_srv:/opt/ros/humble /usr/bin/cmake --build /home/rishi/turtlebot3_ws/build/turtlebot3_cartographer -- -j12 -l12
[0.617s] Invoking command in '/home/rishi/turtlebot3_ws/build/turtlebot3_cartographer': CMAKE_PREFIX_PATH=${CMAKE_PREFIX_PATH}:/home/rishi/turtlebot3_ws/install/turtlebot3_teleop:/home/rishi/turtlebot3_ws/install/turtlebot3_example:/home/rishi/eyrc/install/ur5_control:/home/rishi/eyrc/install/tasks:/home/rishi/eyrc/install/task_4c:/home/rishi/eyrc/install/pymoveitnn:/home/rishi/eyrc/install/docking_srv:/opt/ros/humble /usr/bin/cmake --install /home/rishi/turtlebot3_ws/build/turtlebot3_cartographer
[0.632s] -- Install configuration: ""
[0.633s] -- Execute custom install script
[0.633s] -- Up-to-date symlink: /home/rishi/turtlebot3_ws/install/turtlebot3_cartographer/share/turtlebot3_cartographer/config/turtlebot3_lds_2d.lua
[0.633s] -- Up-to-date symlink: /home/rishi/turtlebot3_ws/install/turtlebot3_cartographer/share/turtlebot3_cartographer/launch/cartographer.launch.py
[0.634s] -- Up-to-date symlink: /home/rishi/turtlebot3_ws/install/turtlebot3_cartographer/share/turtlebot3_cartographer/launch/occupancy_grid.launch.py
[0.634s] -- Up-to-date symlink: /home/rishi/turtlebot3_ws/install/turtlebot3_cartographer/share/turtlebot3_cartographer/rviz/tb3_cartographer.rviz
[0.634s] -- Up-to-date symlink: /home/rishi/turtlebot3_ws/install/turtlebot3_cartographer/share/ament_index/resource_index/package_run_dependencies/turtlebot3_cartographer
[0.634s] -- Up-to-date symlink: /home/rishi/turtlebot3_ws/install/turtlebot3_cartographer/share/ament_index/resource_index/parent_prefix_path/turtlebot3_cartographer
[0.634s] -- Up-to-date symlink: /home/rishi/turtlebot3_ws/install/turtlebot3_cartographer/share/turtlebot3_cartographer/environment/ament_prefix_path.sh
[0.634s] -- Up-to-date symlink: /home/rishi/turtlebot3_ws/install/turtlebot3_cartographer/share/turtlebot3_cartographer/environment/ament_prefix_path.dsv
[0.636s] -- Up-to-date symlink: /home/rishi/turtlebot3_ws/install/turtlebot3_cartographer/share/turtlebot3_cartographer/environment/path.sh
[0.637s] -- Up-to-date symlink: /home/rishi/turtlebot3_ws/install/turtlebot3_cartographer/share/turtlebot3_cartographer/environment/path.dsv
[0.639s] -- Up-to-date symlink: /home/rishi/turtlebot3_ws/install/turtlebot3_cartographer/share/turtlebot3_cartographer/local_setup.bash
[0.639s] -- Up-to-date symlink: /home/rishi/turtlebot3_ws/install/turtlebot3_cartographer/share/turtlebot3_cartographer/local_setup.sh
[0.639s] -- Up-to-date symlink: /home/rishi/turtlebot3_ws/install/turtlebot3_cartographer/share/turtlebot3_cartographer/local_setup.zsh
[0.639s] -- Up-to-date symlink: /home/rishi/turtlebot3_ws/install/turtlebot3_cartographer/share/turtlebot3_cartographer/local_setup.dsv
[0.639s] -- Symlinking: /home/rishi/turtlebot3_ws/install/turtlebot3_cartographer/share/turtlebot3_cartographer/package.dsv
[0.639s] -- Up-to-date symlink: /home/rishi/turtlebot3_ws/install/turtlebot3_cartographer/share/ament_index/resource_index/packages/turtlebot3_cartographer
[0.639s] -- Up-to-date symlink: /home/rishi/turtlebot3_ws/install/turtlebot3_cartographer/share/turtlebot3_cartographer/cmake/turtlebot3_cartographerConfig.cmake
[0.639s] -- Up-to-date symlink: /home/rishi/turtlebot3_ws/install/turtlebot3_cartographer/share/turtlebot3_cartographer/cmake/turtlebot3_cartographerConfig-version.cmake
[0.640s] -- Up-to-date symlink: /home/rishi/turtlebot3_ws/install/turtlebot3_cartographer/share/turtlebot3_cartographer/package.xml
[0.676s] Invoked command in '/home/rishi/turtlebot3_ws/build/turtlebot3_cartographer' returned '0': CMAKE_PREFIX_PATH=${CMAKE_PREFIX_PATH}:/home/rishi/turtlebot3_ws/install/turtlebot3_teleop:/home/rishi/turtlebot3_ws/install/turtlebot3_example:/home/rishi/eyrc/install/ur5_control:/home/rishi/eyrc/install/tasks:/home/rishi/eyrc/install/task_4c:/home/rishi/eyrc/install/pymoveitnn:/home/rishi/eyrc/install/docking_srv:/opt/ros/humble /usr/bin/cmake --install /home/rishi/turtlebot3_ws/build/turtlebot3_cartographer
