[0.100s] DEBUG:colcon:Command line arguments: ['/usr/bin/colcon', 'list', '-p', '--base-paths', '/home/rishi/turtlebot3_ws']
[0.100s] DEBUG:colcon:Parsed command line arguments: Namespace(log_base=None, log_level=None, verb_name='list', build_base='build', ignore_user_meta=False, metas=['./colcon.meta'], base_paths=['/home/rishi/turtlebot3_ws'], packages_ignore=None, packages_ignore_regex=None, paths=None, packages_up_to=None, packages_up_to_regex=None, packages_above=None, packages_above_and_dependencies=None, packages_above_depth=None, packages_select_by_dep=None, packages_skip_by_dep=None, packages_skip_up_to=None, packages_select_build_failed=False, packages_skip_build_finished=False, packages_select_test_failures=False, packages_skip_test_passed=False, packages_select=None, packages_skip=None, packages_select_regex=None, packages_skip_regex=None, packages_start=None, packages_end=None, allow_overriding=[], topological_order=False, names_only=False, paths_only=True, topological_graph=False, topological_graph_dot=False, topological_graph_density=False, topological_graph_legend=False, topological_graph_dot_cluster=False, topological_graph_dot_include_skipped=False, mixin_files=None, mixin=None, verb_parser=<colcon_mixin.mixin.mixin_argument.MixinArgumentDecorator object at 0x7500e765e230>, verb_extension=<colcon_package_information.verb.list.ListVerb object at 0x7500e77e2980>, main=<bound method ListVerb.main of <colcon_package_information.verb.list.ListVerb object at 0x7500e77e2980>>, mixin_verb=('list',))
[0.309s] Level 1:colcon.colcon_core.package_discovery:discover_packages(colcon_meta) check parameters
[0.309s] Level 1:colcon.colcon_core.package_discovery:discover_packages(recursive) check parameters
[0.309s] Level 1:colcon.colcon_core.package_discovery:discover_packages(ignore) check parameters
[0.309s] Level 1:colcon.colcon_core.package_discovery:discover_packages(path) check parameters
[0.309s] Level 1:colcon.colcon_core.package_discovery:discover_packages(recursive) discover
[0.309s] INFO:colcon.colcon_core.package_discovery:Crawling recursively for packages in '/home/rishi/turtlebot3_ws'
[0.310s] Level 1:colcon.colcon_core.package_identification:_identify(/home/rishi/turtlebot3_ws) by extensions ['ignore', 'ignore_ament_install']
[0.310s] Level 1:colcon.colcon_core.package_identification:_identify(/home/rishi/turtlebot3_ws) by extension 'ignore'
[0.310s] Level 1:colcon.colcon_core.package_identification:_identify(/home/rishi/turtlebot3_ws) by extension 'ignore_ament_install'
[0.310s] Level 1:colcon.colcon_core.package_identification:_identify(/home/rishi/turtlebot3_ws) by extensions ['colcon_pkg']
[0.310s] Level 1:colcon.colcon_core.package_identification:_identify(/home/rishi/turtlebot3_ws) by extension 'colcon_pkg'
[0.310s] Level 1:colcon.colcon_core.package_identification:_identify(/home/rishi/turtlebot3_ws) by extensions ['colcon_meta']
[0.310s] Level 1:colcon.colcon_core.package_identification:_identify(/home/rishi/turtlebot3_ws) by extension 'colcon_meta'
[0.310s] Level 1:colcon.colcon_core.package_identification:_identify(/home/rishi/turtlebot3_ws) by extensions ['ros']
[0.310s] Level 1:colcon.colcon_core.package_identification:_identify(/home/rishi/turtlebot3_ws) by extension 'ros'
[0.322s] Level 1:colcon.colcon_core.package_identification:_identify(/home/rishi/turtlebot3_ws) by extensions ['cmake', 'python']
[0.322s] Level 1:colcon.colcon_core.package_identification:_identify(/home/rishi/turtlebot3_ws) by extension 'cmake'
[0.322s] Level 1:colcon.colcon_core.package_identification:_identify(/home/rishi/turtlebot3_ws) by extension 'python'
[0.322s] Level 1:colcon.colcon_core.package_identification:_identify(/home/rishi/turtlebot3_ws) by extensions ['python_setup_py']
[0.322s] Level 1:colcon.colcon_core.package_identification:_identify(/home/rishi/turtlebot3_ws) by extension 'python_setup_py'
[0.322s] Level 1:colcon.colcon_core.package_identification:_identify(/home/rishi/turtlebot3_ws/build) by extensions ['ignore', 'ignore_ament_install']
[0.322s] Level 1:colcon.colcon_core.package_identification:_identify(/home/rishi/turtlebot3_ws/build) by extension 'ignore'
[0.322s] Level 1:colcon.colcon_core.package_identification:_identify(/home/rishi/turtlebot3_ws/build) ignored
[0.323s] Level 1:colcon.colcon_core.package_identification:_identify(/home/rishi/turtlebot3_ws/install) by extensions ['ignore', 'ignore_ament_install']
[0.323s] Level 1:colcon.colcon_core.package_identification:_identify(/home/rishi/turtlebot3_ws/install) by extension 'ignore'
[0.323s] Level 1:colcon.colcon_core.package_identification:_identify(/home/rishi/turtlebot3_ws/install) ignored
[0.323s] Level 1:colcon.colcon_core.package_identification:_identify(/home/rishi/turtlebot3_ws/log) by extensions ['ignore', 'ignore_ament_install']
[0.323s] Level 1:colcon.colcon_core.package_identification:_identify(/home/rishi/turtlebot3_ws/log) by extension 'ignore'
[0.323s] Level 1:colcon.colcon_core.package_identification:_identify(/home/rishi/turtlebot3_ws/log) ignored
[0.323s] Level 1:colcon.colcon_core.package_identification:_identify(/home/rishi/turtlebot3_ws/src) by extensions ['ignore', 'ignore_ament_install']
[0.323s] Level 1:colcon.colcon_core.package_identification:_identify(/home/rishi/turtlebot3_ws/src) by extension 'ignore'
[0.323s] Level 1:colcon.colcon_core.package_identification:_identify(/home/rishi/turtlebot3_ws/src) by extension 'ignore_ament_install'
[0.323s] Level 1:colcon.colcon_core.package_identification:_identify(/home/rishi/turtlebot3_ws/src) by extensions ['colcon_pkg']
[0.323s] Level 1:colcon.colcon_core.package_identification:_identify(/home/rishi/turtlebot3_ws/src) by extension 'colcon_pkg'
[0.323s] Level 1:colcon.colcon_core.package_identification:_identify(/home/rishi/turtlebot3_ws/src) by extensions ['colcon_meta']
[0.323s] Level 1:colcon.colcon_core.package_identification:_identify(/home/rishi/turtlebot3_ws/src) by extension 'colcon_meta'
[0.323s] Level 1:colcon.colcon_core.package_identification:_identify(/home/rishi/turtlebot3_ws/src) by extensions ['ros']
[0.324s] Level 1:colcon.colcon_core.package_identification:_identify(/home/rishi/turtlebot3_ws/src) by extension 'ros'
[0.324s] Level 1:colcon.colcon_core.package_identification:_identify(/home/rishi/turtlebot3_ws/src) by extensions ['cmake', 'python']
[0.324s] Level 1:colcon.colcon_core.package_identification:_identify(/home/rishi/turtlebot3_ws/src) by extension 'cmake'
[0.324s] Level 1:colcon.colcon_core.package_identification:_identify(/home/rishi/turtlebot3_ws/src) by extension 'python'
[0.324s] Level 1:colcon.colcon_core.package_identification:_identify(/home/rishi/turtlebot3_ws/src) by extensions ['python_setup_py']
[0.324s] Level 1:colcon.colcon_core.package_identification:_identify(/home/rishi/turtlebot3_ws/src) by extension 'python_setup_py'
[0.324s] Level 1:colcon.colcon_core.package_identification:_identify(/home/rishi/turtlebot3_ws/src/DynamixelSDK) by extensions ['ignore', 'ignore_ament_install']
[0.324s] Level 1:colcon.colcon_core.package_identification:_identify(/home/rishi/turtlebot3_ws/src/DynamixelSDK) by extension 'ignore'
[0.324s] Level 1:colcon.colcon_core.package_identification:_identify(/home/rishi/turtlebot3_ws/src/DynamixelSDK) by extension 'ignore_ament_install'
[0.324s] Level 1:colcon.colcon_core.package_identification:_identify(/home/rishi/turtlebot3_ws/src/DynamixelSDK) by extensions ['colcon_pkg']
[0.324s] Level 1:colcon.colcon_core.package_identification:_identify(/home/rishi/turtlebot3_ws/src/DynamixelSDK) by extension 'colcon_pkg'
[0.324s] Level 1:colcon.colcon_core.package_identification:_identify(/home/rishi/turtlebot3_ws/src/DynamixelSDK) by extensions ['colcon_meta']
[0.324s] Level 1:colcon.colcon_core.package_identification:_identify(/home/rishi/turtlebot3_ws/src/DynamixelSDK) by extension 'colcon_meta'
[0.324s] Level 1:colcon.colcon_core.package_identification:_identify(/home/rishi/turtlebot3_ws/src/DynamixelSDK) by extensions ['ros']
[0.324s] Level 1:colcon.colcon_core.package_identification:_identify(/home/rishi/turtlebot3_ws/src/DynamixelSDK) by extension 'ros'
[0.324s] Level 1:colcon.colcon_core.package_identification:_identify(/home/rishi/turtlebot3_ws/src/DynamixelSDK) by extensions ['cmake', 'python']
[0.324s] Level 1:colcon.colcon_core.package_identification:_identify(/home/rishi/turtlebot3_ws/src/DynamixelSDK) by extension 'cmake'
[0.324s] Level 1:colcon.colcon_core.package_identification:_identify(/home/rishi/turtlebot3_ws/src/DynamixelSDK) by extension 'python'
[0.324s] Level 1:colcon.colcon_core.package_identification:_identify(/home/rishi/turtlebot3_ws/src/DynamixelSDK) by extensions ['python_setup_py']
[0.324s] Level 1:colcon.colcon_core.package_identification:_identify(/home/rishi/turtlebot3_ws/src/DynamixelSDK) by extension 'python_setup_py'
[0.324s] Level 1:colcon.colcon_core.package_identification:_identify(/home/rishi/turtlebot3_ws/src/DynamixelSDK/dynamixel_sdk) by extensions ['ignore', 'ignore_ament_install']
[0.324s] Level 1:colcon.colcon_core.package_identification:_identify(/home/rishi/turtlebot3_ws/src/DynamixelSDK/dynamixel_sdk) by extension 'ignore'
[0.324s] Level 1:colcon.colcon_core.package_identification:_identify(/home/rishi/turtlebot3_ws/src/DynamixelSDK/dynamixel_sdk) by extension 'ignore_ament_install'
[0.324s] Level 1:colcon.colcon_core.package_identification:_identify(/home/rishi/turtlebot3_ws/src/DynamixelSDK/dynamixel_sdk) by extensions ['colcon_pkg']
[0.324s] Level 1:colcon.colcon_core.package_identification:_identify(/home/rishi/turtlebot3_ws/src/DynamixelSDK/dynamixel_sdk) by extension 'colcon_pkg'
[0.324s] Level 1:colcon.colcon_core.package_identification:_identify(/home/rishi/turtlebot3_ws/src/DynamixelSDK/dynamixel_sdk) by extensions ['colcon_meta']
[0.324s] Level 1:colcon.colcon_core.package_identification:_identify(/home/rishi/turtlebot3_ws/src/DynamixelSDK/dynamixel_sdk) by extension 'colcon_meta'
[0.325s] Level 1:colcon.colcon_core.package_identification:_identify(/home/rishi/turtlebot3_ws/src/DynamixelSDK/dynamixel_sdk) by extensions ['ros']
[0.325s] Level 1:colcon.colcon_core.package_identification:_identify(/home/rishi/turtlebot3_ws/src/DynamixelSDK/dynamixel_sdk) by extension 'ros'
[0.327s] DEBUG:colcon.colcon_core.package_identification:Package '/home/rishi/turtlebot3_ws/src/DynamixelSDK/dynamixel_sdk' with type 'ros.ament_cmake' and name 'dynamixel_sdk'
[0.327s] Level 1:colcon.colcon_core.package_identification:_identify(/home/rishi/turtlebot3_ws/src/DynamixelSDK/dynamixel_sdk_custom_interfaces) by extensions ['ignore', 'ignore_ament_install']
[0.327s] Level 1:colcon.colcon_core.package_identification:_identify(/home/rishi/turtlebot3_ws/src/DynamixelSDK/dynamixel_sdk_custom_interfaces) by extension 'ignore'
[0.328s] Level 1:colcon.colcon_core.package_identification:_identify(/home/rishi/turtlebot3_ws/src/DynamixelSDK/dynamixel_sdk_custom_interfaces) by extension 'ignore_ament_install'
[0.328s] Level 1:colcon.colcon_core.package_identification:_identify(/home/rishi/turtlebot3_ws/src/DynamixelSDK/dynamixel_sdk_custom_interfaces) by extensions ['colcon_pkg']
[0.328s] Level 1:colcon.colcon_core.package_identification:_identify(/home/rishi/turtlebot3_ws/src/DynamixelSDK/dynamixel_sdk_custom_interfaces) by extension 'colcon_pkg'
[0.328s] Level 1:colcon.colcon_core.package_identification:_identify(/home/rishi/turtlebot3_ws/src/DynamixelSDK/dynamixel_sdk_custom_interfaces) by extensions ['colcon_meta']
[0.328s] Level 1:colcon.colcon_core.package_identification:_identify(/home/rishi/turtlebot3_ws/src/DynamixelSDK/dynamixel_sdk_custom_interfaces) by extension 'colcon_meta'
[0.328s] Level 1:colcon.colcon_core.package_identification:_identify(/home/rishi/turtlebot3_ws/src/DynamixelSDK/dynamixel_sdk_custom_interfaces) by extensions ['ros']
[0.328s] Level 1:colcon.colcon_core.package_identification:_identify(/home/rishi/turtlebot3_ws/src/DynamixelSDK/dynamixel_sdk_custom_interfaces) by extension 'ros'
[0.328s] DEBUG:colcon.colcon_core.package_identification:Package '/home/rishi/turtlebot3_ws/src/DynamixelSDK/dynamixel_sdk_custom_interfaces' with type 'ros.ament_cmake' and name 'dynamixel_sdk_custom_interfaces'
[0.329s] Level 1:colcon.colcon_core.package_identification:_identify(/home/rishi/turtlebot3_ws/src/DynamixelSDK/dynamixel_sdk_examples) by extensions ['ignore', 'ignore_ament_install']
[0.329s] Level 1:colcon.colcon_core.package_identification:_identify(/home/rishi/turtlebot3_ws/src/DynamixelSDK/dynamixel_sdk_examples) by extension 'ignore'
[0.329s] Level 1:colcon.colcon_core.package_identification:_identify(/home/rishi/turtlebot3_ws/src/DynamixelSDK/dynamixel_sdk_examples) by extension 'ignore_ament_install'
[0.329s] Level 1:colcon.colcon_core.package_identification:_identify(/home/rishi/turtlebot3_ws/src/DynamixelSDK/dynamixel_sdk_examples) by extensions ['colcon_pkg']
[0.329s] Level 1:colcon.colcon_core.package_identification:_identify(/home/rishi/turtlebot3_ws/src/DynamixelSDK/dynamixel_sdk_examples) by extension 'colcon_pkg'
[0.329s] Level 1:colcon.colcon_core.package_identification:_identify(/home/rishi/turtlebot3_ws/src/DynamixelSDK/dynamixel_sdk_examples) by extensions ['colcon_meta']
[0.329s] Level 1:colcon.colcon_core.package_identification:_identify(/home/rishi/turtlebot3_ws/src/DynamixelSDK/dynamixel_sdk_examples) by extension 'colcon_meta'
[0.329s] Level 1:colcon.colcon_core.package_identification:_identify(/home/rishi/turtlebot3_ws/src/DynamixelSDK/dynamixel_sdk_examples) by extensions ['ros']
[0.329s] Level 1:colcon.colcon_core.package_identification:_identify(/home/rishi/turtlebot3_ws/src/DynamixelSDK/dynamixel_sdk_examples) by extension 'ros'
[0.330s] DEBUG:colcon.colcon_core.package_identification:Package '/home/rishi/turtlebot3_ws/src/DynamixelSDK/dynamixel_sdk_examples' with type 'ros.ament_cmake' and name 'dynamixel_sdk_examples'
[0.330s] Level 1:colcon.colcon_core.package_identification:_identify(/home/rishi/turtlebot3_ws/src/aruco_marker_detection) by extensions ['ignore', 'ignore_ament_install']
[0.331s] Level 1:colcon.colcon_core.package_identification:_identify(/home/rishi/turtlebot3_ws/src/aruco_marker_detection) by extension 'ignore'
[0.331s] Level 1:colcon.colcon_core.package_identification:_identify(/home/rishi/turtlebot3_ws/src/aruco_marker_detection) by extension 'ignore_ament_install'
[0.331s] Level 1:colcon.colcon_core.package_identification:_identify(/home/rishi/turtlebot3_ws/src/aruco_marker_detection) by extensions ['colcon_pkg']
[0.331s] Level 1:colcon.colcon_core.package_identification:_identify(/home/rishi/turtlebot3_ws/src/aruco_marker_detection) by extension 'colcon_pkg'
[0.331s] Level 1:colcon.colcon_core.package_identification:_identify(/home/rishi/turtlebot3_ws/src/aruco_marker_detection) by extensions ['colcon_meta']
[0.331s] Level 1:colcon.colcon_core.package_identification:_identify(/home/rishi/turtlebot3_ws/src/aruco_marker_detection) by extension 'colcon_meta'
[0.331s] Level 1:colcon.colcon_core.package_identification:_identify(/home/rishi/turtlebot3_ws/src/aruco_marker_detection) by extensions ['ros']
[0.331s] Level 1:colcon.colcon_core.package_identification:_identify(/home/rishi/turtlebot3_ws/src/aruco_marker_detection) by extension 'ros'
[0.331s] DEBUG:colcon.colcon_core.package_identification:Package '/home/rishi/turtlebot3_ws/src/aruco_marker_detection' with type 'ros.ament_python' and name 'aruco_marker_detection'
[0.332s] Level 1:colcon.colcon_core.package_identification:_identify(/home/rishi/turtlebot3_ws/src/build) by extensions ['ignore', 'ignore_ament_install']
[0.332s] Level 1:colcon.colcon_core.package_identification:_identify(/home/rishi/turtlebot3_ws/src/build) by extension 'ignore'
[0.332s] Level 1:colcon.colcon_core.package_identification:_identify(/home/rishi/turtlebot3_ws/src/build) ignored
[0.332s] Level 1:colcon.colcon_core.package_identification:_identify(/home/rishi/turtlebot3_ws/src/install) by extensions ['ignore', 'ignore_ament_install']
[0.332s] Level 1:colcon.colcon_core.package_identification:_identify(/home/rishi/turtlebot3_ws/src/install) by extension 'ignore'
[0.332s] Level 1:colcon.colcon_core.package_identification:_identify(/home/rishi/turtlebot3_ws/src/install) ignored
[0.332s] Level 1:colcon.colcon_core.package_identification:_identify(/home/rishi/turtlebot3_ws/src/log) by extensions ['ignore', 'ignore_ament_install']
[0.332s] Level 1:colcon.colcon_core.package_identification:_identify(/home/rishi/turtlebot3_ws/src/log) by extension 'ignore'
[0.332s] Level 1:colcon.colcon_core.package_identification:_identify(/home/rishi/turtlebot3_ws/src/log) ignored
[0.332s] Level 1:colcon.colcon_core.package_identification:_identify(/home/rishi/turtlebot3_ws/src/turtlebot3) by extensions ['ignore', 'ignore_ament_install']
[0.332s] Level 1:colcon.colcon_core.package_identification:_identify(/home/rishi/turtlebot3_ws/src/turtlebot3) by extension 'ignore'
[0.332s] Level 1:colcon.colcon_core.package_identification:_identify(/home/rishi/turtlebot3_ws/src/turtlebot3) by extension 'ignore_ament_install'
[0.332s] Level 1:colcon.colcon_core.package_identification:_identify(/home/rishi/turtlebot3_ws/src/turtlebot3) by extensions ['colcon_pkg']
[0.332s] Level 1:colcon.colcon_core.package_identification:_identify(/home/rishi/turtlebot3_ws/src/turtlebot3) by extension 'colcon_pkg'
[0.332s] Level 1:colcon.colcon_core.package_identification:_identify(/home/rishi/turtlebot3_ws/src/turtlebot3) by extensions ['colcon_meta']
[0.332s] Level 1:colcon.colcon_core.package_identification:_identify(/home/rishi/turtlebot3_ws/src/turtlebot3) by extension 'colcon_meta'
[0.332s] Level 1:colcon.colcon_core.package_identification:_identify(/home/rishi/turtlebot3_ws/src/turtlebot3) by extensions ['ros']
[0.332s] Level 1:colcon.colcon_core.package_identification:_identify(/home/rishi/turtlebot3_ws/src/turtlebot3) by extension 'ros'
[0.332s] Level 1:colcon.colcon_core.package_identification:_identify(/home/rishi/turtlebot3_ws/src/turtlebot3) by extensions ['cmake', 'python']
[0.332s] Level 1:colcon.colcon_core.package_identification:_identify(/home/rishi/turtlebot3_ws/src/turtlebot3) by extension 'cmake'
[0.332s] Level 1:colcon.colcon_core.package_identification:_identify(/home/rishi/turtlebot3_ws/src/turtlebot3) by extension 'python'
[0.332s] Level 1:colcon.colcon_core.package_identification:_identify(/home/rishi/turtlebot3_ws/src/turtlebot3) by extensions ['python_setup_py']
[0.332s] Level 1:colcon.colcon_core.package_identification:_identify(/home/rishi/turtlebot3_ws/src/turtlebot3) by extension 'python_setup_py'
[0.333s] Level 1:colcon.colcon_core.package_identification:_identify(/home/rishi/turtlebot3_ws/src/turtlebot3/turtlebot3) by extensions ['ignore', 'ignore_ament_install']
[0.333s] Level 1:colcon.colcon_core.package_identification:_identify(/home/rishi/turtlebot3_ws/src/turtlebot3/turtlebot3) by extension 'ignore'
[0.333s] Level 1:colcon.colcon_core.package_identification:_identify(/home/rishi/turtlebot3_ws/src/turtlebot3/turtlebot3) by extension 'ignore_ament_install'
[0.333s] Level 1:colcon.colcon_core.package_identification:_identify(/home/rishi/turtlebot3_ws/src/turtlebot3/turtlebot3) by extensions ['colcon_pkg']
[0.333s] Level 1:colcon.colcon_core.package_identification:_identify(/home/rishi/turtlebot3_ws/src/turtlebot3/turtlebot3) by extension 'colcon_pkg'
[0.333s] Level 1:colcon.colcon_core.package_identification:_identify(/home/rishi/turtlebot3_ws/src/turtlebot3/turtlebot3) by extensions ['colcon_meta']
[0.333s] Level 1:colcon.colcon_core.package_identification:_identify(/home/rishi/turtlebot3_ws/src/turtlebot3/turtlebot3) by extension 'colcon_meta'
[0.333s] Level 1:colcon.colcon_core.package_identification:_identify(/home/rishi/turtlebot3_ws/src/turtlebot3/turtlebot3) by extensions ['ros']
[0.333s] Level 1:colcon.colcon_core.package_identification:_identify(/home/rishi/turtlebot3_ws/src/turtlebot3/turtlebot3) by extension 'ros'
[0.333s] DEBUG:colcon.colcon_core.package_identification:Package '/home/rishi/turtlebot3_ws/src/turtlebot3/turtlebot3' with type 'ros.ament_cmake' and name 'turtlebot3'
[0.333s] Level 1:colcon.colcon_core.package_identification:_identify(/home/rishi/turtlebot3_ws/src/turtlebot3/turtlebot3_bringup) by extensions ['ignore', 'ignore_ament_install']
[0.334s] Level 1:colcon.colcon_core.package_identification:_identify(/home/rishi/turtlebot3_ws/src/turtlebot3/turtlebot3_bringup) by extension 'ignore'
[0.334s] Level 1:colcon.colcon_core.package_identification:_identify(/home/rishi/turtlebot3_ws/src/turtlebot3/turtlebot3_bringup) by extension 'ignore_ament_install'
[0.334s] Level 1:colcon.colcon_core.package_identification:_identify(/home/rishi/turtlebot3_ws/src/turtlebot3/turtlebot3_bringup) by extensions ['colcon_pkg']
[0.334s] Level 1:colcon.colcon_core.package_identification:_identify(/home/rishi/turtlebot3_ws/src/turtlebot3/turtlebot3_bringup) by extension 'colcon_pkg'
[0.334s] Level 1:colcon.colcon_core.package_identification:_identify(/home/rishi/turtlebot3_ws/src/turtlebot3/turtlebot3_bringup) by extensions ['colcon_meta']
[0.334s] Level 1:colcon.colcon_core.package_identification:_identify(/home/rishi/turtlebot3_ws/src/turtlebot3/turtlebot3_bringup) by extension 'colcon_meta'
[0.334s] Level 1:colcon.colcon_core.package_identification:_identify(/home/rishi/turtlebot3_ws/src/turtlebot3/turtlebot3_bringup) by extensions ['ros']
[0.334s] Level 1:colcon.colcon_core.package_identification:_identify(/home/rishi/turtlebot3_ws/src/turtlebot3/turtlebot3_bringup) by extension 'ros'
[0.335s] DEBUG:colcon.colcon_core.package_identification:Package '/home/rishi/turtlebot3_ws/src/turtlebot3/turtlebot3_bringup' with type 'ros.ament_cmake' and name 'turtlebot3_bringup'
[0.336s] Level 1:colcon.colcon_core.package_identification:_identify(/home/rishi/turtlebot3_ws/src/turtlebot3/turtlebot3_cartographer) by extensions ['ignore', 'ignore_ament_install']
[0.336s] Level 1:colcon.colcon_core.package_identification:_identify(/home/rishi/turtlebot3_ws/src/turtlebot3/turtlebot3_cartographer) by extension 'ignore'
[0.336s] Level 1:colcon.colcon_core.package_identification:_identify(/home/rishi/turtlebot3_ws/src/turtlebot3/turtlebot3_cartographer) by extension 'ignore_ament_install'
[0.336s] Level 1:colcon.colcon_core.package_identification:_identify(/home/rishi/turtlebot3_ws/src/turtlebot3/turtlebot3_cartographer) by extensions ['colcon_pkg']
[0.336s] Level 1:colcon.colcon_core.package_identification:_identify(/home/rishi/turtlebot3_ws/src/turtlebot3/turtlebot3_cartographer) by extension 'colcon_pkg'
[0.336s] Level 1:colcon.colcon_core.package_identification:_identify(/home/rishi/turtlebot3_ws/src/turtlebot3/turtlebot3_cartographer) by extensions ['colcon_meta']
[0.336s] Level 1:colcon.colcon_core.package_identification:_identify(/home/rishi/turtlebot3_ws/src/turtlebot3/turtlebot3_cartographer) by extension 'colcon_meta'
[0.336s] Level 1:colcon.colcon_core.package_identification:_identify(/home/rishi/turtlebot3_ws/src/turtlebot3/turtlebot3_cartographer) by extensions ['ros']
[0.336s] Level 1:colcon.colcon_core.package_identification:_identify(/home/rishi/turtlebot3_ws/src/turtlebot3/turtlebot3_cartographer) by extension 'ros'
[0.337s] DEBUG:colcon.colcon_core.package_identification:Package '/home/rishi/turtlebot3_ws/src/turtlebot3/turtlebot3_cartographer' with type 'ros.ament_cmake' and name 'turtlebot3_cartographer'
[0.337s] Level 1:colcon.colcon_core.package_identification:_identify(/home/rishi/turtlebot3_ws/src/turtlebot3/turtlebot3_description) by extensions ['ignore', 'ignore_ament_install']
[0.337s] Level 1:colcon.colcon_core.package_identification:_identify(/home/rishi/turtlebot3_ws/src/turtlebot3/turtlebot3_description) by extension 'ignore'
[0.337s] Level 1:colcon.colcon_core.package_identification:_identify(/home/rishi/turtlebot3_ws/src/turtlebot3/turtlebot3_description) by extension 'ignore_ament_install'
[0.337s] Level 1:colcon.colcon_core.package_identification:_identify(/home/rishi/turtlebot3_ws/src/turtlebot3/turtlebot3_description) by extensions ['colcon_pkg']
[0.337s] Level 1:colcon.colcon_core.package_identification:_identify(/home/rishi/turtlebot3_ws/src/turtlebot3/turtlebot3_description) by extension 'colcon_pkg'
[0.337s] Level 1:colcon.colcon_core.package_identification:_identify(/home/rishi/turtlebot3_ws/src/turtlebot3/turtlebot3_description) by extensions ['colcon_meta']
[0.337s] Level 1:colcon.colcon_core.package_identification:_identify(/home/rishi/turtlebot3_ws/src/turtlebot3/turtlebot3_description) by extension 'colcon_meta'
[0.337s] Level 1:colcon.colcon_core.package_identification:_identify(/home/rishi/turtlebot3_ws/src/turtlebot3/turtlebot3_description) by extensions ['ros']
[0.337s] Level 1:colcon.colcon_core.package_identification:_identify(/home/rishi/turtlebot3_ws/src/turtlebot3/turtlebot3_description) by extension 'ros'
[0.338s] DEBUG:colcon.colcon_core.package_identification:Package '/home/rishi/turtlebot3_ws/src/turtlebot3/turtlebot3_description' with type 'ros.ament_cmake' and name 'turtlebot3_description'
[0.338s] Level 1:colcon.colcon_core.package_identification:_identify(/home/rishi/turtlebot3_ws/src/turtlebot3/turtlebot3_example) by extensions ['ignore', 'ignore_ament_install']
[0.338s] Level 1:colcon.colcon_core.package_identification:_identify(/home/rishi/turtlebot3_ws/src/turtlebot3/turtlebot3_example) by extension 'ignore'
[0.338s] Level 1:colcon.colcon_core.package_identification:_identify(/home/rishi/turtlebot3_ws/src/turtlebot3/turtlebot3_example) by extension 'ignore_ament_install'
[0.338s] Level 1:colcon.colcon_core.package_identification:_identify(/home/rishi/turtlebot3_ws/src/turtlebot3/turtlebot3_example) by extensions ['colcon_pkg']
[0.338s] Level 1:colcon.colcon_core.package_identification:_identify(/home/rishi/turtlebot3_ws/src/turtlebot3/turtlebot3_example) by extension 'colcon_pkg'
[0.338s] Level 1:colcon.colcon_core.package_identification:_identify(/home/rishi/turtlebot3_ws/src/turtlebot3/turtlebot3_example) by extensions ['colcon_meta']
[0.338s] Level 1:colcon.colcon_core.package_identification:_identify(/home/rishi/turtlebot3_ws/src/turtlebot3/turtlebot3_example) by extension 'colcon_meta'
[0.338s] Level 1:colcon.colcon_core.package_identification:_identify(/home/rishi/turtlebot3_ws/src/turtlebot3/turtlebot3_example) by extensions ['ros']
[0.338s] Level 1:colcon.colcon_core.package_identification:_identify(/home/rishi/turtlebot3_ws/src/turtlebot3/turtlebot3_example) by extension 'ros'
[0.339s] DEBUG:colcon.colcon_core.package_identification:Package '/home/rishi/turtlebot3_ws/src/turtlebot3/turtlebot3_example' with type 'ros.ament_python' and name 'turtlebot3_example'
[0.339s] Level 1:colcon.colcon_core.package_identification:_identify(/home/rishi/turtlebot3_ws/src/turtlebot3/turtlebot3_navigation2) by extensions ['ignore', 'ignore_ament_install']
[0.339s] Level 1:colcon.colcon_core.package_identification:_identify(/home/rishi/turtlebot3_ws/src/turtlebot3/turtlebot3_navigation2) by extension 'ignore'
[0.339s] Level 1:colcon.colcon_core.package_identification:_identify(/home/rishi/turtlebot3_ws/src/turtlebot3/turtlebot3_navigation2) by extension 'ignore_ament_install'
[0.339s] Level 1:colcon.colcon_core.package_identification:_identify(/home/rishi/turtlebot3_ws/src/turtlebot3/turtlebot3_navigation2) by extensions ['colcon_pkg']
[0.339s] Level 1:colcon.colcon_core.package_identification:_identify(/home/rishi/turtlebot3_ws/src/turtlebot3/turtlebot3_navigation2) by extension 'colcon_pkg'
[0.339s] Level 1:colcon.colcon_core.package_identification:_identify(/home/rishi/turtlebot3_ws/src/turtlebot3/turtlebot3_navigation2) by extensions ['colcon_meta']
[0.339s] Level 1:colcon.colcon_core.package_identification:_identify(/home/rishi/turtlebot3_ws/src/turtlebot3/turtlebot3_navigation2) by extension 'colcon_meta'
[0.339s] Level 1:colcon.colcon_core.package_identification:_identify(/home/rishi/turtlebot3_ws/src/turtlebot3/turtlebot3_navigation2) by extensions ['ros']
[0.339s] Level 1:colcon.colcon_core.package_identification:_identify(/home/rishi/turtlebot3_ws/src/turtlebot3/turtlebot3_navigation2) by extension 'ros'
[0.340s] DEBUG:colcon.colcon_core.package_identification:Package '/home/rishi/turtlebot3_ws/src/turtlebot3/turtlebot3_navigation2' with type 'ros.ament_cmake' and name 'turtlebot3_navigation2'
[0.340s] Level 1:colcon.colcon_core.package_identification:_identify(/home/rishi/turtlebot3_ws/src/turtlebot3/turtlebot3_node) by extensions ['ignore', 'ignore_ament_install']
[0.340s] Level 1:colcon.colcon_core.package_identification:_identify(/home/rishi/turtlebot3_ws/src/turtlebot3/turtlebot3_node) by extension 'ignore'
[0.340s] Level 1:colcon.colcon_core.package_identification:_identify(/home/rishi/turtlebot3_ws/src/turtlebot3/turtlebot3_node) by extension 'ignore_ament_install'
[0.340s] Level 1:colcon.colcon_core.package_identification:_identify(/home/rishi/turtlebot3_ws/src/turtlebot3/turtlebot3_node) by extensions ['colcon_pkg']
[0.340s] Level 1:colcon.colcon_core.package_identification:_identify(/home/rishi/turtlebot3_ws/src/turtlebot3/turtlebot3_node) by extension 'colcon_pkg'
[0.340s] Level 1:colcon.colcon_core.package_identification:_identify(/home/rishi/turtlebot3_ws/src/turtlebot3/turtlebot3_node) by extensions ['colcon_meta']
[0.340s] Level 1:colcon.colcon_core.package_identification:_identify(/home/rishi/turtlebot3_ws/src/turtlebot3/turtlebot3_node) by extension 'colcon_meta'
[0.340s] Level 1:colcon.colcon_core.package_identification:_identify(/home/rishi/turtlebot3_ws/src/turtlebot3/turtlebot3_node) by extensions ['ros']
[0.340s] Level 1:colcon.colcon_core.package_identification:_identify(/home/rishi/turtlebot3_ws/src/turtlebot3/turtlebot3_node) by extension 'ros'
[0.341s] DEBUG:colcon.colcon_core.package_identification:Package '/home/rishi/turtlebot3_ws/src/turtlebot3/turtlebot3_node' with type 'ros.ament_cmake' and name 'turtlebot3_node'
[0.341s] Level 1:colcon.colcon_core.package_identification:_identify(/home/rishi/turtlebot3_ws/src/turtlebot3/turtlebot3_teleop) by extensions ['ignore', 'ignore_ament_install']
[0.341s] Level 1:colcon.colcon_core.package_identification:_identify(/home/rishi/turtlebot3_ws/src/turtlebot3/turtlebot3_teleop) by extension 'ignore'
[0.341s] Level 1:colcon.colcon_core.package_identification:_identify(/home/rishi/turtlebot3_ws/src/turtlebot3/turtlebot3_teleop) by extension 'ignore_ament_install'
[0.341s] Level 1:colcon.colcon_core.package_identification:_identify(/home/rishi/turtlebot3_ws/src/turtlebot3/turtlebot3_teleop) by extensions ['colcon_pkg']
[0.341s] Level 1:colcon.colcon_core.package_identification:_identify(/home/rishi/turtlebot3_ws/src/turtlebot3/turtlebot3_teleop) by extension 'colcon_pkg'
[0.341s] Level 1:colcon.colcon_core.package_identification:_identify(/home/rishi/turtlebot3_ws/src/turtlebot3/turtlebot3_teleop) by extensions ['colcon_meta']
[0.341s] Level 1:colcon.colcon_core.package_identification:_identify(/home/rishi/turtlebot3_ws/src/turtlebot3/turtlebot3_teleop) by extension 'colcon_meta'
[0.341s] Level 1:colcon.colcon_core.package_identification:_identify(/home/rishi/turtlebot3_ws/src/turtlebot3/turtlebot3_teleop) by extensions ['ros']
[0.341s] Level 1:colcon.colcon_core.package_identification:_identify(/home/rishi/turtlebot3_ws/src/turtlebot3/turtlebot3_teleop) by extension 'ros'
[0.342s] DEBUG:colcon.colcon_core.package_identification:Package '/home/rishi/turtlebot3_ws/src/turtlebot3/turtlebot3_teleop' with type 'ros.ament_python' and name 'turtlebot3_teleop'
[0.342s] Level 1:colcon.colcon_core.package_identification:_identify(/home/rishi/turtlebot3_ws/src/turtlebot3_gazebo) by extensions ['ignore', 'ignore_ament_install']
[0.342s] Level 1:colcon.colcon_core.package_identification:_identify(/home/rishi/turtlebot3_ws/src/turtlebot3_gazebo) by extension 'ignore'
[0.342s] Level 1:colcon.colcon_core.package_identification:_identify(/home/rishi/turtlebot3_ws/src/turtlebot3_gazebo) by extension 'ignore_ament_install'
[0.342s] Level 1:colcon.colcon_core.package_identification:_identify(/home/rishi/turtlebot3_ws/src/turtlebot3_gazebo) by extensions ['colcon_pkg']
[0.342s] Level 1:colcon.colcon_core.package_identification:_identify(/home/rishi/turtlebot3_ws/src/turtlebot3_gazebo) by extension 'colcon_pkg'
[0.342s] Level 1:colcon.colcon_core.package_identification:_identify(/home/rishi/turtlebot3_ws/src/turtlebot3_gazebo) by extensions ['colcon_meta']
[0.342s] Level 1:colcon.colcon_core.package_identification:_identify(/home/rishi/turtlebot3_ws/src/turtlebot3_gazebo) by extension 'colcon_meta'
[0.342s] Level 1:colcon.colcon_core.package_identification:_identify(/home/rishi/turtlebot3_ws/src/turtlebot3_gazebo) by extensions ['ros']
[0.342s] Level 1:colcon.colcon_core.package_identification:_identify(/home/rishi/turtlebot3_ws/src/turtlebot3_gazebo) by extension 'ros'
[0.342s] Level 1:colcon.colcon_core.package_identification:_identify(/home/rishi/turtlebot3_ws/src/turtlebot3_gazebo) by extensions ['cmake', 'python']
[0.342s] Level 1:colcon.colcon_core.package_identification:_identify(/home/rishi/turtlebot3_ws/src/turtlebot3_gazebo) by extension 'cmake'
[0.342s] Level 1:colcon.colcon_core.package_identification:_identify(/home/rishi/turtlebot3_ws/src/turtlebot3_gazebo) by extension 'python'
[0.342s] Level 1:colcon.colcon_core.package_identification:_identify(/home/rishi/turtlebot3_ws/src/turtlebot3_gazebo) by extensions ['python_setup_py']
[0.342s] Level 1:colcon.colcon_core.package_identification:_identify(/home/rishi/turtlebot3_ws/src/turtlebot3_gazebo) by extension 'python_setup_py'
[0.342s] Level 1:colcon.colcon_core.package_identification:_identify(/home/rishi/turtlebot3_ws/src/turtlebot3_gazebo/models) by extensions ['ignore', 'ignore_ament_install']
[0.343s] Level 1:colcon.colcon_core.package_identification:_identify(/home/rishi/turtlebot3_ws/src/turtlebot3_gazebo/models) by extension 'ignore'
[0.343s] Level 1:colcon.colcon_core.package_identification:_identify(/home/rishi/turtlebot3_ws/src/turtlebot3_gazebo/models) by extension 'ignore_ament_install'
[0.343s] Level 1:colcon.colcon_core.package_identification:_identify(/home/rishi/turtlebot3_ws/src/turtlebot3_gazebo/models) by extensions ['colcon_pkg']
[0.343s] Level 1:colcon.colcon_core.package_identification:_identify(/home/rishi/turtlebot3_ws/src/turtlebot3_gazebo/models) by extension 'colcon_pkg'
[0.343s] Level 1:colcon.colcon_core.package_identification:_identify(/home/rishi/turtlebot3_ws/src/turtlebot3_gazebo/models) by extensions ['colcon_meta']
[0.343s] Level 1:colcon.colcon_core.package_identification:_identify(/home/rishi/turtlebot3_ws/src/turtlebot3_gazebo/models) by extension 'colcon_meta'
[0.343s] Level 1:colcon.colcon_core.package_identification:_identify(/home/rishi/turtlebot3_ws/src/turtlebot3_gazebo/models) by extensions ['ros']
[0.343s] Level 1:colcon.colcon_core.package_identification:_identify(/home/rishi/turtlebot3_ws/src/turtlebot3_gazebo/models) by extension 'ros'
[0.343s] Level 1:colcon.colcon_core.package_identification:_identify(/home/rishi/turtlebot3_ws/src/turtlebot3_gazebo/models) by extensions ['cmake', 'python']
[0.343s] Level 1:colcon.colcon_core.package_identification:_identify(/home/rishi/turtlebot3_ws/src/turtlebot3_gazebo/models) by extension 'cmake'
[0.343s] Level 1:colcon.colcon_core.package_identification:_identify(/home/rishi/turtlebot3_ws/src/turtlebot3_gazebo/models) by extension 'python'
[0.343s] Level 1:colcon.colcon_core.package_identification:_identify(/home/rishi/turtlebot3_ws/src/turtlebot3_gazebo/models) by extensions ['python_setup_py']
[0.343s] Level 1:colcon.colcon_core.package_identification:_identify(/home/rishi/turtlebot3_ws/src/turtlebot3_gazebo/models) by extension 'python_setup_py'
[0.343s] Level 1:colcon.colcon_core.package_identification:_identify(/home/rishi/turtlebot3_ws/src/turtlebot3_gazebo/models/aruco_marker) by extensions ['ignore', 'ignore_ament_install']
[0.343s] Level 1:colcon.colcon_core.package_identification:_identify(/home/rishi/turtlebot3_ws/src/turtlebot3_gazebo/models/aruco_marker) by extension 'ignore'
[0.343s] Level 1:colcon.colcon_core.package_identification:_identify(/home/rishi/turtlebot3_ws/src/turtlebot3_gazebo/models/aruco_marker) by extension 'ignore_ament_install'
[0.343s] Level 1:colcon.colcon_core.package_identification:_identify(/home/rishi/turtlebot3_ws/src/turtlebot3_gazebo/models/aruco_marker) by extensions ['colcon_pkg']
[0.343s] Level 1:colcon.colcon_core.package_identification:_identify(/home/rishi/turtlebot3_ws/src/turtlebot3_gazebo/models/aruco_marker) by extension 'colcon_pkg'
[0.343s] Level 1:colcon.colcon_core.package_identification:_identify(/home/rishi/turtlebot3_ws/src/turtlebot3_gazebo/models/aruco_marker) by extensions ['colcon_meta']
[0.343s] Level 1:colcon.colcon_core.package_identification:_identify(/home/rishi/turtlebot3_ws/src/turtlebot3_gazebo/models/aruco_marker) by extension 'colcon_meta'
[0.343s] Level 1:colcon.colcon_core.package_identification:_identify(/home/rishi/turtlebot3_ws/src/turtlebot3_gazebo/models/aruco_marker) by extensions ['ros']
[0.344s] Level 1:colcon.colcon_core.package_identification:_identify(/home/rishi/turtlebot3_ws/src/turtlebot3_gazebo/models/aruco_marker) by extension 'ros'
[0.344s] Level 1:colcon.colcon_core.package_identification:_identify(/home/rishi/turtlebot3_ws/src/turtlebot3_gazebo/models/aruco_marker) by extensions ['cmake', 'python']
[0.344s] Level 1:colcon.colcon_core.package_identification:_identify(/home/rishi/turtlebot3_ws/src/turtlebot3_gazebo/models/aruco_marker) by extension 'cmake'
[0.344s] Level 1:colcon.colcon_core.package_identification:_identify(/home/rishi/turtlebot3_ws/src/turtlebot3_gazebo/models/aruco_marker) by extension 'python'
[0.344s] Level 1:colcon.colcon_core.package_identification:_identify(/home/rishi/turtlebot3_ws/src/turtlebot3_gazebo/models/aruco_marker) by extensions ['python_setup_py']
[0.344s] Level 1:colcon.colcon_core.package_identification:_identify(/home/rishi/turtlebot3_ws/src/turtlebot3_gazebo/models/aruco_marker) by extension 'python_setup_py'
[0.344s] Level 1:colcon.colcon_core.package_identification:_identify(/home/rishi/turtlebot3_ws/src/turtlebot3_gazebo/models/aruco_marker/materials) by extensions ['ignore', 'ignore_ament_install']
[0.344s] Level 1:colcon.colcon_core.package_identification:_identify(/home/rishi/turtlebot3_ws/src/turtlebot3_gazebo/models/aruco_marker/materials) by extension 'ignore'
[0.344s] Level 1:colcon.colcon_core.package_identification:_identify(/home/rishi/turtlebot3_ws/src/turtlebot3_gazebo/models/aruco_marker/materials) by extension 'ignore_ament_install'
[0.344s] Level 1:colcon.colcon_core.package_identification:_identify(/home/rishi/turtlebot3_ws/src/turtlebot3_gazebo/models/aruco_marker/materials) by extensions ['colcon_pkg']
[0.344s] Level 1:colcon.colcon_core.package_identification:_identify(/home/rishi/turtlebot3_ws/src/turtlebot3_gazebo/models/aruco_marker/materials) by extension 'colcon_pkg'
[0.344s] Level 1:colcon.colcon_core.package_identification:_identify(/home/rishi/turtlebot3_ws/src/turtlebot3_gazebo/models/aruco_marker/materials) by extensions ['colcon_meta']
[0.344s] Level 1:colcon.colcon_core.package_identification:_identify(/home/rishi/turtlebot3_ws/src/turtlebot3_gazebo/models/aruco_marker/materials) by extension 'colcon_meta'
[0.344s] Level 1:colcon.colcon_core.package_identification:_identify(/home/rishi/turtlebot3_ws/src/turtlebot3_gazebo/models/aruco_marker/materials) by extensions ['ros']
[0.344s] Level 1:colcon.colcon_core.package_identification:_identify(/home/rishi/turtlebot3_ws/src/turtlebot3_gazebo/models/aruco_marker/materials) by extension 'ros'
[0.344s] Level 1:colcon.colcon_core.package_identification:_identify(/home/rishi/turtlebot3_ws/src/turtlebot3_gazebo/models/aruco_marker/materials) by extensions ['cmake', 'python']
[0.344s] Level 1:colcon.colcon_core.package_identification:_identify(/home/rishi/turtlebot3_ws/src/turtlebot3_gazebo/models/aruco_marker/materials) by extension 'cmake'
[0.344s] Level 1:colcon.colcon_core.package_identification:_identify(/home/rishi/turtlebot3_ws/src/turtlebot3_gazebo/models/aruco_marker/materials) by extension 'python'
[0.344s] Level 1:colcon.colcon_core.package_identification:_identify(/home/rishi/turtlebot3_ws/src/turtlebot3_gazebo/models/aruco_marker/materials) by extensions ['python_setup_py']
[0.344s] Level 1:colcon.colcon_core.package_identification:_identify(/home/rishi/turtlebot3_ws/src/turtlebot3_gazebo/models/aruco_marker/materials) by extension 'python_setup_py'
[0.344s] Level 1:colcon.colcon_core.package_identification:_identify(/home/rishi/turtlebot3_ws/src/turtlebot3_gazebo/models/aruco_marker/materials/scripts) by extensions ['ignore', 'ignore_ament_install']
[0.344s] Level 1:colcon.colcon_core.package_identification:_identify(/home/rishi/turtlebot3_ws/src/turtlebot3_gazebo/models/aruco_marker/materials/scripts) by extension 'ignore'
[0.344s] Level 1:colcon.colcon_core.package_identification:_identify(/home/rishi/turtlebot3_ws/src/turtlebot3_gazebo/models/aruco_marker/materials/scripts) by extension 'ignore_ament_install'
[0.345s] Level 1:colcon.colcon_core.package_identification:_identify(/home/rishi/turtlebot3_ws/src/turtlebot3_gazebo/models/aruco_marker/materials/scripts) by extensions ['colcon_pkg']
[0.345s] Level 1:colcon.colcon_core.package_identification:_identify(/home/rishi/turtlebot3_ws/src/turtlebot3_gazebo/models/aruco_marker/materials/scripts) by extension 'colcon_pkg'
[0.345s] Level 1:colcon.colcon_core.package_identification:_identify(/home/rishi/turtlebot3_ws/src/turtlebot3_gazebo/models/aruco_marker/materials/scripts) by extensions ['colcon_meta']
[0.345s] Level 1:colcon.colcon_core.package_identification:_identify(/home/rishi/turtlebot3_ws/src/turtlebot3_gazebo/models/aruco_marker/materials/scripts) by extension 'colcon_meta'
[0.345s] Level 1:colcon.colcon_core.package_identification:_identify(/home/rishi/turtlebot3_ws/src/turtlebot3_gazebo/models/aruco_marker/materials/scripts) by extensions ['ros']
[0.345s] Level 1:colcon.colcon_core.package_identification:_identify(/home/rishi/turtlebot3_ws/src/turtlebot3_gazebo/models/aruco_marker/materials/scripts) by extension 'ros'
[0.345s] Level 1:colcon.colcon_core.package_identification:_identify(/home/rishi/turtlebot3_ws/src/turtlebot3_gazebo/models/aruco_marker/materials/scripts) by extensions ['cmake', 'python']
[0.345s] Level 1:colcon.colcon_core.package_identification:_identify(/home/rishi/turtlebot3_ws/src/turtlebot3_gazebo/models/aruco_marker/materials/scripts) by extension 'cmake'
[0.345s] Level 1:colcon.colcon_core.package_identification:_identify(/home/rishi/turtlebot3_ws/src/turtlebot3_gazebo/models/aruco_marker/materials/scripts) by extension 'python'
[0.345s] Level 1:colcon.colcon_core.package_identification:_identify(/home/rishi/turtlebot3_ws/src/turtlebot3_gazebo/models/aruco_marker/materials/scripts) by extensions ['python_setup_py']
[0.345s] Level 1:colcon.colcon_core.package_identification:_identify(/home/rishi/turtlebot3_ws/src/turtlebot3_gazebo/models/aruco_marker/materials/scripts) by extension 'python_setup_py'
[0.345s] Level 1:colcon.colcon_core.package_identification:_identify(/home/rishi/turtlebot3_ws/src/turtlebot3_gazebo/models/aruco_marker/materials/textures) by extensions ['ignore', 'ignore_ament_install']
[0.345s] Level 1:colcon.colcon_core.package_identification:_identify(/home/rishi/turtlebot3_ws/src/turtlebot3_gazebo/models/aruco_marker/materials/textures) by extension 'ignore'
[0.345s] Level 1:colcon.colcon_core.package_identification:_identify(/home/rishi/turtlebot3_ws/src/turtlebot3_gazebo/models/aruco_marker/materials/textures) by extension 'ignore_ament_install'
[0.345s] Level 1:colcon.colcon_core.package_identification:_identify(/home/rishi/turtlebot3_ws/src/turtlebot3_gazebo/models/aruco_marker/materials/textures) by extensions ['colcon_pkg']
[0.345s] Level 1:colcon.colcon_core.package_identification:_identify(/home/rishi/turtlebot3_ws/src/turtlebot3_gazebo/models/aruco_marker/materials/textures) by extension 'colcon_pkg'
[0.345s] Level 1:colcon.colcon_core.package_identification:_identify(/home/rishi/turtlebot3_ws/src/turtlebot3_gazebo/models/aruco_marker/materials/textures) by extensions ['colcon_meta']
[0.345s] Level 1:colcon.colcon_core.package_identification:_identify(/home/rishi/turtlebot3_ws/src/turtlebot3_gazebo/models/aruco_marker/materials/textures) by extension 'colcon_meta'
[0.345s] Level 1:colcon.colcon_core.package_identification:_identify(/home/rishi/turtlebot3_ws/src/turtlebot3_gazebo/models/aruco_marker/materials/textures) by extensions ['ros']
[0.345s] Level 1:colcon.colcon_core.package_identification:_identify(/home/rishi/turtlebot3_ws/src/turtlebot3_gazebo/models/aruco_marker/materials/textures) by extension 'ros'
[0.345s] Level 1:colcon.colcon_core.package_identification:_identify(/home/rishi/turtlebot3_ws/src/turtlebot3_gazebo/models/aruco_marker/materials/textures) by extensions ['cmake', 'python']
[0.345s] Level 1:colcon.colcon_core.package_identification:_identify(/home/rishi/turtlebot3_ws/src/turtlebot3_gazebo/models/aruco_marker/materials/textures) by extension 'cmake'
[0.345s] Level 1:colcon.colcon_core.package_identification:_identify(/home/rishi/turtlebot3_ws/src/turtlebot3_gazebo/models/aruco_marker/materials/textures) by extension 'python'
[0.345s] Level 1:colcon.colcon_core.package_identification:_identify(/home/rishi/turtlebot3_ws/src/turtlebot3_gazebo/models/aruco_marker/materials/textures) by extensions ['python_setup_py']
[0.345s] Level 1:colcon.colcon_core.package_identification:_identify(/home/rishi/turtlebot3_ws/src/turtlebot3_gazebo/models/aruco_marker/materials/textures) by extension 'python_setup_py'
[0.346s] Level 1:colcon.colcon_core.package_identification:_identify(/home/rishi/turtlebot3_ws/src/turtlebot3_msgs) by extensions ['ignore', 'ignore_ament_install']
[0.346s] Level 1:colcon.colcon_core.package_identification:_identify(/home/rishi/turtlebot3_ws/src/turtlebot3_msgs) by extension 'ignore'
[0.346s] Level 1:colcon.colcon_core.package_identification:_identify(/home/rishi/turtlebot3_ws/src/turtlebot3_msgs) by extension 'ignore_ament_install'
[0.346s] Level 1:colcon.colcon_core.package_identification:_identify(/home/rishi/turtlebot3_ws/src/turtlebot3_msgs) by extensions ['colcon_pkg']
[0.346s] Level 1:colcon.colcon_core.package_identification:_identify(/home/rishi/turtlebot3_ws/src/turtlebot3_msgs) by extension 'colcon_pkg'
[0.346s] Level 1:colcon.colcon_core.package_identification:_identify(/home/rishi/turtlebot3_ws/src/turtlebot3_msgs) by extensions ['colcon_meta']
[0.346s] Level 1:colcon.colcon_core.package_identification:_identify(/home/rishi/turtlebot3_ws/src/turtlebot3_msgs) by extension 'colcon_meta'
[0.346s] Level 1:colcon.colcon_core.package_identification:_identify(/home/rishi/turtlebot3_ws/src/turtlebot3_msgs) by extensions ['ros']
[0.346s] Level 1:colcon.colcon_core.package_identification:_identify(/home/rishi/turtlebot3_ws/src/turtlebot3_msgs) by extension 'ros'
[0.346s] DEBUG:colcon.colcon_core.package_identification:Package '/home/rishi/turtlebot3_ws/src/turtlebot3_msgs' with type 'ros.ament_cmake' and name 'turtlebot3_msgs'
[0.347s] Level 1:colcon.colcon_core.package_identification:_identify(/home/rishi/turtlebot3_ws/src/turtlebot3_simulations) by extensions ['ignore', 'ignore_ament_install']
[0.347s] Level 1:colcon.colcon_core.package_identification:_identify(/home/rishi/turtlebot3_ws/src/turtlebot3_simulations) by extension 'ignore'
[0.347s] Level 1:colcon.colcon_core.package_identification:_identify(/home/rishi/turtlebot3_ws/src/turtlebot3_simulations) by extension 'ignore_ament_install'
[0.347s] Level 1:colcon.colcon_core.package_identification:_identify(/home/rishi/turtlebot3_ws/src/turtlebot3_simulations) by extensions ['colcon_pkg']
[0.347s] Level 1:colcon.colcon_core.package_identification:_identify(/home/rishi/turtlebot3_ws/src/turtlebot3_simulations) by extension 'colcon_pkg'
[0.347s] Level 1:colcon.colcon_core.package_identification:_identify(/home/rishi/turtlebot3_ws/src/turtlebot3_simulations) by extensions ['colcon_meta']
[0.347s] Level 1:colcon.colcon_core.package_identification:_identify(/home/rishi/turtlebot3_ws/src/turtlebot3_simulations) by extension 'colcon_meta'
[0.347s] Level 1:colcon.colcon_core.package_identification:_identify(/home/rishi/turtlebot3_ws/src/turtlebot3_simulations) by extensions ['ros']
[0.347s] Level 1:colcon.colcon_core.package_identification:_identify(/home/rishi/turtlebot3_ws/src/turtlebot3_simulations) by extension 'ros'
[0.347s] Level 1:colcon.colcon_core.package_identification:_identify(/home/rishi/turtlebot3_ws/src/turtlebot3_simulations) by extensions ['cmake', 'python']
[0.347s] Level 1:colcon.colcon_core.package_identification:_identify(/home/rishi/turtlebot3_ws/src/turtlebot3_simulations) by extension 'cmake'
[0.347s] Level 1:colcon.colcon_core.package_identification:_identify(/home/rishi/turtlebot3_ws/src/turtlebot3_simulations) by extension 'python'
[0.347s] Level 1:colcon.colcon_core.package_identification:_identify(/home/rishi/turtlebot3_ws/src/turtlebot3_simulations) by extensions ['python_setup_py']
[0.347s] Level 1:colcon.colcon_core.package_identification:_identify(/home/rishi/turtlebot3_ws/src/turtlebot3_simulations) by extension 'python_setup_py'
[0.347s] Level 1:colcon.colcon_core.package_identification:_identify(/home/rishi/turtlebot3_ws/src/turtlebot3_simulations/turtlebot3_fake_node) by extensions ['ignore', 'ignore_ament_install']
[0.347s] Level 1:colcon.colcon_core.package_identification:_identify(/home/rishi/turtlebot3_ws/src/turtlebot3_simulations/turtlebot3_fake_node) by extension 'ignore'
[0.347s] Level 1:colcon.colcon_core.package_identification:_identify(/home/rishi/turtlebot3_ws/src/turtlebot3_simulations/turtlebot3_fake_node) by extension 'ignore_ament_install'
[0.347s] Level 1:colcon.colcon_core.package_identification:_identify(/home/rishi/turtlebot3_ws/src/turtlebot3_simulations/turtlebot3_fake_node) by extensions ['colcon_pkg']
[0.347s] Level 1:colcon.colcon_core.package_identification:_identify(/home/rishi/turtlebot3_ws/src/turtlebot3_simulations/turtlebot3_fake_node) by extension 'colcon_pkg'
[0.347s] Level 1:colcon.colcon_core.package_identification:_identify(/home/rishi/turtlebot3_ws/src/turtlebot3_simulations/turtlebot3_fake_node) by extensions ['colcon_meta']
[0.347s] Level 1:colcon.colcon_core.package_identification:_identify(/home/rishi/turtlebot3_ws/src/turtlebot3_simulations/turtlebot3_fake_node) by extension 'colcon_meta'
[0.347s] Level 1:colcon.colcon_core.package_identification:_identify(/home/rishi/turtlebot3_ws/src/turtlebot3_simulations/turtlebot3_fake_node) by extensions ['ros']
[0.347s] Level 1:colcon.colcon_core.package_identification:_identify(/home/rishi/turtlebot3_ws/src/turtlebot3_simulations/turtlebot3_fake_node) by extension 'ros'
[0.348s] DEBUG:colcon.colcon_core.package_identification:Package '/home/rishi/turtlebot3_ws/src/turtlebot3_simulations/turtlebot3_fake_node' with type 'ros.ament_cmake' and name 'turtlebot3_fake_node'
[0.348s] Level 1:colcon.colcon_core.package_identification:_identify(/home/rishi/turtlebot3_ws/src/turtlebot3_simulations/turtlebot3_gazebo) by extensions ['ignore', 'ignore_ament_install']
[0.348s] Level 1:colcon.colcon_core.package_identification:_identify(/home/rishi/turtlebot3_ws/src/turtlebot3_simulations/turtlebot3_gazebo) by extension 'ignore'
[0.348s] Level 1:colcon.colcon_core.package_identification:_identify(/home/rishi/turtlebot3_ws/src/turtlebot3_simulations/turtlebot3_gazebo) by extension 'ignore_ament_install'
[0.348s] Level 1:colcon.colcon_core.package_identification:_identify(/home/rishi/turtlebot3_ws/src/turtlebot3_simulations/turtlebot3_gazebo) by extensions ['colcon_pkg']
[0.348s] Level 1:colcon.colcon_core.package_identification:_identify(/home/rishi/turtlebot3_ws/src/turtlebot3_simulations/turtlebot3_gazebo) by extension 'colcon_pkg'
[0.348s] Level 1:colcon.colcon_core.package_identification:_identify(/home/rishi/turtlebot3_ws/src/turtlebot3_simulations/turtlebot3_gazebo) by extensions ['colcon_meta']
[0.349s] Level 1:colcon.colcon_core.package_identification:_identify(/home/rishi/turtlebot3_ws/src/turtlebot3_simulations/turtlebot3_gazebo) by extension 'colcon_meta'
[0.349s] Level 1:colcon.colcon_core.package_identification:_identify(/home/rishi/turtlebot3_ws/src/turtlebot3_simulations/turtlebot3_gazebo) by extensions ['ros']
[0.349s] Level 1:colcon.colcon_core.package_identification:_identify(/home/rishi/turtlebot3_ws/src/turtlebot3_simulations/turtlebot3_gazebo) by extension 'ros'
[0.349s] DEBUG:colcon.colcon_core.package_identification:Package '/home/rishi/turtlebot3_ws/src/turtlebot3_simulations/turtlebot3_gazebo' with type 'ros.ament_cmake' and name 'turtlebot3_gazebo'
[0.350s] Level 1:colcon.colcon_core.package_identification:_identify(/home/rishi/turtlebot3_ws/src/turtlebot3_simulations/turtlebot3_simulations) by extensions ['ignore', 'ignore_ament_install']
[0.350s] Level 1:colcon.colcon_core.package_identification:_identify(/home/rishi/turtlebot3_ws/src/turtlebot3_simulations/turtlebot3_simulations) by extension 'ignore'
[0.350s] Level 1:colcon.colcon_core.package_identification:_identify(/home/rishi/turtlebot3_ws/src/turtlebot3_simulations/turtlebot3_simulations) by extension 'ignore_ament_install'
[0.350s] Level 1:colcon.colcon_core.package_identification:_identify(/home/rishi/turtlebot3_ws/src/turtlebot3_simulations/turtlebot3_simulations) by extensions ['colcon_pkg']
[0.350s] Level 1:colcon.colcon_core.package_identification:_identify(/home/rishi/turtlebot3_ws/src/turtlebot3_simulations/turtlebot3_simulations) by extension 'colcon_pkg'
[0.350s] Level 1:colcon.colcon_core.package_identification:_identify(/home/rishi/turtlebot3_ws/src/turtlebot3_simulations/turtlebot3_simulations) by extensions ['colcon_meta']
[0.350s] Level 1:colcon.colcon_core.package_identification:_identify(/home/rishi/turtlebot3_ws/src/turtlebot3_simulations/turtlebot3_simulations) by extension 'colcon_meta'
[0.350s] Level 1:colcon.colcon_core.package_identification:_identify(/home/rishi/turtlebot3_ws/src/turtlebot3_simulations/turtlebot3_simulations) by extensions ['ros']
[0.350s] Level 1:colcon.colcon_core.package_identification:_identify(/home/rishi/turtlebot3_ws/src/turtlebot3_simulations/turtlebot3_simulations) by extension 'ros'
[0.351s] DEBUG:colcon.colcon_core.package_identification:Package '/home/rishi/turtlebot3_ws/src/turtlebot3_simulations/turtlebot3_simulations' with type 'ros.ament_cmake' and name 'turtlebot3_simulations'
[0.351s] Level 1:colcon.colcon_core.package_discovery:discover_packages(recursive) using defaults
