[1.168s] Invoking command in '/home/rishi/turtlebot3_ws/src/aruco_marker_detection': PYTHONPATH=/home/rishi/turtlebot3_ws/build/aruco_marker_detection/prefix_override:/usr/lib/python3/dist-packages/colcon_core/task/python/colcon_distutils_commands:/home/rishi/turtlebot3_ws/install/aruco_marker_detection/lib/python3.10/site-packages:${PYTHONPATH} /usr/bin/python3 -W ignore:setup.py install is deprecated -W ignore:easy_install command is deprecated setup.py egg_info --egg-base ../../build/aruco_marker_detection build --build-base /home/rishi/turtlebot3_ws/build/aruco_marker_detection/build install --record /home/rishi/turtlebot3_ws/build/aruco_marker_detection/install.log --single-version-externally-managed install_data
[1.456s] running egg_info
[1.467s] writing ../../build/aruco_marker_detection/aruco_marker_detection.egg-info/PKG-INFO
[1.467s] writing dependency_links to ../../build/aruco_marker_detection/aruco_marker_detection.egg-info/dependency_links.txt
[1.467s] writing entry points to ../../build/aruco_marker_detection/aruco_marker_detection.egg-info/entry_points.txt
[1.467s] writing requirements to ../../build/aruco_marker_detection/aruco_marker_detection.egg-info/requires.txt
[1.467s] writing top-level names to ../../build/aruco_marker_detection/aruco_marker_detection.egg-info/top_level.txt
[1.489s] reading manifest file '../../build/aruco_marker_detection/aruco_marker_detection.egg-info/SOURCES.txt'
[1.490s] writing manifest file '../../build/aruco_marker_detection/aruco_marker_detection.egg-info/SOURCES.txt'
[1.490s] running build
[1.490s] running build_py
[1.490s] copying aruco_marker_detection/aruco_detection_node.py -> /home/rishi/turtlebot3_ws/build/aruco_marker_detection/build/lib/aruco_marker_detection
[1.490s] running install
[1.494s] running install_lib
[1.505s] copying /home/rishi/turtlebot3_ws/build/aruco_marker_detection/build/lib/aruco_marker_detection/aruco_detection_node.py -> /home/rishi/turtlebot3_ws/install/aruco_marker_detection/lib/python3.10/site-packages/aruco_marker_detection
[1.506s] byte-compiling /home/rishi/turtlebot3_ws/install/aruco_marker_detection/lib/python3.10/site-packages/aruco_marker_detection/aruco_detection_node.py to aruco_detection_node.cpython-310.pyc
[1.507s] running install_data
[1.507s] running install_egg_info
[1.519s] removing '/home/rishi/turtlebot3_ws/install/aruco_marker_detection/lib/python3.10/site-packages/aruco_marker_detection-0.0.0-py3.10.egg-info' (and everything under it)
[1.520s] Copying ../../build/aruco_marker_detection/aruco_marker_detection.egg-info to /home/rishi/turtlebot3_ws/install/aruco_marker_detection/lib/python3.10/site-packages/aruco_marker_detection-0.0.0-py3.10.egg-info
[1.520s] running install_scripts
[1.568s] Installing aruco_detection_node script to /home/rishi/turtlebot3_ws/install/aruco_marker_detection/lib/aruco_marker_detection
[1.568s] writing list of installed files to '/home/rishi/turtlebot3_ws/build/aruco_marker_detection/install.log'
[1.608s] Invoked command in '/home/rishi/turtlebot3_ws/src/aruco_marker_detection' returned '0': PYTHONPATH=/home/rishi/turtlebot3_ws/build/aruco_marker_detection/prefix_override:/usr/lib/python3/dist-packages/colcon_core/task/python/colcon_distutils_commands:/home/rishi/turtlebot3_ws/install/aruco_marker_detection/lib/python3.10/site-packages:${PYTHONPATH} /usr/bin/python3 -W ignore:setup.py install is deprecated -W ignore:easy_install command is deprecated setup.py egg_info --egg-base ../../build/aruco_marker_detection build --build-base /home/rishi/turtlebot3_ws/build/aruco_marker_detection/build install --record /home/rishi/turtlebot3_ws/build/aruco_marker_detection/install.log --single-version-externally-managed install_data
